2024-05-24 12:54:00.684Z;functions.extrato_excel.2249:  arquivos_xls ['BTG - 001464585 - Completo.xlsx']
2024-05-24 12:54:00.686Z;functions.extrato_excel.2253:  arquivo_xls BTG - 001464585 - Completo.xlsx
2024-05-24 12:54:00.857Z;functions.extrato_excel.2257:  dados      Unnamed: 0                 Data                                          Descrição Lançamento R$     Saldo R$
0           NaN  2024-04-01 00:00:00                                     Saldo Anterior           NaN     34635.03
1           NaN  2024-04-01 00:00:00  DÉBITO EM C/C VIA CIP - OCEANICA ENGENHARIA E ...        -34600        35.03
2           NaN  2024-04-01 00:00:00  TRANSFERÊNCIA A CRÉDITO VIA PIX - OCEANICA ENG...        500000    500035.03
3           NaN  2024-04-03 00:00:00                                       IOF S/CAMBIO       -151.94    499883.09
4           NaN  2024-04-03 00:00:00                                       IOF S/CAMBIO        -77.12    499805.97
..          ...                  ...                                                ...           ...          ...
184         NaN  2024-04-29 00:00:00  DÉBITO EM C/C VIA CIP - OCEANICA ENGENHARIA E ...      -1000000    183349.51
185         NaN  2024-04-30 00:00:00  TRANSFERÊNCIA A CRÉDITO VIA PIX - OCEANICA ENG...      10000000  10183349.51
186         NaN  2024-04-30 00:00:00  Saldo Final + Rendimento Provisionado de Saldo...             -  10183349.51
187         NaN    Total de Créditos                                                NaN      24500000          NaN
188         NaN     Total de Débitos                                                NaN  -14351285.52          NaN

[189 rows x 5 columns]
2024-05-24 12:54:00.871Z;functions.extrato_excel.2283:  {'data': '01/04/2024', 'descricao': 'Saldo Anterior', 'valor': 'nan,00'}
2024-05-24 12:54:00.873Z;functions.extrato_excel.2283:  {'data': '01/04/2024', 'descricao': 'DÉBITO EM C/C VIA CIP - OCEANICA ENGENHARIA E CONSULTORIA SA', 'valor': '34600,00'}
2024-05-24 12:54:00.874Z;functions.extrato_excel.2283:  {'data': '01/04/2024', 'descricao': 'TRANSFERÊNCIA A CRÉDITO VIA PIX - OCEANICA ENGENHARIA E CONSULTORIA S.A.', 'valor': '500000,00'}
2024-05-24 12:54:00.876Z;functions.extrato_excel.2283:  {'data': '03/04/2024', 'descricao': 'IOF S/CAMBIO', 'valor': '151,94'}
2024-05-24 12:54:00.877Z;functions.extrato_excel.2283:  {'data': '03/04/2024', 'descricao': 'IOF S/CAMBIO', 'valor': '77,12'}
2024-05-24 12:54:00.879Z;functions.extrato_excel.2283:  {'data': '03/04/2024', 'descricao': 'IOF S/CAMBIO', 'valor': '1036,87'}
2024-05-24 12:54:00.883Z;functions.extrato_excel.2283:  {'data': '03/04/2024', 'descricao': 'IOF S/CAMBIO', 'valor': '103,38'}
2024-05-24 12:54:00.885Z;functions.extrato_excel.2283:  {'data': '03/04/2024', 'descricao': 'LIQ CAMBIO', 'valor': '39985,49'}
2024-05-24 12:54:00.887Z;functions.extrato_excel.2283:  {'data': '03/04/2024', 'descricao': 'LIQ CAMBIO', 'valor': '20294,84'}
2024-05-24 12:54:00.888Z;functions.extrato_excel.2283:  {'data': '03/04/2024', 'descricao': 'LIQ CAMBIO', 'valor': '272861,32'}
2024-05-24 12:54:00.890Z;functions.extrato_excel.2283:  {'data': '03/04/2024', 'descricao': 'LIQ CAMBIO', 'valor': '27205,99'}
2024-05-24 12:54:00.892Z;functions.extrato_excel.2283:  {'data': '05/04/2024', 'descricao': 'LIQ CAMBIO', 'valor': '15121,63'}
2024-05-24 12:54:00.893Z;functions.extrato_excel.2283:  {'data': '05/04/2024', 'descricao': 'LIQ CAMBIO', 'valor': '18384,92'}
2024-05-24 12:54:00.895Z;functions.extrato_excel.2283:  {'data': '05/04/2024', 'descricao': 'LIQ CAMBIO', 'valor': '25161,34'}
2024-05-24 12:54:00.897Z;functions.extrato_excel.2283:  {'data': '05/04/2024', 'descricao': 'IOF S/CAMBIO', 'valor': '193,16'}
2024-05-24 12:54:00.899Z;functions.extrato_excel.2283:  {'data': '05/04/2024', 'descricao': 'LIQ CAMBIO', 'valor': '50831,00'}
2024-05-24 12:54:00.901Z;functions.extrato_excel.2283:  {'data': '05/04/2024', 'descricao': 'PAG DARF 0473 - OCEANICA ENGENHARIA E CONSULTORIA', 'valor': '9531,00'}
2024-05-24 12:54:00.903Z;functions.extrato_excel.2283:  {'data': '05/04/2024', 'descricao': 'PAG DARF 8741 - OCEANICA ENGENHARIA E CONSULTORIA', 'valor': '6354,00'}
2024-05-24 12:54:00.905Z;functions.extrato_excel.2283:  {'data': '05/04/2024', 'descricao': 'PAG DARF 5442 - OCEANICA ENGENHARIA E CONSULTORIA', 'valor': '5008,24'}
2024-05-24 12:54:00.906Z;functions.extrato_excel.2283:  {'data': '05/04/2024', 'descricao': 'PAG DARF 5434 - OCEANICA ENGENHARIA E CONSULTORIA', 'valor': '1087,32'}
2024-05-24 12:54:00.908Z;functions.extrato_excel.2283:  {'data': '15/04/2024', 'descricao': 'TRANSFERÊNCIA A CRÉDITO VIA PIX - OCEANICA ENGENHARIA E CONSULTORIA S.A.', 'valor': '14000000,00'}
2024-05-24 12:54:00.910Z;functions.extrato_excel.2283:  {'data': '15/04/2024', 'descricao': 'LIQ CAMBIO', 'valor': '37632,1'}
2024-05-24 12:54:00.913Z;functions.extrato_excel.2283:  {'data': '15/04/2024', 'descricao': 'LIQ CAMBIO', 'valor': '6899,61'}
2024-05-24 12:54:00.915Z;functions.extrato_excel.2283:  {'data': '15/04/2024', 'descricao': 'LIQ CAMBIO', 'valor': '31834,55'}
2024-05-24 12:54:00.917Z;functions.extrato_excel.2283:  {'data': '15/04/2024', 'descricao': 'LIQ CAMBIO', 'valor': '184838,75'}
2024-05-24 12:54:00.919Z;functions.extrato_excel.2283:  {'data': '15/04/2024', 'descricao': 'LIQ CAMBIO', 'valor': '72291,99'}
2024-05-24 12:54:00.921Z;functions.extrato_excel.2283:  {'data': '15/04/2024', 'descricao': 'LIQ CAMBIO', 'valor': '1967,79'}
2024-05-24 12:54:00.923Z;functions.extrato_excel.2283:  {'data': '15/04/2024', 'descricao': 'LIQ CAMBIO', 'valor': '786114,52'}
2024-05-24 12:54:00.925Z;functions.extrato_excel.2283:  {'data': '15/04/2024', 'descricao': 'LIQ CAMBIO', 'valor': '6285,02'}
2024-05-24 12:54:00.927Z;functions.extrato_excel.2283:  {'data': '15/04/2024', 'descricao': 'LIQ CAMBIO', 'valor': '2164,33'}
2024-05-24 12:54:00.938Z;functions.extrato_excel.2283:  {'data': '15/04/2024', 'descricao': 'LIQ CAMBIO', 'valor': '14039,63'}
2024-05-24 12:54:00.945Z;functions.extrato_excel.2283:  {'data': '15/04/2024', 'descricao': 'LIQ CAMBIO', 'valor': '28679,11'}
2024-05-24 12:54:00.947Z;functions.extrato_excel.2283:  {'data': '15/04/2024', 'descricao': 'LIQ CAMBIO', 'valor': '13915,43'}
2024-05-24 12:54:00.949Z;functions.extrato_excel.2283:  {'data': '15/04/2024', 'descricao': 'LIQ CAMBIO', 'valor': '139641,68'}
2024-05-24 12:54:00.951Z;functions.extrato_excel.2283:  {'data': '15/04/2024', 'descricao': 'LIQ CAMBIO', 'valor': '1664704,98'}
2024-05-24 12:54:00.952Z;functions.extrato_excel.2283:  {'data': '15/04/2024', 'descricao': 'LIQ CAMBIO', 'valor': '12977,65'}
2024-05-24 12:54:00.954Z;functions.extrato_excel.2283:  {'data': '15/04/2024', 'descricao': 'LIQ CAMBIO', 'valor': '7172,28'}
2024-05-24 12:54:00.956Z;functions.extrato_excel.2283:  {'data': '15/04/2024', 'descricao': 'LIQ CAMBIO', 'valor': '18717,3'}
2024-05-24 12:54:00.958Z;functions.extrato_excel.2283:  {'data': '15/04/2024', 'descricao': 'LIQ CAMBIO', 'valor': '31570,56'}
2024-05-24 12:54:00.959Z;functions.extrato_excel.2283:  {'data': '15/04/2024', 'descricao': 'LIQ CAMBIO', 'valor': '60682,5'}
2024-05-24 12:54:00.961Z;functions.extrato_excel.2283:  {'data': '15/04/2024', 'descricao': 'LIQ CAMBIO', 'valor': '4526,26'}
2024-05-24 12:54:00.963Z;functions.extrato_excel.2283:  {'data': '15/04/2024', 'descricao': 'LIQ CAMBIO', 'valor': '7503,59'}
2024-05-24 12:54:00.964Z;functions.extrato_excel.2283:  {'data': '15/04/2024', 'descricao': 'LIQ CAMBIO', 'valor': '5375,19'}
2024-05-24 12:54:00.966Z;functions.extrato_excel.2283:  {'data': '15/04/2024', 'descricao': 'LIQ CAMBIO', 'valor': '15785,28'}
2024-05-24 12:54:00.968Z;functions.extrato_excel.2283:  {'data': '15/04/2024', 'descricao': 'LIQ CAMBIO', 'valor': '85760,74'}
2024-05-24 12:54:00.969Z;functions.extrato_excel.2283:  {'data': '15/04/2024', 'descricao': 'LIQ CAMBIO', 'valor': '15785,28'}
2024-05-24 12:54:00.971Z;functions.extrato_excel.2283:  {'data': '18/04/2024', 'descricao': 'LIQ CAMBIO', 'valor': '173672,16'}
2024-05-24 12:54:00.973Z;functions.extrato_excel.2283:  {'data': '18/04/2024', 'descricao': 'LIQ CAMBIO', 'valor': '4695,33'}
2024-05-24 12:54:00.975Z;functions.extrato_excel.2283:  {'data': '18/04/2024', 'descricao': 'LIQ CAMBIO', 'valor': '98607,12'}
2024-05-24 12:54:00.977Z;functions.extrato_excel.2283:  {'data': '18/04/2024', 'descricao': 'LIQ CAMBIO', 'valor': '2755,08'}
2024-05-24 12:54:00.982Z;functions.extrato_excel.2283:  {'data': '18/04/2024', 'descricao': 'LIQ CAMBIO', 'valor': '15712,76'}
2024-05-24 12:54:00.984Z;functions.extrato_excel.2283:  {'data': '18/04/2024', 'descricao': 'LIQ CAMBIO', 'valor': '8460,9'}
2024-05-24 12:54:00.986Z;functions.extrato_excel.2283:  {'data': '18/04/2024', 'descricao': 'LIQ CAMBIO', 'valor': '17523,57'}
2024-05-24 12:54:00.991Z;functions.extrato_excel.2283:  {'data': '18/04/2024', 'descricao': 'LIQ CAMBIO', 'valor': '13062,5'}
2024-05-24 12:54:00.992Z;functions.extrato_excel.2283:  {'data': '18/04/2024', 'descricao': 'LIQ CAMBIO', 'valor': '7529,86'}
2024-05-24 12:54:00.994Z;functions.extrato_excel.2283:  {'data': '18/04/2024', 'descricao': 'LIQ CAMBIO', 'valor': '3156,56'}
2024-05-24 12:54:00.996Z;functions.extrato_excel.2283:  {'data': '18/04/2024', 'descricao': 'LIQ CAMBIO', 'valor': '3639,67'}
2024-05-24 12:54:00.998Z;functions.extrato_excel.2283:  {'data': '18/04/2024', 'descricao': 'LIQ CAMBIO', 'valor': '184916,27'}
2024-05-24 12:54:01.000Z;functions.extrato_excel.2283:  {'data': '18/04/2024', 'descricao': 'LIQ CAMBIO', 'valor': '357,52'}
2024-05-24 12:54:01.002Z;functions.extrato_excel.2283:  {'data': '18/04/2024', 'descricao': 'LIQ CAMBIO', 'valor': '3833,06'}
2024-05-24 12:54:01.003Z;functions.extrato_excel.2283:  {'data': '18/04/2024', 'descricao': 'LIQ CAMBIO', 'valor': '15513,47'}
2024-05-24 12:54:01.023Z;functions.extrato_excel.2283:  {'data': '18/04/2024', 'descricao': 'LIQ CAMBIO', 'valor': '568,24'}
2024-05-24 12:54:01.029Z;functions.extrato_excel.2283:  {'data': '18/04/2024', 'descricao': 'LIQ CAMBIO', 'valor': '44390,24'}
2024-05-24 12:54:01.031Z;functions.extrato_excel.2283:  {'data': '18/04/2024', 'descricao': 'LIQ CAMBIO', 'valor': '789,93'}
2024-05-24 12:54:01.033Z;functions.extrato_excel.2283:  {'data': '18/04/2024', 'descricao': 'LIQ CAMBIO', 'valor': '35123,93'}
2024-05-24 12:54:01.034Z;functions.extrato_excel.2283:  {'data': '18/04/2024', 'descricao': 'LIQ CAMBIO', 'valor': '1039,51'}
2024-05-24 12:54:01.038Z;functions.extrato_excel.2283:  {'data': '18/04/2024', 'descricao': 'LIQ CAMBIO', 'valor': '186170,88'}
2024-05-24 12:54:01.044Z;functions.extrato_excel.2283:  {'data': '18/04/2024', 'descricao': 'LIQ CAMBIO', 'valor': '4790,03'}
2024-05-24 12:54:01.045Z;functions.extrato_excel.2283:  {'data': '18/04/2024', 'descricao': 'LIQ CAMBIO', 'valor': '517,01'}
2024-05-24 12:54:01.051Z;functions.extrato_excel.2283:  {'data': '18/04/2024', 'descricao': 'LIQ CAMBIO', 'valor': '117558,23'}
2024-05-24 12:54:01.053Z;functions.extrato_excel.2283:  {'data': '18/04/2024', 'descricao': 'LIQ CAMBIO', 'valor': '4,96'}
2024-05-24 12:54:01.054Z;functions.extrato_excel.2283:  {'data': '18/04/2024', 'descricao': 'LIQ CAMBIO', 'valor': '1240,88'}
2024-05-24 12:54:01.056Z;functions.extrato_excel.2283:  {'data': '18/04/2024', 'descricao': 'LIQ CAMBIO', 'valor': '10472,54'}
2024-05-24 12:54:01.059Z;functions.extrato_excel.2283:  {'data': '18/04/2024', 'descricao': 'LIQ CAMBIO', 'valor': '6981,69'}
2024-05-24 12:54:01.060Z;functions.extrato_excel.2283:  {'data': '18/04/2024', 'descricao': 'LIQ CAMBIO', 'valor': '19484,88'}
2024-05-24 12:54:01.062Z;functions.extrato_excel.2283:  {'data': '18/04/2024', 'descricao': 'LIQ CAMBIO', 'valor': '59116,89'}
2024-05-24 12:54:01.063Z;functions.extrato_excel.2283:  {'data': '18/04/2024', 'descricao': 'LIQ CAMBIO', 'valor': '48739,88'}
2024-05-24 12:54:01.065Z;functions.extrato_excel.2283:  {'data': '18/04/2024', 'descricao': 'LIQ CAMBIO', 'valor': '1751,34'}
2024-05-24 12:54:01.067Z;functions.extrato_excel.2283:  {'data': '18/04/2024', 'descricao': 'LIQ CAMBIO', 'valor': '31211,4'}
2024-05-24 12:54:01.069Z;functions.extrato_excel.2283:  {'data': '18/04/2024', 'descricao': 'LIQ CAMBIO', 'valor': '115,5'}
2024-05-24 12:54:01.073Z;functions.extrato_excel.2283:  {'data': '18/04/2024', 'descricao': 'LIQ CAMBIO', 'valor': '186,31'}
2024-05-24 12:54:01.076Z;functions.extrato_excel.2283:  {'data': '18/04/2024', 'descricao': 'LIQ CAMBIO', 'valor': '46209,7'}
2024-05-24 12:54:01.079Z;functions.extrato_excel.2283:  {'data': '18/04/2024', 'descricao': 'LIQ CAMBIO', 'valor': '72,98'}
2024-05-24 12:54:01.081Z;functions.extrato_excel.2283:  {'data': '18/04/2024', 'descricao': 'IOF S/CAMBIO', 'valor': '210,27'}
2024-05-24 12:54:01.082Z;functions.extrato_excel.2283:  {'data': '18/04/2024', 'descricao': 'LIQ CAMBIO', 'valor': '9166,55'}
2024-05-24 12:54:01.084Z;functions.extrato_excel.2283:  {'data': '18/04/2024', 'descricao': 'LIQ CAMBIO', 'valor': '23892,04'}
2024-05-24 12:54:01.087Z;functions.extrato_excel.2283:  {'data': '18/04/2024', 'descricao': 'LIQ CAMBIO', 'valor': '833,5'}
2024-05-24 12:54:01.088Z;functions.extrato_excel.2283:  {'data': '18/04/2024', 'descricao': 'LIQ CAMBIO', 'valor': '30787,91'}
2024-05-24 12:54:01.093Z;functions.extrato_excel.2283:  {'data': '18/04/2024', 'descricao': 'LIQ CAMBIO', 'valor': '173968,76'}
2024-05-24 12:54:01.095Z;functions.extrato_excel.2283:  {'data': '18/04/2024', 'descricao': 'LIQ CAMBIO', 'valor': '3880,69'}
2024-05-24 12:54:01.097Z;functions.extrato_excel.2283:  {'data': '18/04/2024', 'descricao': 'LIQ CAMBIO', 'valor': '7600,73'}
2024-05-24 12:54:01.105Z;functions.extrato_excel.2283:  {'data': '18/04/2024', 'descricao': 'LIQ CAMBIO', 'valor': '13767,46'}
2024-05-24 12:54:01.112Z;functions.extrato_excel.2283:  {'data': '18/04/2024', 'descricao': 'LIQ CAMBIO', 'valor': '41382,97'}
2024-05-24 12:54:01.114Z;functions.extrato_excel.2283:  {'data': '18/04/2024', 'descricao': 'LIQ CAMBIO', 'valor': '1019,55'}
2024-05-24 12:54:01.118Z;functions.extrato_excel.2283:  {'data': '18/04/2024', 'descricao': 'LIQ CAMBIO', 'valor': '13196,11'}
2024-05-24 12:54:01.120Z;functions.extrato_excel.2283:  {'data': '18/04/2024', 'descricao': 'LIQ CAMBIO', 'valor': '1092,43'}
2024-05-24 12:54:01.122Z;functions.extrato_excel.2283:  {'data': '18/04/2024', 'descricao': 'LIQ CAMBIO', 'valor': '39553,53'}
2024-05-24 12:54:01.123Z;functions.extrato_excel.2283:  {'data': '18/04/2024', 'descricao': 'LIQ CAMBIO', 'valor': '7600,73'}
2024-05-24 12:54:01.125Z;functions.extrato_excel.2283:  {'data': '18/04/2024', 'descricao': 'LIQ CAMBIO', 'valor': '58,99'}
2024-05-24 12:54:01.126Z;functions.extrato_excel.2283:  {'data': '18/04/2024', 'descricao': 'LIQ CAMBIO', 'valor': '6683,05'}
2024-05-24 12:54:01.127Z;functions.extrato_excel.2283:  {'data': '18/04/2024', 'descricao': 'LIQ CAMBIO', 'valor': '39457,78'}
2024-05-24 12:54:01.128Z;functions.extrato_excel.2283:  {'data': '18/04/2024', 'descricao': 'LIQ CAMBIO', 'valor': '12098,3'}
2024-05-24 12:54:01.132Z;functions.extrato_excel.2283:  {'data': '18/04/2024', 'descricao': 'LIQ CAMBIO', 'valor': '31,69'}
2024-05-24 12:54:01.136Z;functions.extrato_excel.2283:  {'data': '18/04/2024', 'descricao': 'LIQ CAMBIO', 'valor': '28122,49'}
2024-05-24 12:54:01.138Z;functions.extrato_excel.2283:  {'data': '18/04/2024', 'descricao': 'LIQ CAMBIO', 'valor': '16266,59'}
2024-05-24 12:54:01.139Z;functions.extrato_excel.2283:  {'data': '18/04/2024', 'descricao': 'LIQ CAMBIO', 'valor': '29753,15'}
2024-05-24 12:54:01.141Z;functions.extrato_excel.2283:  {'data': '18/04/2024', 'descricao': 'LIQ CAMBIO', 'valor': '28122,49'}
2024-05-24 12:54:01.142Z;functions.extrato_excel.2283:  {'data': '18/04/2024', 'descricao': 'LIQ CAMBIO', 'valor': '261,25'}
2024-05-24 12:54:01.144Z;functions.extrato_excel.2283:  {'data': '18/04/2024', 'descricao': 'LIQ CAMBIO', 'valor': '9584,33'}
2024-05-24 12:54:01.146Z;functions.extrato_excel.2283:  {'data': '18/04/2024', 'descricao': 'LIQ CAMBIO', 'valor': '149,19'}
2024-05-24 12:54:01.148Z;functions.extrato_excel.2283:  {'data': '18/04/2024', 'descricao': 'LIQ CAMBIO', 'valor': '55335,43'}
2024-05-24 12:54:01.149Z;functions.extrato_excel.2283:  {'data': '18/04/2024', 'descricao': 'LIQ CAMBIO', 'valor': '9447,08'}
2024-05-24 12:54:01.151Z;functions.extrato_excel.2283:  {'data': '18/04/2024', 'descricao': 'LIQ CAMBIO', 'valor': '1012,84'}
2024-05-24 12:54:01.155Z;functions.extrato_excel.2283:  {'data': '18/04/2024', 'descricao': 'IOF S/CAMBIO', 'valor': '143,18'}
2024-05-24 12:54:01.158Z;functions.extrato_excel.2283:  {'data': '18/04/2024', 'descricao': 'IOF S/CAMBIO', 'valor': '158,45'}
2024-05-24 12:54:01.159Z;functions.extrato_excel.2283:  {'data': '18/04/2024', 'descricao': 'LIQ CAMBIO', 'valor': '37679,25'}
2024-05-24 12:54:01.162Z;functions.extrato_excel.2283:  {'data': '18/04/2024', 'descricao': 'LIQ CAMBIO', 'valor': '41698,14'}
2024-05-24 12:54:01.162Z;functions.extrato_excel.2283:  {'data': '18/04/2024', 'descricao': 'IOF S/CAMBIO', 'valor': '171,72'}
2024-05-24 12:54:01.168Z;functions.extrato_excel.2283:  {'data': '18/04/2024', 'descricao': 'IOF S/CAMBIO', 'valor': '21,06'}
2024-05-24 12:54:01.170Z;functions.extrato_excel.2283:  {'data': '18/04/2024', 'descricao': 'LIQ CAMBIO', 'valor': '45189,68'}
2024-05-24 12:54:01.172Z;functions.extrato_excel.2283:  {'data': '18/04/2024', 'descricao': 'LIQ CAMBIO', 'valor': '5542,73'}
2024-05-24 12:54:01.173Z;functions.extrato_excel.2283:  {'data': '18/04/2024', 'descricao': 'IOF S/CAMBIO', 'valor': '136,81'}
2024-05-24 12:54:01.175Z;functions.extrato_excel.2283:  {'data': '18/04/2024', 'descricao': 'IOF S/CAMBIO', 'valor': '36,00'}
2024-05-24 12:54:01.176Z;functions.extrato_excel.2283:  {'data': '18/04/2024', 'descricao': 'IOF S/CAMBIO', 'valor': '55,81'}
2024-05-24 12:54:01.179Z;functions.extrato_excel.2283:  {'data': '18/04/2024', 'descricao': 'LIQ CAMBIO', 'valor': '36003,85'}
2024-05-24 12:54:01.180Z;functions.extrato_excel.2283:  {'data': '18/04/2024', 'descricao': 'LIQ CAMBIO', 'valor': '14685,77'}
2024-05-24 12:54:01.183Z;functions.extrato_excel.2283:  {'data': '18/04/2024', 'descricao': 'LIQ CAMBIO', 'valor': '9474,69'}
2024-05-24 12:54:01.185Z;functions.extrato_excel.2283:  {'data': '18/04/2024', 'descricao': 'IOF S/CAMBIO', 'valor': '204,21'}
2024-05-24 12:54:01.186Z;functions.extrato_excel.2283:  {'data': '18/04/2024', 'descricao': 'LIQ CAMBIO', 'valor': '53740,67'}
2024-05-24 12:54:01.188Z;functions.extrato_excel.2283:  {'data': '18/04/2024', 'descricao': 'IOF S/CAMBIO', 'valor': '100,81'}
2024-05-24 12:54:01.189Z;functions.extrato_excel.2283:  {'data': '18/04/2024', 'descricao': 'IOF S/CAMBIO', 'valor': '47,34'}
2024-05-24 12:54:01.190Z;functions.extrato_excel.2283:  {'data': '18/04/2024', 'descricao': 'IOF S/CAMBIO', 'valor': '6,02'}
2024-05-24 12:54:01.191Z;functions.extrato_excel.2283:  {'data': '18/04/2024', 'descricao': 'LIQ CAMBIO', 'valor': '26529,16'}
2024-05-24 12:54:01.201Z;functions.extrato_excel.2283:  {'data': '18/04/2024', 'descricao': 'LIQ CAMBIO', 'valor': '12456,88'}
2024-05-24 12:54:01.202Z;functions.extrato_excel.2283:  {'data': '18/04/2024', 'descricao': 'LIQ CAMBIO', 'valor': '1584,62'}
2024-05-24 12:54:01.204Z;functions.extrato_excel.2283:  {'data': '18/04/2024', 'descricao': 'IOF S/CAMBIO', 'valor': '99,94'}
2024-05-24 12:54:01.205Z;functions.extrato_excel.2283:  {'data': '18/04/2024', 'descricao': 'LIQ CAMBIO', 'valor': '26300,22'}
2024-05-24 12:54:01.207Z;functions.extrato_excel.2283:  {'data': '18/04/2024', 'descricao': 'IOF S/CAMBIO', 'valor': '87,38'}
2024-05-24 12:54:01.210Z;functions.extrato_excel.2283:  {'data': '18/04/2024', 'descricao': 'IOF S/CAMBIO', 'valor': '67,18'}
2024-05-24 12:54:01.211Z;functions.extrato_excel.2283:  {'data': '18/04/2024', 'descricao': 'LIQ CAMBIO', 'valor': '22993,47'}
2024-05-24 12:54:01.213Z;functions.extrato_excel.2283:  {'data': '18/04/2024', 'descricao': 'LIQ CAMBIO', 'valor': '17678,36'}
2024-05-24 12:54:01.215Z;functions.extrato_excel.2283:  {'data': '18/04/2024', 'descricao': 'IOF S/CAMBIO', 'valor': '126,41'}
2024-05-24 12:54:01.216Z;functions.extrato_excel.2283:  {'data': '18/04/2024', 'descricao': 'IOF S/CAMBIO', 'valor': '122,98'}
2024-05-24 12:54:01.217Z;functions.extrato_excel.2283:  {'data': '18/04/2024', 'descricao': 'LIQ CAMBIO', 'valor': '33265,39'}
2024-05-24 12:54:01.219Z;functions.extrato_excel.2283:  {'data': '18/04/2024', 'descricao': 'LIQ CAMBIO', 'valor': '32364,13'}
2024-05-24 12:54:01.220Z;functions.extrato_excel.2283:  {'data': '18/04/2024', 'descricao': 'PAG DARF 0473 - OCEANICA ENGENHARIA E CONSULTORIA', 'valor': '78222,56'}
2024-05-24 12:54:01.222Z;functions.extrato_excel.2283:  {'data': '18/04/2024', 'descricao': 'PAG DARF 5434 - OCEANICA ENGENHARIA E CONSULTORIA', 'valor': '8923,79'}
2024-05-24 12:54:01.223Z;functions.extrato_excel.2283:  {'data': '18/04/2024', 'descricao': 'PAG DARF 8741 - OCEANICA ENGENHARIA E CONSULTORIA', 'valor': '52148,38'}
2024-05-24 12:54:01.231Z;functions.extrato_excel.2283:  {'data': '18/04/2024', 'descricao': 'PAG DARF 5442 - OCEANICA ENGENHARIA E CONSULTORIA', 'valor': '41103,5'}
2024-05-24 12:54:01.232Z;functions.extrato_excel.2283:  {'data': '19/04/2024', 'descricao': 'IOF S/CAMBIO', 'valor': '202,46'}
2024-05-24 12:54:01.234Z;functions.extrato_excel.2283:  {'data': '19/04/2024', 'descricao': 'IOF S/CAMBIO', 'valor': '137,04'}
2024-05-24 12:54:01.236Z;functions.extrato_excel.2283:  {'data': '19/04/2024', 'descricao': 'IOF S/CAMBIO', 'valor': '551,07'}
2024-05-24 12:54:01.237Z;functions.extrato_excel.2283:  {'data': '19/04/2024', 'descricao': 'LIQ CAMBIO', 'valor': '53277,75'}
2024-05-24 12:54:01.238Z;functions.extrato_excel.2283:  {'data': '19/04/2024', 'descricao': 'LIQ CAMBIO', 'valor': '36064,06'}
2024-05-24 12:54:01.240Z;functions.extrato_excel.2283:  {'data': '19/04/2024', 'descricao': 'LIQ CAMBIO', 'valor': '145018,77'}
2024-05-24 12:54:01.242Z;functions.extrato_excel.2283:  {'data': '19/04/2024', 'descricao': 'IOF S/CAMBIO', 'valor': '202,46'}
2024-05-24 12:54:01.243Z;functions.extrato_excel.2283:  {'data': '19/04/2024', 'descricao': 'LIQ CAMBIO', 'valor': '53277,75'}
2024-05-24 12:54:01.246Z;functions.extrato_excel.2283:  {'data': '19/04/2024', 'descricao': 'PAG DARF 0473 - OCEANICA ENGENHARIA E CONSULTORIA', 'valor': '53932,19'}
2024-05-24 12:54:01.248Z;functions.extrato_excel.2283:  {'data': '19/04/2024', 'descricao': 'PAG DARF 5442 - OCEANICA ENGENHARIA E CONSULTORIA', 'valor': '28339,67'}
2024-05-24 12:54:01.249Z;functions.extrato_excel.2283:  {'data': '19/04/2024', 'descricao': 'PAG DARF 5434 - OCEANICA ENGENHARIA E CONSULTORIA', 'valor': '6152,69'}
2024-05-24 12:54:01.251Z;functions.extrato_excel.2283:  {'data': '19/04/2024', 'descricao': 'PAG DARF 8741 - OCEANICA ENGENHARIA E CONSULTORIA', 'valor': '35954,79'}
2024-05-24 12:54:01.252Z;functions.extrato_excel.2283:  {'data': '25/04/2024', 'descricao': 'LIQ CAMBIO', 'valor': '441482,69'}
2024-05-24 12:54:01.254Z;functions.extrato_excel.2283:  {'data': '25/04/2024', 'descricao': 'LIQ CAMBIO', 'valor': '91772,54'}
2024-05-24 12:54:01.257Z;functions.extrato_excel.2283:  {'data': '25/04/2024', 'descricao': 'LIQ CAMBIO', 'valor': '87364,75'}
2024-05-24 12:54:01.263Z;functions.extrato_excel.2283:  {'data': '25/04/2024', 'descricao': 'LIQ CAMBIO', 'valor': '90846,23'}
2024-05-24 12:54:01.264Z;functions.extrato_excel.2283:  {'data': '25/04/2024', 'descricao': 'LIQ CAMBIO', 'valor': '2721,69'}
2024-05-24 12:54:01.266Z;functions.extrato_excel.2283:  {'data': '25/04/2024', 'descricao': 'LIQ CAMBIO', 'valor': '59354,22'}
2024-05-24 12:54:01.267Z;functions.extrato_excel.2283:  {'data': '25/04/2024', 'descricao': 'LIQ CAMBIO', 'valor': '61329,14'}
2024-05-24 12:54:01.268Z;functions.extrato_excel.2283:  {'data': '25/04/2024', 'descricao': 'LIQ CAMBIO', 'valor': '5166,27'}
2024-05-24 12:54:01.270Z;functions.extrato_excel.2283:  {'data': '25/04/2024', 'descricao': 'LIQ CAMBIO', 'valor': '6771,86'}
2024-05-24 12:54:01.271Z;functions.extrato_excel.2283:  {'data': '25/04/2024', 'descricao': 'LIQ CAMBIO', 'valor': '4083,89'}
2024-05-24 12:54:01.280Z;functions.extrato_excel.2283:  {'data': '25/04/2024', 'descricao': 'LIQ CAMBIO', 'valor': '96274,00'}
2024-05-24 12:54:01.283Z;functions.extrato_excel.2283:  {'data': '25/04/2024', 'descricao': 'LIQ CAMBIO', 'valor': '80427,56'}
2024-05-24 12:54:01.284Z;functions.extrato_excel.2283:  {'data': '25/04/2024', 'descricao': 'LIQ CAMBIO', 'valor': '60564,15'}
2024-05-24 12:54:01.286Z;functions.extrato_excel.2283:  {'data': '25/04/2024', 'descricao': 'LIQ CAMBIO', 'valor': '233997,86'}
2024-05-24 12:54:01.295Z;functions.extrato_excel.2283:  {'data': '25/04/2024', 'descricao': 'LIQ CAMBIO', 'valor': '20868,51'}
2024-05-24 12:54:01.296Z;functions.extrato_excel.2283:  {'data': '25/04/2024', 'descricao': 'LIQ CAMBIO', 'valor': '7829,42'}
2024-05-24 12:54:01.298Z;functions.extrato_excel.2283:  {'data': '25/04/2024', 'descricao': 'LIQ CAMBIO', 'valor': '13580,36'}
2024-05-24 12:54:01.299Z;functions.extrato_excel.2283:  {'data': '25/04/2024', 'descricao': 'LIQ CAMBIO', 'valor': '6422,15'}
2024-05-24 12:54:01.301Z;functions.extrato_excel.2283:  {'data': '25/04/2024', 'descricao': 'LIQ CAMBIO', 'valor': '1731,27'}
2024-05-24 12:54:01.302Z;functions.extrato_excel.2283:  {'data': '25/04/2024', 'descricao': 'LIQ CAMBIO', 'valor': '239448,17'}
2024-05-24 12:54:01.304Z;functions.extrato_excel.2283:  {'data': '25/04/2024', 'descricao': 'LIQ CAMBIO', 'valor': '3250,21'}
2024-05-24 12:54:01.306Z;functions.extrato_excel.2283:  {'data': '29/04/2024', 'descricao': 'IOF S/CAMBIO', 'valor': '19551,00'}
2024-05-24 12:54:01.308Z;functions.extrato_excel.2283:  {'data': '29/04/2024', 'descricao': 'LIQ CAMBIO', 'valor': '5145000,00'}
2024-05-24 12:54:01.310Z;functions.extrato_excel.2283:  {'data': '29/04/2024', 'descricao': 'DÉBITO EM C/C VIA CIP - OCEANICA ENGENHARIA E CONSULTORIA SA', 'valor': '1000000,00'}
2024-05-24 12:54:01.312Z;functions.extrato_excel.2283:  {'data': '30/04/2024', 'descricao': 'TRANSFERÊNCIA A CRÉDITO VIA PIX - OCEANICA ENGENHARIA E CONSULTORIA S.A.', 'valor': '10000000,00'}
2024-05-24 12:54:01.313Z;functions.extrato_excel.2283:  {'data': '30/04/2024', 'descricao': 'Saldo Final + Rendimento Provisionado de Saldo Remunerado', 'valor': ',00'}
2024-05-24 12:54:01.315Z;functions.extrato_excel.2283:  {'data': 'Total de Créditos', 'descricao': 'nan', 'valor': '24500000,00'}
2024-05-24 12:54:01.316Z;functions.extrato_excel.2283:  {'data': 'Total de Débitos', 'descricao': 'nan', 'valor': '14351285,52'}
2024-05-24 12:54:01.325Z;functions.extrato_excel.2287:  linha_list [{'data': '01/04/2024', 'descricao': 'Saldo Anterior', 'valor': 'nan,00'}, {'data': '01/04/2024', 'descricao': 'DÉBITO EM C/C VIA CIP - OCEANICA ENGENHARIA E CONSULTORIA SA', 'valor': '34600,00'}, {'data': '01/04/2024', 'descricao': 'TRANSFERÊNCIA A CRÉDITO VIA PIX - OCEANICA ENGENHARIA E CONSULTORIA S.A.', 'valor': '500000,00'}, {'data': '03/04/2024', 'descricao': 'IOF S/CAMBIO', 'valor': '151,94'}, {'data': '03/04/2024', 'descricao': 'IOF S/CAMBIO', 'valor': '77,12'}, {'data': '03/04/2024', 'descricao': 'IOF S/CAMBIO', 'valor': '1036,87'}, {'data': '03/04/2024', 'descricao': 'IOF S/CAMBIO', 'valor': '103,38'}, {'data': '03/04/2024', 'descricao': 'LIQ CAMBIO', 'valor': '39985,49'}, {'data': '03/04/2024', 'descricao': 'LIQ CAMBIO', 'valor': '20294,84'}, {'data': '03/04/2024', 'descricao': 'LIQ CAMBIO', 'valor': '272861,32'}, {'data': '03/04/2024', 'descricao': 'LIQ CAMBIO', 'valor': '27205,99'}, {'data': '05/04/2024', 'descricao': 'LIQ CAMBIO', 'valor': '15121,63'}, {'data': '05/04/2024', 'descricao': 'LIQ CAMBIO', 'valor': '18384,92'}, {'data': '05/04/2024', 'descricao': 'LIQ CAMBIO', 'valor': '25161,34'}, {'data': '05/04/2024', 'descricao': 'IOF S/CAMBIO', 'valor': '193,16'}, {'data': '05/04/2024', 'descricao': 'LIQ CAMBIO', 'valor': '50831,00'}, {'data': '05/04/2024', 'descricao': 'PAG DARF 0473 - OCEANICA ENGENHARIA E CONSULTORIA', 'valor': '9531,00'}, {'data': '05/04/2024', 'descricao': 'PAG DARF 8741 - OCEANICA ENGENHARIA E CONSULTORIA', 'valor': '6354,00'}, {'data': '05/04/2024', 'descricao': 'PAG DARF 5442 - OCEANICA ENGENHARIA E CONSULTORIA', 'valor': '5008,24'}, {'data': '05/04/2024', 'descricao': 'PAG DARF 5434 - OCEANICA ENGENHARIA E CONSULTORIA', 'valor': '1087,32'}, {'data': '15/04/2024', 'descricao': 'TRANSFERÊNCIA A CRÉDITO VIA PIX - OCEANICA ENGENHARIA E CONSULTORIA S.A.', 'valor': '14000000,00'}, {'data': '15/04/2024', 'descricao': 'LIQ CAMBIO', 'valor': '37632,1'}, {'data': '15/04/2024', 'descricao': 'LIQ CAMBIO', 'valor': '6899,61'}, {'data': '15/04/2024', 'descricao': 'LIQ CAMBIO', 'valor': '31834,55'}, {'data': '15/04/2024', 'descricao': 'LIQ CAMBIO', 'valor': '184838,75'}, {'data': '15/04/2024', 'descricao': 'LIQ CAMBIO', 'valor': '72291,99'}, {'data': '15/04/2024', 'descricao': 'LIQ CAMBIO', 'valor': '1967,79'}, {'data': '15/04/2024', 'descricao': 'LIQ CAMBIO', 'valor': '786114,52'}, {'data': '15/04/2024', 'descricao': 'LIQ CAMBIO', 'valor': '6285,02'}, {'data': '15/04/2024', 'descricao': 'LIQ CAMBIO', 'valor': '2164,33'}, {'data': '15/04/2024', 'descricao': 'LIQ CAMBIO', 'valor': '14039,63'}, {'data': '15/04/2024', 'descricao': 'LIQ CAMBIO', 'valor': '28679,11'}, {'data': '15/04/2024', 'descricao': 'LIQ CAMBIO', 'valor': '13915,43'}, {'data': '15/04/2024', 'descricao': 'LIQ CAMBIO', 'valor': '139641,68'}, {'data': '15/04/2024', 'descricao': 'LIQ CAMBIO', 'valor': '1664704,98'}, {'data': '15/04/2024', 'descricao': 'LIQ CAMBIO', 'valor': '12977,65'}, {'data': '15/04/2024', 'descricao': 'LIQ CAMBIO', 'valor': '7172,28'}, {'data': '15/04/2024', 'descricao': 'LIQ CAMBIO', 'valor': '18717,3'}, {'data': '15/04/2024', 'descricao': 'LIQ CAMBIO', 'valor': '31570,56'}, {'data': '15/04/2024', 'descricao': 'LIQ CAMBIO', 'valor': '60682,5'}, {'data': '15/04/2024', 'descricao': 'LIQ CAMBIO', 'valor': '4526,26'}, {'data': '15/04/2024', 'descricao': 'LIQ CAMBIO', 'valor': '7503,59'}, {'data': '15/04/2024', 'descricao': 'LIQ CAMBIO', 'valor': '5375,19'}, {'data': '15/04/2024', 'descricao': 'LIQ CAMBIO', 'valor': '15785,28'}, {'data': '15/04/2024', 'descricao': 'LIQ CAMBIO', 'valor': '85760,74'}, {'data': '15/04/2024', 'descricao': 'LIQ CAMBIO', 'valor': '15785,28'}, {'data': '18/04/2024', 'descricao': 'LIQ CAMBIO', 'valor': '173672,16'}, {'data': '18/04/2024', 'descricao': 'LIQ CAMBIO', 'valor': '4695,33'}, {'data': '18/04/2024', 'descricao': 'LIQ CAMBIO', 'valor': '98607,12'}, {'data': '18/04/2024', 'descricao': 'LIQ CAMBIO', 'valor': '2755,08'}, {'data': '18/04/2024', 'descricao': 'LIQ CAMBIO', 'valor': '15712,76'}, {'data': '18/04/2024', 'descricao': 'LIQ CAMBIO', 'valor': '8460,9'}, {'data': '18/04/2024', 'descricao': 'LIQ CAMBIO', 'valor': '17523,57'}, {'data': '18/04/2024', 'descricao': 'LIQ CAMBIO', 'valor': '13062,5'}, {'data': '18/04/2024', 'descricao': 'LIQ CAMBIO', 'valor': '7529,86'}, {'data': '18/04/2024', 'descricao': 'LIQ CAMBIO', 'valor': '3156,56'}, {'data': '18/04/2024', 'descricao': 'LIQ CAMBIO', 'valor': '3639,67'}, {'data': '18/04/2024', 'descricao': 'LIQ CAMBIO', 'valor': '184916,27'}, {'data': '18/04/2024', 'descricao': 'LIQ CAMBIO', 'valor': '357,52'}, {'data': '18/04/2024', 'descricao': 'LIQ CAMBIO', 'valor': '3833,06'}, {'data': '18/04/2024', 'descricao': 'LIQ CAMBIO', 'valor': '15513,47'}, {'data': '18/04/2024', 'descricao': 'LIQ CAMBIO', 'valor': '568,24'}, {'data': '18/04/2024', 'descricao': 'LIQ CAMBIO', 'valor': '44390,24'}, {'data': '18/04/2024', 'descricao': 'LIQ CAMBIO', 'valor': '789,93'}, {'data': '18/04/2024', 'descricao': 'LIQ CAMBIO', 'valor': '35123,93'}, {'data': '18/04/2024', 'descricao': 'LIQ CAMBIO', 'valor': '1039,51'}, {'data': '18/04/2024', 'descricao': 'LIQ CAMBIO', 'valor': '186170,88'}, {'data': '18/04/2024', 'descricao': 'LIQ CAMBIO', 'valor': '4790,03'}, {'data': '18/04/2024', 'descricao': 'LIQ CAMBIO', 'valor': '517,01'}, {'data': '18/04/2024', 'descricao': 'LIQ CAMBIO', 'valor': '117558,23'}, {'data': '18/04/2024', 'descricao': 'LIQ CAMBIO', 'valor': '4,96'}, {'data': '18/04/2024', 'descricao': 'LIQ CAMBIO', 'valor': '1240,88'}, {'data': '18/04/2024', 'descricao': 'LIQ CAMBIO', 'valor': '10472,54'}, {'data': '18/04/2024', 'descricao': 'LIQ CAMBIO', 'valor': '6981,69'}, {'data': '18/04/2024', 'descricao': 'LIQ CAMBIO', 'valor': '19484,88'}, {'data': '18/04/2024', 'descricao': 'LIQ CAMBIO', 'valor': '59116,89'}, {'data': '18/04/2024', 'descricao': 'LIQ CAMBIO', 'valor': '48739,88'}, {'data': '18/04/2024', 'descricao': 'LIQ CAMBIO', 'valor': '1751,34'}, {'data': '18/04/2024', 'descricao': 'LIQ CAMBIO', 'valor': '31211,4'}, {'data': '18/04/2024', 'descricao': 'LIQ CAMBIO', 'valor': '115,5'}, {'data': '18/04/2024', 'descricao': 'LIQ CAMBIO', 'valor': '186,31'}, {'data': '18/04/2024', 'descricao': 'LIQ CAMBIO', 'valor': '46209,7'}, {'data': '18/04/2024', 'descricao': 'LIQ CAMBIO', 'valor': '72,98'}, {'data': '18/04/2024', 'descricao': 'IOF S/CAMBIO', 'valor': '210,27'}, {'data': '18/04/2024', 'descricao': 'LIQ CAMBIO', 'valor': '9166,55'}, {'data': '18/04/2024', 'descricao': 'LIQ CAMBIO', 'valor': '23892,04'}, {'data': '18/04/2024', 'descricao': 'LIQ CAMBIO', 'valor': '833,5'}, {'data': '18/04/2024', 'descricao': 'LIQ CAMBIO', 'valor': '30787,91'}, {'data': '18/04/2024', 'descricao': 'LIQ CAMBIO', 'valor': '173968,76'}, {'data': '18/04/2024', 'descricao': 'LIQ CAMBIO', 'valor': '3880,69'}, {'data': '18/04/2024', 'descricao': 'LIQ CAMBIO', 'valor': '7600,73'}, {'data': '18/04/2024', 'descricao': 'LIQ CAMBIO', 'valor': '13767,46'}, {'data': '18/04/2024', 'descricao': 'LIQ CAMBIO', 'valor': '41382,97'}, {'data': '18/04/2024', 'descricao': 'LIQ CAMBIO', 'valor': '1019,55'}, {'data': '18/04/2024', 'descricao': 'LIQ CAMBIO', 'valor': '13196,11'}, {'data': '18/04/2024', 'descricao': 'LIQ CAMBIO', 'valor': '1092,43'}, {'data': '18/04/2024', 'descricao': 'LIQ CAMBIO', 'valor': '39553,53'}, {'data': '18/04/2024', 'descricao': 'LIQ CAMBIO', 'valor': '7600,73'}, {'data': '18/04/2024', 'descricao': 'LIQ CAMBIO', 'valor': '58,99'}, {'data': '18/04/2024', 'descricao': 'LIQ CAMBIO', 'valor': '6683,05'}, {'data': '18/04/2024', 'descricao': 'LIQ CAMBIO', 'valor': '39457,78'}, {'data': '18/04/2024', 'descricao': 'LIQ CAMBIO', 'valor': '12098,3'}, {'data': '18/04/2024', 'descricao': 'LIQ CAMBIO', 'valor': '31,69'}, {'data': '18/04/2024', 'descricao': 'LIQ CAMBIO', 'valor': '28122,49'}, {'data': '18/04/2024', 'descricao': 'LIQ CAMBIO', 'valor': '16266,59'}, {'data': '18/04/2024', 'descricao': 'LIQ CAMBIO', 'valor': '29753,15'}, {'data': '18/04/2024', 'descricao': 'LIQ CAMBIO', 'valor': '28122,49'}, {'data': '18/04/2024', 'descricao': 'LIQ CAMBIO', 'valor': '261,25'}, {'data': '18/04/2024', 'descricao': 'LIQ CAMBIO', 'valor': '9584,33'}, {'data': '18/04/2024', 'descricao': 'LIQ CAMBIO', 'valor': '149,19'}, {'data': '18/04/2024', 'descricao': 'LIQ CAMBIO', 'valor': '55335,43'}, {'data': '18/04/2024', 'descricao': 'LIQ CAMBIO', 'valor': '9447,08'}, {'data': '18/04/2024', 'descricao': 'LIQ CAMBIO', 'valor': '1012,84'}, {'data': '18/04/2024', 'descricao': 'IOF S/CAMBIO', 'valor': '143,18'}, {'data': '18/04/2024', 'descricao': 'IOF S/CAMBIO', 'valor': '158,45'}, {'data': '18/04/2024', 'descricao': 'LIQ CAMBIO', 'valor': '37679,25'}, {'data': '18/04/2024', 'descricao': 'LIQ CAMBIO', 'valor': '41698,14'}, {'data': '18/04/2024', 'descricao': 'IOF S/CAMBIO', 'valor': '171,72'}, {'data': '18/04/2024', 'descricao': 'IOF S/CAMBIO', 'valor': '21,06'}, {'data': '18/04/2024', 'descricao': 'LIQ CAMBIO', 'valor': '45189,68'}, {'data': '18/04/2024', 'descricao': 'LIQ CAMBIO', 'valor': '5542,73'}, {'data': '18/04/2024', 'descricao': 'IOF S/CAMBIO', 'valor': '136,81'}, {'data': '18/04/2024', 'descricao': 'IOF S/CAMBIO', 'valor': '36,00'}, {'data': '18/04/2024', 'descricao': 'IOF S/CAMBIO', 'valor': '55,81'}, {'data': '18/04/2024', 'descricao': 'LIQ CAMBIO', 'valor': '36003,85'}, {'data': '18/04/2024', 'descricao': 'LIQ CAMBIO', 'valor': '14685,77'}, {'data': '18/04/2024', 'descricao': 'LIQ CAMBIO', 'valor': '9474,69'}, {'data': '18/04/2024', 'descricao': 'IOF S/CAMBIO', 'valor': '204,21'}, {'data': '18/04/2024', 'descricao': 'LIQ CAMBIO', 'valor': '53740,67'}, {'data': '18/04/2024', 'descricao': 'IOF S/CAMBIO', 'valor': '100,81'}, {'data': '18/04/2024', 'descricao': 'IOF S/CAMBIO', 'valor': '47,34'}, {'data': '18/04/2024', 'descricao': 'IOF S/CAMBIO', 'valor': '6,02'}, {'data': '18/04/2024', 'descricao': 'LIQ CAMBIO', 'valor': '26529,16'}, {'data': '18/04/2024', 'descricao': 'LIQ CAMBIO', 'valor': '12456,88'}, {'data': '18/04/2024', 'descricao': 'LIQ CAMBIO', 'valor': '1584,62'}, {'data': '18/04/2024', 'descricao': 'IOF S/CAMBIO', 'valor': '99,94'}, {'data': '18/04/2024', 'descricao': 'LIQ CAMBIO', 'valor': '26300,22'}, {'data': '18/04/2024', 'descricao': 'IOF S/CAMBIO', 'valor': '87,38'}, {'data': '18/04/2024', 'descricao': 'IOF S/CAMBIO', 'valor': '67,18'}, {'data': '18/04/2024', 'descricao': 'LIQ CAMBIO', 'valor': '22993,47'}, {'data': '18/04/2024', 'descricao': 'LIQ CAMBIO', 'valor': '17678,36'}, {'data': '18/04/2024', 'descricao': 'IOF S/CAMBIO', 'valor': '126,41'}, {'data': '18/04/2024', 'descricao': 'IOF S/CAMBIO', 'valor': '122,98'}, {'data': '18/04/2024', 'descricao': 'LIQ CAMBIO', 'valor': '33265,39'}, {'data': '18/04/2024', 'descricao': 'LIQ CAMBIO', 'valor': '32364,13'}, {'data': '18/04/2024', 'descricao': 'PAG DARF 0473 - OCEANICA ENGENHARIA E CONSULTORIA', 'valor': '78222,56'}, {'data': '18/04/2024', 'descricao': 'PAG DARF 5434 - OCEANICA ENGENHARIA E CONSULTORIA', 'valor': '8923,79'}, {'data': '18/04/2024', 'descricao': 'PAG DARF 8741 - OCEANICA ENGENHARIA E CONSULTORIA', 'valor': '52148,38'}, {'data': '18/04/2024', 'descricao': 'PAG DARF 5442 - OCEANICA ENGENHARIA E CONSULTORIA', 'valor': '41103,5'}, {'data': '19/04/2024', 'descricao': 'IOF S/CAMBIO', 'valor': '202,46'}, {'data': '19/04/2024', 'descricao': 'IOF S/CAMBIO', 'valor': '137,04'}, {'data': '19/04/2024', 'descricao': 'IOF S/CAMBIO', 'valor': '551,07'}, {'data': '19/04/2024', 'descricao': 'LIQ CAMBIO', 'valor': '53277,75'}, {'data': '19/04/2024', 'descricao': 'LIQ CAMBIO', 'valor': '36064,06'}, {'data': '19/04/2024', 'descricao': 'LIQ CAMBIO', 'valor': '145018,77'}, {'data': '19/04/2024', 'descricao': 'IOF S/CAMBIO', 'valor': '202,46'}, {'data': '19/04/2024', 'descricao': 'LIQ CAMBIO', 'valor': '53277,75'}, {'data': '19/04/2024', 'descricao': 'PAG DARF 0473 - OCEANICA ENGENHARIA E CONSULTORIA', 'valor': '53932,19'}, {'data': '19/04/2024', 'descricao': 'PAG DARF 5442 - OCEANICA ENGENHARIA E CONSULTORIA', 'valor': '28339,67'}, {'data': '19/04/2024', 'descricao': 'PAG DARF 5434 - OCEANICA ENGENHARIA E CONSULTORIA', 'valor': '6152,69'}, {'data': '19/04/2024', 'descricao': 'PAG DARF 8741 - OCEANICA ENGENHARIA E CONSULTORIA', 'valor': '35954,79'}, {'data': '25/04/2024', 'descricao': 'LIQ CAMBIO', 'valor': '441482,69'}, {'data': '25/04/2024', 'descricao': 'LIQ CAMBIO', 'valor': '91772,54'}, {'data': '25/04/2024', 'descricao': 'LIQ CAMBIO', 'valor': '87364,75'}, {'data': '25/04/2024', 'descricao': 'LIQ CAMBIO', 'valor': '90846,23'}, {'data': '25/04/2024', 'descricao': 'LIQ CAMBIO', 'valor': '2721,69'}, {'data': '25/04/2024', 'descricao': 'LIQ CAMBIO', 'valor': '59354,22'}, {'data': '25/04/2024', 'descricao': 'LIQ CAMBIO', 'valor': '61329,14'}, {'data': '25/04/2024', 'descricao': 'LIQ CAMBIO', 'valor': '5166,27'}, {'data': '25/04/2024', 'descricao': 'LIQ CAMBIO', 'valor': '6771,86'}, {'data': '25/04/2024', 'descricao': 'LIQ CAMBIO', 'valor': '4083,89'}, {'data': '25/04/2024', 'descricao': 'LIQ CAMBIO', 'valor': '96274,00'}, {'data': '25/04/2024', 'descricao': 'LIQ CAMBIO', 'valor': '80427,56'}, {'data': '25/04/2024', 'descricao': 'LIQ CAMBIO', 'valor': '60564,15'}, {'data': '25/04/2024', 'descricao': 'LIQ CAMBIO', 'valor': '233997,86'}, {'data': '25/04/2024', 'descricao': 'LIQ CAMBIO', 'valor': '20868,51'}, {'data': '25/04/2024', 'descricao': 'LIQ CAMBIO', 'valor': '7829,42'}, {'data': '25/04/2024', 'descricao': 'LIQ CAMBIO', 'valor': '13580,36'}, {'data': '25/04/2024', 'descricao': 'LIQ CAMBIO', 'valor': '6422,15'}, {'data': '25/04/2024', 'descricao': 'LIQ CAMBIO', 'valor': '1731,27'}, {'data': '25/04/2024', 'descricao': 'LIQ CAMBIO', 'valor': '239448,17'}, {'data': '25/04/2024', 'descricao': 'LIQ CAMBIO', 'valor': '3250,21'}, {'data': '29/04/2024', 'descricao': 'IOF S/CAMBIO', 'valor': '19551,00'}, {'data': '29/04/2024', 'descricao': 'LIQ CAMBIO', 'valor': '5145000,00'}, {'data': '29/04/2024', 'descricao': 'DÉBITO EM C/C VIA CIP - OCEANICA ENGENHARIA E CONSULTORIA SA', 'valor': '1000000,00'}, {'data': '30/04/2024', 'descricao': 'TRANSFERÊNCIA A CRÉDITO VIA PIX - OCEANICA ENGENHARIA E CONSULTORIA S.A.', 'valor': '10000000,00'}, {'data': '30/04/2024', 'descricao': 'Saldo Final + Rendimento Provisionado de Saldo Remunerado', 'valor': ',00'}, {'data': 'Total de Créditos', 'descricao': 'nan', 'valor': '24500000,00'}, {'data': 'Total de Débitos', 'descricao': 'nan', 'valor': '14351285,52'}]
2024-05-24 12:54:01.362Z;functions.excel.2331:  imposto_list [{'data': '03/04/2024', 'descricao': 'IOF S/CAMBIO', 'valor': '151,94', 'imposto': 'IOF'}, {'data': '03/04/2024', 'descricao': 'IOF S/CAMBIO', 'valor': '77,12', 'imposto': 'IOF'}, {'data': '03/04/2024', 'descricao': 'IOF S/CAMBIO', 'valor': '1036,87', 'imposto': 'IOF'}, {'data': '03/04/2024', 'descricao': 'IOF S/CAMBIO', 'valor': '103,38', 'imposto': 'IOF'}, {'data': '05/04/2024', 'descricao': 'IOF S/CAMBIO', 'valor': '193,16', 'imposto': 'IOF'}, {'data': '05/04/2024', 'descricao': 'PAG DARF 0473 - OCEANICA ENGENHARIA E CONSULTORIA', 'valor': '9531,00', 'cod_impo': '0473', 'imposto': 'IR'}, {'data': '05/04/2024', 'descricao': 'PAG DARF 8741 - OCEANICA ENGENHARIA E CONSULTORIA', 'valor': '6354,00', 'cod_impo': '8741', 'imposto': 'CIDE'}, {'data': '05/04/2024', 'descricao': 'PAG DARF 5442 - OCEANICA ENGENHARIA E CONSULTORIA', 'valor': '5008,24', 'cod_impo': '5442', 'imposto': 'COFINS'}, {'data': '05/04/2024', 'descricao': 'PAG DARF 5434 - OCEANICA ENGENHARIA E CONSULTORIA', 'valor': '1087,32', 'cod_impo': '5434', 'imposto': 'PIS'}, {'data': '18/04/2024', 'descricao': 'IOF S/CAMBIO', 'valor': '210,27', 'imposto': 'IOF'}, {'data': '18/04/2024', 'descricao': 'IOF S/CAMBIO', 'valor': '143,18', 'imposto': 'IOF'}, {'data': '18/04/2024', 'descricao': 'IOF S/CAMBIO', 'valor': '158,45', 'imposto': 'IOF'}, {'data': '18/04/2024', 'descricao': 'IOF S/CAMBIO', 'valor': '171,72', 'imposto': 'IOF'}, {'data': '18/04/2024', 'descricao': 'IOF S/CAMBIO', 'valor': '21,06', 'imposto': 'IOF'}, {'data': '18/04/2024', 'descricao': 'IOF S/CAMBIO', 'valor': '136,81', 'imposto': 'IOF'}, {'data': '18/04/2024', 'descricao': 'IOF S/CAMBIO', 'valor': '36,00', 'imposto': 'IOF'}, {'data': '18/04/2024', 'descricao': 'IOF S/CAMBIO', 'valor': '55,81', 'imposto': 'IOF'}, {'data': '18/04/2024', 'descricao': 'IOF S/CAMBIO', 'valor': '204,21', 'imposto': 'IOF'}, {'data': '18/04/2024', 'descricao': 'IOF S/CAMBIO', 'valor': '100,81', 'imposto': 'IOF'}, {'data': '18/04/2024', 'descricao': 'IOF S/CAMBIO', 'valor': '47,34', 'imposto': 'IOF'}, {'data': '18/04/2024', 'descricao': 'IOF S/CAMBIO', 'valor': '6,02', 'imposto': 'IOF'}, {'data': '18/04/2024', 'descricao': 'IOF S/CAMBIO', 'valor': '99,94', 'imposto': 'IOF'}, {'data': '18/04/2024', 'descricao': 'IOF S/CAMBIO', 'valor': '87,38', 'imposto': 'IOF'}, {'data': '18/04/2024', 'descricao': 'IOF S/CAMBIO', 'valor': '67,18', 'imposto': 'IOF'}, {'data': '18/04/2024', 'descricao': 'IOF S/CAMBIO', 'valor': '126,41', 'imposto': 'IOF'}, {'data': '18/04/2024', 'descricao': 'IOF S/CAMBIO', 'valor': '122,98', 'imposto': 'IOF'}, {'data': '18/04/2024', 'descricao': 'PAG DARF 0473 - OCEANICA ENGENHARIA E CONSULTORIA', 'valor': '78222,56', 'cod_impo': '0473', 'imposto': 'IR'}, {'data': '18/04/2024', 'descricao': 'PAG DARF 5434 - OCEANICA ENGENHARIA E CONSULTORIA', 'valor': '8923,79', 'cod_impo': '5434', 'imposto': 'PIS'}, {'data': '18/04/2024', 'descricao': 'PAG DARF 8741 - OCEANICA ENGENHARIA E CONSULTORIA', 'valor': '52148,38', 'cod_impo': '8741', 'imposto': 'CIDE'}, {'data': '18/04/2024', 'descricao': 'PAG DARF 5442 - OCEANICA ENGENHARIA E CONSULTORIA', 'valor': '41103,5', 'cod_impo': '5442', 'imposto': 'COFINS'}, {'data': '19/04/2024', 'descricao': 'IOF S/CAMBIO', 'valor': '202,46', 'imposto': 'IOF'}, {'data': '19/04/2024', 'descricao': 'IOF S/CAMBIO', 'valor': '137,04', 'imposto': 'IOF'}, {'data': '19/04/2024', 'descricao': 'IOF S/CAMBIO', 'valor': '551,07', 'imposto': 'IOF'}, {'data': '19/04/2024', 'descricao': 'IOF S/CAMBIO', 'valor': '202,46', 'imposto': 'IOF'}, {'data': '19/04/2024', 'descricao': 'PAG DARF 0473 - OCEANICA ENGENHARIA E CONSULTORIA', 'valor': '53932,19', 'cod_impo': '0473', 'imposto': 'IR'}, {'data': '19/04/2024', 'descricao': 'PAG DARF 5442 - OCEANICA ENGENHARIA E CONSULTORIA', 'valor': '28339,67', 'cod_impo': '5442', 'imposto': 'COFINS'}, {'data': '19/04/2024', 'descricao': 'PAG DARF 5434 - OCEANICA ENGENHARIA E CONSULTORIA', 'valor': '6152,69', 'cod_impo': '5434', 'imposto': 'PIS'}, {'data': '19/04/2024', 'descricao': 'PAG DARF 8741 - OCEANICA ENGENHARIA E CONSULTORIA', 'valor': '35954,79', 'cod_impo': '8741', 'imposto': 'CIDE'}, {'data': '29/04/2024', 'descricao': 'IOF S/CAMBIO', 'valor': '19551,00', 'imposto': 'IOF'}]
2024-05-24 12:54:01.370Z;functions.excel.2332:  liq_cambio_list [{'data': '03/04/2024', 'descricao': 'LIQ CAMBIO', 'valor': '39985,49'}, {'data': '03/04/2024', 'descricao': 'LIQ CAMBIO', 'valor': '20294,84'}, {'data': '03/04/2024', 'descricao': 'LIQ CAMBIO', 'valor': '272861,32'}, {'data': '03/04/2024', 'descricao': 'LIQ CAMBIO', 'valor': '27205,99'}, {'data': '05/04/2024', 'descricao': 'LIQ CAMBIO', 'valor': '15121,63'}, {'data': '05/04/2024', 'descricao': 'LIQ CAMBIO', 'valor': '18384,92'}, {'data': '05/04/2024', 'descricao': 'LIQ CAMBIO', 'valor': '25161,34'}, {'data': '05/04/2024', 'descricao': 'LIQ CAMBIO', 'valor': '50831,00'}, {'data': '15/04/2024', 'descricao': 'LIQ CAMBIO', 'valor': '37632,1'}, {'data': '15/04/2024', 'descricao': 'LIQ CAMBIO', 'valor': '6899,61'}, {'data': '15/04/2024', 'descricao': 'LIQ CAMBIO', 'valor': '31834,55'}, {'data': '15/04/2024', 'descricao': 'LIQ CAMBIO', 'valor': '184838,75'}, {'data': '15/04/2024', 'descricao': 'LIQ CAMBIO', 'valor': '72291,99'}, {'data': '15/04/2024', 'descricao': 'LIQ CAMBIO', 'valor': '1967,79'}, {'data': '15/04/2024', 'descricao': 'LIQ CAMBIO', 'valor': '786114,52'}, {'data': '15/04/2024', 'descricao': 'LIQ CAMBIO', 'valor': '6285,02'}, {'data': '15/04/2024', 'descricao': 'LIQ CAMBIO', 'valor': '2164,33'}, {'data': '15/04/2024', 'descricao': 'LIQ CAMBIO', 'valor': '14039,63'}, {'data': '15/04/2024', 'descricao': 'LIQ CAMBIO', 'valor': '28679,11'}, {'data': '15/04/2024', 'descricao': 'LIQ CAMBIO', 'valor': '13915,43'}, {'data': '15/04/2024', 'descricao': 'LIQ CAMBIO', 'valor': '139641,68'}, {'data': '15/04/2024', 'descricao': 'LIQ CAMBIO', 'valor': '1664704,98'}, {'data': '15/04/2024', 'descricao': 'LIQ CAMBIO', 'valor': '12977,65'}, {'data': '15/04/2024', 'descricao': 'LIQ CAMBIO', 'valor': '7172,28'}, {'data': '15/04/2024', 'descricao': 'LIQ CAMBIO', 'valor': '18717,3'}, {'data': '15/04/2024', 'descricao': 'LIQ CAMBIO', 'valor': '31570,56'}, {'data': '15/04/2024', 'descricao': 'LIQ CAMBIO', 'valor': '60682,5'}, {'data': '15/04/2024', 'descricao': 'LIQ CAMBIO', 'valor': '4526,26'}, {'data': '15/04/2024', 'descricao': 'LIQ CAMBIO', 'valor': '7503,59'}, {'data': '15/04/2024', 'descricao': 'LIQ CAMBIO', 'valor': '5375,19'}, {'data': '15/04/2024', 'descricao': 'LIQ CAMBIO', 'valor': '15785,28'}, {'data': '15/04/2024', 'descricao': 'LIQ CAMBIO', 'valor': '85760,74'}, {'data': '15/04/2024', 'descricao': 'LIQ CAMBIO', 'valor': '15785,28'}, {'data': '18/04/2024', 'descricao': 'LIQ CAMBIO', 'valor': '173672,16'}, {'data': '18/04/2024', 'descricao': 'LIQ CAMBIO', 'valor': '4695,33'}, {'data': '18/04/2024', 'descricao': 'LIQ CAMBIO', 'valor': '98607,12'}, {'data': '18/04/2024', 'descricao': 'LIQ CAMBIO', 'valor': '2755,08'}, {'data': '18/04/2024', 'descricao': 'LIQ CAMBIO', 'valor': '15712,76'}, {'data': '18/04/2024', 'descricao': 'LIQ CAMBIO', 'valor': '8460,9'}, {'data': '18/04/2024', 'descricao': 'LIQ CAMBIO', 'valor': '17523,57'}, {'data': '18/04/2024', 'descricao': 'LIQ CAMBIO', 'valor': '13062,5'}, {'data': '18/04/2024', 'descricao': 'LIQ CAMBIO', 'valor': '7529,86'}, {'data': '18/04/2024', 'descricao': 'LIQ CAMBIO', 'valor': '3156,56'}, {'data': '18/04/2024', 'descricao': 'LIQ CAMBIO', 'valor': '3639,67'}, {'data': '18/04/2024', 'descricao': 'LIQ CAMBIO', 'valor': '184916,27'}, {'data': '18/04/2024', 'descricao': 'LIQ CAMBIO', 'valor': '357,52'}, {'data': '18/04/2024', 'descricao': 'LIQ CAMBIO', 'valor': '3833,06'}, {'data': '18/04/2024', 'descricao': 'LIQ CAMBIO', 'valor': '15513,47'}, {'data': '18/04/2024', 'descricao': 'LIQ CAMBIO', 'valor': '568,24'}, {'data': '18/04/2024', 'descricao': 'LIQ CAMBIO', 'valor': '44390,24'}, {'data': '18/04/2024', 'descricao': 'LIQ CAMBIO', 'valor': '789,93'}, {'data': '18/04/2024', 'descricao': 'LIQ CAMBIO', 'valor': '35123,93'}, {'data': '18/04/2024', 'descricao': 'LIQ CAMBIO', 'valor': '1039,51'}, {'data': '18/04/2024', 'descricao': 'LIQ CAMBIO', 'valor': '186170,88'}, {'data': '18/04/2024', 'descricao': 'LIQ CAMBIO', 'valor': '4790,03'}, {'data': '18/04/2024', 'descricao': 'LIQ CAMBIO', 'valor': '517,01'}, {'data': '18/04/2024', 'descricao': 'LIQ CAMBIO', 'valor': '117558,23'}, {'data': '18/04/2024', 'descricao': 'LIQ CAMBIO', 'valor': '4,96'}, {'data': '18/04/2024', 'descricao': 'LIQ CAMBIO', 'valor': '1240,88'}, {'data': '18/04/2024', 'descricao': 'LIQ CAMBIO', 'valor': '10472,54'}, {'data': '18/04/2024', 'descricao': 'LIQ CAMBIO', 'valor': '6981,69'}, {'data': '18/04/2024', 'descricao': 'LIQ CAMBIO', 'valor': '19484,88'}, {'data': '18/04/2024', 'descricao': 'LIQ CAMBIO', 'valor': '59116,89'}, {'data': '18/04/2024', 'descricao': 'LIQ CAMBIO', 'valor': '48739,88'}, {'data': '18/04/2024', 'descricao': 'LIQ CAMBIO', 'valor': '1751,34'}, {'data': '18/04/2024', 'descricao': 'LIQ CAMBIO', 'valor': '31211,4'}, {'data': '18/04/2024', 'descricao': 'LIQ CAMBIO', 'valor': '115,5'}, {'data': '18/04/2024', 'descricao': 'LIQ CAMBIO', 'valor': '186,31'}, {'data': '18/04/2024', 'descricao': 'LIQ CAMBIO', 'valor': '46209,7'}, {'data': '18/04/2024', 'descricao': 'LIQ CAMBIO', 'valor': '72,98'}, {'data': '18/04/2024', 'descricao': 'LIQ CAMBIO', 'valor': '9166,55'}, {'data': '18/04/2024', 'descricao': 'LIQ CAMBIO', 'valor': '23892,04'}, {'data': '18/04/2024', 'descricao': 'LIQ CAMBIO', 'valor': '833,5'}, {'data': '18/04/2024', 'descricao': 'LIQ CAMBIO', 'valor': '30787,91'}, {'data': '18/04/2024', 'descricao': 'LIQ CAMBIO', 'valor': '173968,76'}, {'data': '18/04/2024', 'descricao': 'LIQ CAMBIO', 'valor': '3880,69'}, {'data': '18/04/2024', 'descricao': 'LIQ CAMBIO', 'valor': '7600,73'}, {'data': '18/04/2024', 'descricao': 'LIQ CAMBIO', 'valor': '13767,46'}, {'data': '18/04/2024', 'descricao': 'LIQ CAMBIO', 'valor': '41382,97'}, {'data': '18/04/2024', 'descricao': 'LIQ CAMBIO', 'valor': '1019,55'}, {'data': '18/04/2024', 'descricao': 'LIQ CAMBIO', 'valor': '13196,11'}, {'data': '18/04/2024', 'descricao': 'LIQ CAMBIO', 'valor': '1092,43'}, {'data': '18/04/2024', 'descricao': 'LIQ CAMBIO', 'valor': '39553,53'}, {'data': '18/04/2024', 'descricao': 'LIQ CAMBIO', 'valor': '7600,73'}, {'data': '18/04/2024', 'descricao': 'LIQ CAMBIO', 'valor': '58,99'}, {'data': '18/04/2024', 'descricao': 'LIQ CAMBIO', 'valor': '6683,05'}, {'data': '18/04/2024', 'descricao': 'LIQ CAMBIO', 'valor': '39457,78'}, {'data': '18/04/2024', 'descricao': 'LIQ CAMBIO', 'valor': '12098,3'}, {'data': '18/04/2024', 'descricao': 'LIQ CAMBIO', 'valor': '31,69'}, {'data': '18/04/2024', 'descricao': 'LIQ CAMBIO', 'valor': '28122,49'}, {'data': '18/04/2024', 'descricao': 'LIQ CAMBIO', 'valor': '16266,59'}, {'data': '18/04/2024', 'descricao': 'LIQ CAMBIO', 'valor': '29753,15'}, {'data': '18/04/2024', 'descricao': 'LIQ CAMBIO', 'valor': '28122,49'}, {'data': '18/04/2024', 'descricao': 'LIQ CAMBIO', 'valor': '261,25'}, {'data': '18/04/2024', 'descricao': 'LIQ CAMBIO', 'valor': '9584,33'}, {'data': '18/04/2024', 'descricao': 'LIQ CAMBIO', 'valor': '149,19'}, {'data': '18/04/2024', 'descricao': 'LIQ CAMBIO', 'valor': '55335,43'}, {'data': '18/04/2024', 'descricao': 'LIQ CAMBIO', 'valor': '9447,08'}, {'data': '18/04/2024', 'descricao': 'LIQ CAMBIO', 'valor': '1012,84'}, {'data': '18/04/2024', 'descricao': 'LIQ CAMBIO', 'valor': '37679,25'}, {'data': '18/04/2024', 'descricao': 'LIQ CAMBIO', 'valor': '41698,14'}, {'data': '18/04/2024', 'descricao': 'LIQ CAMBIO', 'valor': '45189,68'}, {'data': '18/04/2024', 'descricao': 'LIQ CAMBIO', 'valor': '5542,73'}, {'data': '18/04/2024', 'descricao': 'LIQ CAMBIO', 'valor': '36003,85'}, {'data': '18/04/2024', 'descricao': 'LIQ CAMBIO', 'valor': '14685,77'}, {'data': '18/04/2024', 'descricao': 'LIQ CAMBIO', 'valor': '9474,69'}, {'data': '18/04/2024', 'descricao': 'LIQ CAMBIO', 'valor': '53740,67'}, {'data': '18/04/2024', 'descricao': 'LIQ CAMBIO', 'valor': '26529,16'}, {'data': '18/04/2024', 'descricao': 'LIQ CAMBIO', 'valor': '12456,88'}, {'data': '18/04/2024', 'descricao': 'LIQ CAMBIO', 'valor': '1584,62'}, {'data': '18/04/2024', 'descricao': 'LIQ CAMBIO', 'valor': '26300,22'}, {'data': '18/04/2024', 'descricao': 'LIQ CAMBIO', 'valor': '22993,47'}, {'data': '18/04/2024', 'descricao': 'LIQ CAMBIO', 'valor': '17678,36'}, {'data': '18/04/2024', 'descricao': 'LIQ CAMBIO', 'valor': '33265,39'}, {'data': '18/04/2024', 'descricao': 'LIQ CAMBIO', 'valor': '32364,13'}, {'data': '19/04/2024', 'descricao': 'LIQ CAMBIO', 'valor': '53277,75'}, {'data': '19/04/2024', 'descricao': 'LIQ CAMBIO', 'valor': '36064,06'}, {'data': '19/04/2024', 'descricao': 'LIQ CAMBIO', 'valor': '145018,77'}, {'data': '19/04/2024', 'descricao': 'LIQ CAMBIO', 'valor': '53277,75'}, {'data': '25/04/2024', 'descricao': 'LIQ CAMBIO', 'valor': '441482,69'}, {'data': '25/04/2024', 'descricao': 'LIQ CAMBIO', 'valor': '91772,54'}, {'data': '25/04/2024', 'descricao': 'LIQ CAMBIO', 'valor': '87364,75'}, {'data': '25/04/2024', 'descricao': 'LIQ CAMBIO', 'valor': '90846,23'}, {'data': '25/04/2024', 'descricao': 'LIQ CAMBIO', 'valor': '2721,69'}, {'data': '25/04/2024', 'descricao': 'LIQ CAMBIO', 'valor': '59354,22'}, {'data': '25/04/2024', 'descricao': 'LIQ CAMBIO', 'valor': '61329,14'}, {'data': '25/04/2024', 'descricao': 'LIQ CAMBIO', 'valor': '5166,27'}, {'data': '25/04/2024', 'descricao': 'LIQ CAMBIO', 'valor': '6771,86'}, {'data': '25/04/2024', 'descricao': 'LIQ CAMBIO', 'valor': '4083,89'}, {'data': '25/04/2024', 'descricao': 'LIQ CAMBIO', 'valor': '96274,00'}, {'data': '25/04/2024', 'descricao': 'LIQ CAMBIO', 'valor': '80427,56'}, {'data': '25/04/2024', 'descricao': 'LIQ CAMBIO', 'valor': '60564,15'}, {'data': '25/04/2024', 'descricao': 'LIQ CAMBIO', 'valor': '233997,86'}, {'data': '25/04/2024', 'descricao': 'LIQ CAMBIO', 'valor': '20868,51'}, {'data': '25/04/2024', 'descricao': 'LIQ CAMBIO', 'valor': '7829,42'}, {'data': '25/04/2024', 'descricao': 'LIQ CAMBIO', 'valor': '13580,36'}, {'data': '25/04/2024', 'descricao': 'LIQ CAMBIO', 'valor': '6422,15'}, {'data': '25/04/2024', 'descricao': 'LIQ CAMBIO', 'valor': '1731,27'}, {'data': '25/04/2024', 'descricao': 'LIQ CAMBIO', 'valor': '239448,17'}, {'data': '25/04/2024', 'descricao': 'LIQ CAMBIO', 'valor': '3250,21'}, {'data': '29/04/2024', 'descricao': 'LIQ CAMBIO', 'valor': '5145000,00'}]
2024-05-24 12:54:01.403Z;functions.extrair_contrato.1955:  SERÃO TRATADOS 5 ARQUIVOS.
2024-05-24 12:54:01.404Z;functions.extrair_contrato.1957:  arquivos: ['C:\\\\Projetos\\\\Retornos\\\\Retorno_Baixa_Remessa_Moeda_Estrangeira\\\\PDF\\ARGUS_CONTRATO_ USD 1.374,00_R$ 7.172,28.pdf', 'C:\\\\Projetos\\\\Retornos\\\\Retorno_Baixa_Remessa_Moeda_Estrangeira\\\\PDF\\ARGUS_CONTRATO_ USD 3.024,00_R$ 15.785,28.pdf', 'C:\\\\Projetos\\\\Retornos\\\\Retorno_Baixa_Remessa_Moeda_Estrangeira\\\\PDF\\AXA_CONTRATO_USD 3.972,37_R$ 20.294,84.pdf', 'C:\\\\Projetos\\\\Retornos\\\\Retorno_Baixa_Remessa_Moeda_Estrangeira\\\\PDF\\AXA_CONTRATO_USD 5.325,11_R$ 27.205,99.pdf', 'C:\\\\Projetos\\\\Retornos\\\\Retorno_Baixa_Remessa_Moeda_Estrangeira\\\\PDF\\FORUM_CONTRATO_GBP 26.410,00_R$173.672,16.pdf']
2024-05-24 12:54:01.406Z;functions.extrair_contrato.1960:  Contrato: C:\\Projetos\\Retornos\\Retorno_Baixa_Remessa_Moeda_Estrangeira\\PDF\ARGUS_CONTRATO_ USD 1.374,00_R$ 7.172,28.pdf
2024-05-24 12:54:01.407Z;functions.extrair_contrato.1962:  nome ARGUS_CONTRATO_ USD 1.374,00_R$ 7.172,28.pdf
2024-05-24 12:54:32.489Z;functions.extrair_contrato.1981:  PDF COM IMAGEM
2024-05-24 12:54:32.505Z;functions.tranf_pdf_pdf.2739:  PDF copiado
2024-05-24 12:54:32.505Z;functions.tranf_pdf_pdf.2742:  nome ARGUS_CONTRATO_ USD 1.374,00_R$ 7.172,28
2024-05-24 12:54:35.349Z;functions.tranf_pdf_pdf.2768:  Imagens extraidas
2024-05-24 12:54:40.395Z;functions.tranf_pdf_pdf.2791:  Imagem redimensionada
2024-05-24 12:54:57.692Z;functions.tranf_pdf_pdf.2794:  Imagem redimensionada Salva
2024-05-24 12:55:02.411Z;functions.preprocess_image.2685:  pre 1
