2024-05-24 16:30:02.067Z;functions.extrato_excel.2336:  arquivos_xls ['BTG - 001464585 - Completo.xlsx']
2024-05-24 16:30:02.067Z;functions.extrato_excel.2340:  arquivo_xls BTG - 001464585 - Completo.xlsx
2024-05-24 16:30:02.427Z;functions.extrato_excel.2344:  dados      Unnamed: 0                 Data  ... Lançamento R$     Saldo R$
0           NaN  2024-04-01 00:00:00  ...           NaN     34635.03
1           NaN  2024-04-01 00:00:00  ...        -34600        35.03
2           NaN  2024-04-01 00:00:00  ...        500000    500035.03
3           NaN  2024-04-03 00:00:00  ...       -151.94    499883.09
4           NaN  2024-04-03 00:00:00  ...        -77.12    499805.97
..          ...                  ...  ...           ...          ...
184         NaN  2024-04-29 00:00:00  ...      -1000000    183349.51
185         NaN  2024-04-30 00:00:00  ...      10000000  10183349.51
186         NaN  2024-04-30 00:00:00  ...             -  10183349.51
187         NaN    Total de Créditos  ...      24500000          NaN
188         NaN     Total de Débitos  ...  -14351285.52          NaN

[189 rows x 5 columns]
2024-05-24 16:30:02.442Z;functions.extrato_excel.2370:  {'data': '01/04/2024', 'descricao': 'Saldo Anterior', 'valor': 'nan,00'}
2024-05-24 16:30:02.442Z;functions.extrato_excel.2370:  {'data': '01/04/2024', 'descricao': 'DÉBITO EM C/C VIA CIP - OCEANICA ENGENHARIA E CONSULTORIA SA', 'valor': '34600,00'}
2024-05-24 16:30:02.442Z;functions.extrato_excel.2370:  {'data': '01/04/2024', 'descricao': 'TRANSFERÊNCIA A CRÉDITO VIA PIX - OCEANICA ENGENHARIA E CONSULTORIA S.A.', 'valor': '500000,00'}
2024-05-24 16:30:02.442Z;functions.extrato_excel.2370:  {'data': '03/04/2024', 'descricao': 'IOF S/CAMBIO', 'valor': '151,94'}
2024-05-24 16:30:02.442Z;functions.extrato_excel.2370:  {'data': '03/04/2024', 'descricao': 'IOF S/CAMBIO', 'valor': '77,12'}
2024-05-24 16:30:02.461Z;functions.extrato_excel.2370:  {'data': '03/04/2024', 'descricao': 'IOF S/CAMBIO', 'valor': '1036,87'}
2024-05-24 16:30:02.463Z;functions.extrato_excel.2370:  {'data': '03/04/2024', 'descricao': 'IOF S/CAMBIO', 'valor': '103,38'}
2024-05-24 16:30:02.465Z;functions.extrato_excel.2370:  {'data': '03/04/2024', 'descricao': 'LIQ CAMBIO', 'valor': '39985,49'}
2024-05-24 16:30:02.468Z;functions.extrato_excel.2370:  {'data': '03/04/2024', 'descricao': 'LIQ CAMBIO', 'valor': '20294,84'}
2024-05-24 16:30:02.470Z;functions.extrato_excel.2370:  {'data': '03/04/2024', 'descricao': 'LIQ CAMBIO', 'valor': '272861,32'}
2024-05-24 16:30:02.473Z;functions.extrato_excel.2370:  {'data': '03/04/2024', 'descricao': 'LIQ CAMBIO', 'valor': '27205,99'}
2024-05-24 16:30:02.480Z;functions.extrato_excel.2370:  {'data': '05/04/2024', 'descricao': 'LIQ CAMBIO', 'valor': '15121,63'}
2024-05-24 16:30:02.482Z;functions.extrato_excel.2370:  {'data': '05/04/2024', 'descricao': 'LIQ CAMBIO', 'valor': '18384,92'}
2024-05-24 16:30:02.483Z;functions.extrato_excel.2370:  {'data': '05/04/2024', 'descricao': 'LIQ CAMBIO', 'valor': '25161,34'}
2024-05-24 16:30:02.485Z;functions.extrato_excel.2370:  {'data': '05/04/2024', 'descricao': 'IOF S/CAMBIO', 'valor': '193,16'}
2024-05-24 16:30:02.486Z;functions.extrato_excel.2370:  {'data': '05/04/2024', 'descricao': 'LIQ CAMBIO', 'valor': '50831,00'}
2024-05-24 16:30:02.487Z;functions.extrato_excel.2370:  {'data': '05/04/2024', 'descricao': 'PAG DARF 0473 - OCEANICA ENGENHARIA E CONSULTORIA', 'valor': '9531,00'}
2024-05-24 16:30:02.489Z;functions.extrato_excel.2370:  {'data': '05/04/2024', 'descricao': 'PAG DARF 8741 - OCEANICA ENGENHARIA E CONSULTORIA', 'valor': '6354,00'}
2024-05-24 16:30:02.491Z;functions.extrato_excel.2370:  {'data': '05/04/2024', 'descricao': 'PAG DARF 5442 - OCEANICA ENGENHARIA E CONSULTORIA', 'valor': '5008,24'}
2024-05-24 16:30:02.492Z;functions.extrato_excel.2370:  {'data': '05/04/2024', 'descricao': 'PAG DARF 5434 - OCEANICA ENGENHARIA E CONSULTORIA', 'valor': '1087,32'}
2024-05-24 16:30:02.494Z;functions.extrato_excel.2370:  {'data': '15/04/2024', 'descricao': 'TRANSFERÊNCIA A CRÉDITO VIA PIX - OCEANICA ENGENHARIA E CONSULTORIA S.A.', 'valor': '14000000,00'}
2024-05-24 16:30:02.496Z;functions.extrato_excel.2370:  {'data': '15/04/2024', 'descricao': 'LIQ CAMBIO', 'valor': '37632,1'}
2024-05-24 16:30:02.498Z;functions.extrato_excel.2370:  {'data': '15/04/2024', 'descricao': 'LIQ CAMBIO', 'valor': '6899,61'}
2024-05-24 16:30:02.499Z;functions.extrato_excel.2370:  {'data': '15/04/2024', 'descricao': 'LIQ CAMBIO', 'valor': '31834,55'}
2024-05-24 16:30:02.501Z;functions.extrato_excel.2370:  {'data': '15/04/2024', 'descricao': 'LIQ CAMBIO', 'valor': '184838,75'}
2024-05-24 16:30:02.502Z;functions.extrato_excel.2370:  {'data': '15/04/2024', 'descricao': 'LIQ CAMBIO', 'valor': '72291,99'}
2024-05-24 16:30:02.504Z;functions.extrato_excel.2370:  {'data': '15/04/2024', 'descricao': 'LIQ CAMBIO', 'valor': '1967,79'}
2024-05-24 16:30:02.506Z;functions.extrato_excel.2370:  {'data': '15/04/2024', 'descricao': 'LIQ CAMBIO', 'valor': '786114,52'}
2024-05-24 16:30:02.507Z;functions.extrato_excel.2370:  {'data': '15/04/2024', 'descricao': 'LIQ CAMBIO', 'valor': '6285,02'}
2024-05-24 16:30:02.509Z;functions.extrato_excel.2370:  {'data': '15/04/2024', 'descricao': 'LIQ CAMBIO', 'valor': '2164,33'}
2024-05-24 16:30:02.510Z;functions.extrato_excel.2370:  {'data': '15/04/2024', 'descricao': 'LIQ CAMBIO', 'valor': '14039,63'}
2024-05-24 16:30:02.512Z;functions.extrato_excel.2370:  {'data': '15/04/2024', 'descricao': 'LIQ CAMBIO', 'valor': '28679,11'}
2024-05-24 16:30:02.513Z;functions.extrato_excel.2370:  {'data': '15/04/2024', 'descricao': 'LIQ CAMBIO', 'valor': '13915,43'}
2024-05-24 16:30:02.515Z;functions.extrato_excel.2370:  {'data': '15/04/2024', 'descricao': 'LIQ CAMBIO', 'valor': '139641,68'}
2024-05-24 16:30:02.516Z;functions.extrato_excel.2370:  {'data': '15/04/2024', 'descricao': 'LIQ CAMBIO', 'valor': '1664704,98'}
2024-05-24 16:30:02.517Z;functions.extrato_excel.2370:  {'data': '15/04/2024', 'descricao': 'LIQ CAMBIO', 'valor': '12977,65'}
2024-05-24 16:30:02.519Z;functions.extrato_excel.2370:  {'data': '15/04/2024', 'descricao': 'LIQ CAMBIO', 'valor': '7172,28'}
2024-05-24 16:30:02.520Z;functions.extrato_excel.2370:  {'data': '15/04/2024', 'descricao': 'LIQ CAMBIO', 'valor': '18717,3'}
2024-05-24 16:30:02.522Z;functions.extrato_excel.2370:  {'data': '15/04/2024', 'descricao': 'LIQ CAMBIO', 'valor': '31570,56'}
2024-05-24 16:30:02.524Z;functions.extrato_excel.2370:  {'data': '15/04/2024', 'descricao': 'LIQ CAMBIO', 'valor': '60682,5'}
2024-05-24 16:30:02.525Z;functions.extrato_excel.2370:  {'data': '15/04/2024', 'descricao': 'LIQ CAMBIO', 'valor': '4526,26'}
2024-05-24 16:30:02.527Z;functions.extrato_excel.2370:  {'data': '15/04/2024', 'descricao': 'LIQ CAMBIO', 'valor': '7503,59'}
2024-05-24 16:30:02.530Z;functions.extrato_excel.2370:  {'data': '15/04/2024', 'descricao': 'LIQ CAMBIO', 'valor': '5375,19'}
2024-05-24 16:30:02.531Z;functions.extrato_excel.2370:  {'data': '15/04/2024', 'descricao': 'LIQ CAMBIO', 'valor': '15785,28'}
2024-05-24 16:30:02.533Z;functions.extrato_excel.2370:  {'data': '15/04/2024', 'descricao': 'LIQ CAMBIO', 'valor': '85760,74'}
2024-05-24 16:30:02.534Z;functions.extrato_excel.2370:  {'data': '15/04/2024', 'descricao': 'LIQ CAMBIO', 'valor': '15785,28'}
2024-05-24 16:30:02.536Z;functions.extrato_excel.2370:  {'data': '18/04/2024', 'descricao': 'LIQ CAMBIO', 'valor': '173672,16'}
2024-05-24 16:30:02.537Z;functions.extrato_excel.2370:  {'data': '18/04/2024', 'descricao': 'LIQ CAMBIO', 'valor': '4695,33'}
2024-05-24 16:30:02.539Z;functions.extrato_excel.2370:  {'data': '18/04/2024', 'descricao': 'LIQ CAMBIO', 'valor': '98607,12'}
2024-05-24 16:30:02.540Z;functions.extrato_excel.2370:  {'data': '18/04/2024', 'descricao': 'LIQ CAMBIO', 'valor': '2755,08'}
2024-05-24 16:30:02.541Z;functions.extrato_excel.2370:  {'data': '18/04/2024', 'descricao': 'LIQ CAMBIO', 'valor': '15712,76'}
2024-05-24 16:30:02.543Z;functions.extrato_excel.2370:  {'data': '18/04/2024', 'descricao': 'LIQ CAMBIO', 'valor': '8460,9'}
2024-05-24 16:30:02.544Z;functions.extrato_excel.2370:  {'data': '18/04/2024', 'descricao': 'LIQ CAMBIO', 'valor': '17523,57'}
2024-05-24 16:30:02.546Z;functions.extrato_excel.2370:  {'data': '18/04/2024', 'descricao': 'LIQ CAMBIO', 'valor': '13062,5'}
2024-05-24 16:30:02.548Z;functions.extrato_excel.2370:  {'data': '18/04/2024', 'descricao': 'LIQ CAMBIO', 'valor': '7529,86'}
2024-05-24 16:30:02.549Z;functions.extrato_excel.2370:  {'data': '18/04/2024', 'descricao': 'LIQ CAMBIO', 'valor': '3156,56'}
2024-05-24 16:30:02.551Z;functions.extrato_excel.2370:  {'data': '18/04/2024', 'descricao': 'LIQ CAMBIO', 'valor': '3639,67'}
2024-05-24 16:30:02.552Z;functions.extrato_excel.2370:  {'data': '18/04/2024', 'descricao': 'LIQ CAMBIO', 'valor': '184916,27'}
2024-05-24 16:30:02.554Z;functions.extrato_excel.2370:  {'data': '18/04/2024', 'descricao': 'LIQ CAMBIO', 'valor': '357,52'}
2024-05-24 16:30:02.556Z;functions.extrato_excel.2370:  {'data': '18/04/2024', 'descricao': 'LIQ CAMBIO', 'valor': '3833,06'}
2024-05-24 16:30:02.557Z;functions.extrato_excel.2370:  {'data': '18/04/2024', 'descricao': 'LIQ CAMBIO', 'valor': '15513,47'}
2024-05-24 16:30:02.559Z;functions.extrato_excel.2370:  {'data': '18/04/2024', 'descricao': 'LIQ CAMBIO', 'valor': '568,24'}
2024-05-24 16:30:02.561Z;functions.extrato_excel.2370:  {'data': '18/04/2024', 'descricao': 'LIQ CAMBIO', 'valor': '44390,24'}
2024-05-24 16:30:02.562Z;functions.extrato_excel.2370:  {'data': '18/04/2024', 'descricao': 'LIQ CAMBIO', 'valor': '789,93'}
2024-05-24 16:30:02.563Z;functions.extrato_excel.2370:  {'data': '18/04/2024', 'descricao': 'LIQ CAMBIO', 'valor': '35123,93'}
2024-05-24 16:30:02.564Z;functions.extrato_excel.2370:  {'data': '18/04/2024', 'descricao': 'LIQ CAMBIO', 'valor': '1039,51'}
2024-05-24 16:30:02.567Z;functions.extrato_excel.2370:  {'data': '18/04/2024', 'descricao': 'LIQ CAMBIO', 'valor': '186170,88'}
2024-05-24 16:30:02.568Z;functions.extrato_excel.2370:  {'data': '18/04/2024', 'descricao': 'LIQ CAMBIO', 'valor': '4790,03'}
2024-05-24 16:30:02.569Z;functions.extrato_excel.2370:  {'data': '18/04/2024', 'descricao': 'LIQ CAMBIO', 'valor': '517,01'}
2024-05-24 16:30:02.570Z;functions.extrato_excel.2370:  {'data': '18/04/2024', 'descricao': 'LIQ CAMBIO', 'valor': '117558,23'}
2024-05-24 16:30:02.572Z;functions.extrato_excel.2370:  {'data': '18/04/2024', 'descricao': 'LIQ CAMBIO', 'valor': '4,96'}
2024-05-24 16:30:02.573Z;functions.extrato_excel.2370:  {'data': '18/04/2024', 'descricao': 'LIQ CAMBIO', 'valor': '1240,88'}
2024-05-24 16:30:02.574Z;functions.extrato_excel.2370:  {'data': '18/04/2024', 'descricao': 'LIQ CAMBIO', 'valor': '10472,54'}
2024-05-24 16:30:02.575Z;functions.extrato_excel.2370:  {'data': '18/04/2024', 'descricao': 'LIQ CAMBIO', 'valor': '6981,69'}
2024-05-24 16:30:02.576Z;functions.extrato_excel.2370:  {'data': '18/04/2024', 'descricao': 'LIQ CAMBIO', 'valor': '19484,88'}
2024-05-24 16:30:02.577Z;functions.extrato_excel.2370:  {'data': '18/04/2024', 'descricao': 'LIQ CAMBIO', 'valor': '59116,89'}
2024-05-24 16:30:02.579Z;functions.extrato_excel.2370:  {'data': '18/04/2024', 'descricao': 'LIQ CAMBIO', 'valor': '48739,88'}
2024-05-24 16:30:02.580Z;functions.extrato_excel.2370:  {'data': '18/04/2024', 'descricao': 'LIQ CAMBIO', 'valor': '1751,34'}
2024-05-24 16:30:02.581Z;functions.extrato_excel.2370:  {'data': '18/04/2024', 'descricao': 'LIQ CAMBIO', 'valor': '31211,4'}
2024-05-24 16:30:02.582Z;functions.extrato_excel.2370:  {'data': '18/04/2024', 'descricao': 'LIQ CAMBIO', 'valor': '115,5'}
2024-05-24 16:30:02.583Z;functions.extrato_excel.2370:  {'data': '18/04/2024', 'descricao': 'LIQ CAMBIO', 'valor': '186,31'}
2024-05-24 16:30:02.584Z;functions.extrato_excel.2370:  {'data': '18/04/2024', 'descricao': 'LIQ CAMBIO', 'valor': '46209,7'}
2024-05-24 16:30:02.586Z;functions.extrato_excel.2370:  {'data': '18/04/2024', 'descricao': 'LIQ CAMBIO', 'valor': '72,98'}
2024-05-24 16:30:02.587Z;functions.extrato_excel.2370:  {'data': '18/04/2024', 'descricao': 'IOF S/CAMBIO', 'valor': '210,27'}
2024-05-24 16:30:02.589Z;functions.extrato_excel.2370:  {'data': '18/04/2024', 'descricao': 'LIQ CAMBIO', 'valor': '9166,55'}
2024-05-24 16:30:02.591Z;functions.extrato_excel.2370:  {'data': '18/04/2024', 'descricao': 'LIQ CAMBIO', 'valor': '23892,04'}
2024-05-24 16:30:02.593Z;functions.extrato_excel.2370:  {'data': '18/04/2024', 'descricao': 'LIQ CAMBIO', 'valor': '833,5'}
2024-05-24 16:30:02.595Z;functions.extrato_excel.2370:  {'data': '18/04/2024', 'descricao': 'LIQ CAMBIO', 'valor': '30787,91'}
2024-05-24 16:30:02.597Z;functions.extrato_excel.2370:  {'data': '18/04/2024', 'descricao': 'LIQ CAMBIO', 'valor': '173968,76'}
2024-05-24 16:30:02.598Z;functions.extrato_excel.2370:  {'data': '18/04/2024', 'descricao': 'LIQ CAMBIO', 'valor': '3880,69'}
2024-05-24 16:30:02.600Z;functions.extrato_excel.2370:  {'data': '18/04/2024', 'descricao': 'LIQ CAMBIO', 'valor': '7600,73'}
2024-05-24 16:30:02.601Z;functions.extrato_excel.2370:  {'data': '18/04/2024', 'descricao': 'LIQ CAMBIO', 'valor': '13767,46'}
2024-05-24 16:30:02.602Z;functions.extrato_excel.2370:  {'data': '18/04/2024', 'descricao': 'LIQ CAMBIO', 'valor': '41382,97'}
2024-05-24 16:30:02.604Z;functions.extrato_excel.2370:  {'data': '18/04/2024', 'descricao': 'LIQ CAMBIO', 'valor': '1019,55'}
2024-05-24 16:30:02.606Z;functions.extrato_excel.2370:  {'data': '18/04/2024', 'descricao': 'LIQ CAMBIO', 'valor': '13196,11'}
2024-05-24 16:30:02.607Z;functions.extrato_excel.2370:  {'data': '18/04/2024', 'descricao': 'LIQ CAMBIO', 'valor': '1092,43'}
2024-05-24 16:30:02.609Z;functions.extrato_excel.2370:  {'data': '18/04/2024', 'descricao': 'LIQ CAMBIO', 'valor': '39553,53'}
2024-05-24 16:30:02.611Z;functions.extrato_excel.2370:  {'data': '18/04/2024', 'descricao': 'LIQ CAMBIO', 'valor': '7600,73'}
2024-05-24 16:30:02.613Z;functions.extrato_excel.2370:  {'data': '18/04/2024', 'descricao': 'LIQ CAMBIO', 'valor': '58,99'}
2024-05-24 16:30:02.614Z;functions.extrato_excel.2370:  {'data': '18/04/2024', 'descricao': 'LIQ CAMBIO', 'valor': '6683,05'}
2024-05-24 16:30:02.615Z;functions.extrato_excel.2370:  {'data': '18/04/2024', 'descricao': 'LIQ CAMBIO', 'valor': '39457,78'}
2024-05-24 16:30:02.619Z;functions.extrato_excel.2370:  {'data': '18/04/2024', 'descricao': 'LIQ CAMBIO', 'valor': '12098,3'}
2024-05-24 16:30:02.619Z;functions.extrato_excel.2370:  {'data': '18/04/2024', 'descricao': 'LIQ CAMBIO', 'valor': '31,69'}
2024-05-24 16:30:02.620Z;functions.extrato_excel.2370:  {'data': '18/04/2024', 'descricao': 'LIQ CAMBIO', 'valor': '28122,49'}
2024-05-24 16:30:02.622Z;functions.extrato_excel.2370:  {'data': '18/04/2024', 'descricao': 'LIQ CAMBIO', 'valor': '16266,59'}
2024-05-24 16:30:02.623Z;functions.extrato_excel.2370:  {'data': '18/04/2024', 'descricao': 'LIQ CAMBIO', 'valor': '29753,15'}
2024-05-24 16:30:02.625Z;functions.extrato_excel.2370:  {'data': '18/04/2024', 'descricao': 'LIQ CAMBIO', 'valor': '28122,49'}
2024-05-24 16:30:02.626Z;functions.extrato_excel.2370:  {'data': '18/04/2024', 'descricao': 'LIQ CAMBIO', 'valor': '261,25'}
2024-05-24 16:30:02.627Z;functions.extrato_excel.2370:  {'data': '18/04/2024', 'descricao': 'LIQ CAMBIO', 'valor': '9584,33'}
2024-05-24 16:30:02.629Z;functions.extrato_excel.2370:  {'data': '18/04/2024', 'descricao': 'LIQ CAMBIO', 'valor': '149,19'}
2024-05-24 16:30:02.634Z;functions.extrato_excel.2370:  {'data': '18/04/2024', 'descricao': 'LIQ CAMBIO', 'valor': '55335,43'}
2024-05-24 16:30:02.635Z;functions.extrato_excel.2370:  {'data': '18/04/2024', 'descricao': 'LIQ CAMBIO', 'valor': '9447,08'}
2024-05-24 16:30:02.636Z;functions.extrato_excel.2370:  {'data': '18/04/2024', 'descricao': 'LIQ CAMBIO', 'valor': '1012,84'}
2024-05-24 16:30:02.637Z;functions.extrato_excel.2370:  {'data': '18/04/2024', 'descricao': 'IOF S/CAMBIO', 'valor': '143,18'}
2024-05-24 16:30:02.638Z;functions.extrato_excel.2370:  {'data': '18/04/2024', 'descricao': 'IOF S/CAMBIO', 'valor': '158,45'}
2024-05-24 16:30:02.640Z;functions.extrato_excel.2370:  {'data': '18/04/2024', 'descricao': 'LIQ CAMBIO', 'valor': '37679,25'}
2024-05-24 16:30:02.641Z;functions.extrato_excel.2370:  {'data': '18/04/2024', 'descricao': 'LIQ CAMBIO', 'valor': '41698,14'}
2024-05-24 16:30:02.642Z;functions.extrato_excel.2370:  {'data': '18/04/2024', 'descricao': 'IOF S/CAMBIO', 'valor': '171,72'}
2024-05-24 16:30:02.643Z;functions.extrato_excel.2370:  {'data': '18/04/2024', 'descricao': 'IOF S/CAMBIO', 'valor': '21,06'}
2024-05-24 16:30:02.644Z;functions.extrato_excel.2370:  {'data': '18/04/2024', 'descricao': 'LIQ CAMBIO', 'valor': '45189,68'}
2024-05-24 16:30:02.645Z;functions.extrato_excel.2370:  {'data': '18/04/2024', 'descricao': 'LIQ CAMBIO', 'valor': '5542,73'}
2024-05-24 16:30:02.646Z;functions.extrato_excel.2370:  {'data': '18/04/2024', 'descricao': 'IOF S/CAMBIO', 'valor': '136,81'}
2024-05-24 16:30:02.648Z;functions.extrato_excel.2370:  {'data': '18/04/2024', 'descricao': 'IOF S/CAMBIO', 'valor': '36,00'}
2024-05-24 16:30:02.650Z;functions.extrato_excel.2370:  {'data': '18/04/2024', 'descricao': 'IOF S/CAMBIO', 'valor': '55,81'}
2024-05-24 16:30:02.651Z;functions.extrato_excel.2370:  {'data': '18/04/2024', 'descricao': 'LIQ CAMBIO', 'valor': '36003,85'}
2024-05-24 16:30:02.652Z;functions.extrato_excel.2370:  {'data': '18/04/2024', 'descricao': 'LIQ CAMBIO', 'valor': '14685,77'}
2024-05-24 16:30:02.653Z;functions.extrato_excel.2370:  {'data': '18/04/2024', 'descricao': 'LIQ CAMBIO', 'valor': '9474,69'}
2024-05-24 16:30:02.655Z;functions.extrato_excel.2370:  {'data': '18/04/2024', 'descricao': 'IOF S/CAMBIO', 'valor': '204,21'}
2024-05-24 16:30:02.656Z;functions.extrato_excel.2370:  {'data': '18/04/2024', 'descricao': 'LIQ CAMBIO', 'valor': '53740,67'}
2024-05-24 16:30:02.657Z;functions.extrato_excel.2370:  {'data': '18/04/2024', 'descricao': 'IOF S/CAMBIO', 'valor': '100,81'}
2024-05-24 16:30:02.659Z;functions.extrato_excel.2370:  {'data': '18/04/2024', 'descricao': 'IOF S/CAMBIO', 'valor': '47,34'}
2024-05-24 16:30:02.660Z;functions.extrato_excel.2370:  {'data': '18/04/2024', 'descricao': 'IOF S/CAMBIO', 'valor': '6,02'}
2024-05-24 16:30:02.661Z;functions.extrato_excel.2370:  {'data': '18/04/2024', 'descricao': 'LIQ CAMBIO', 'valor': '26529,16'}
2024-05-24 16:30:02.663Z;functions.extrato_excel.2370:  {'data': '18/04/2024', 'descricao': 'LIQ CAMBIO', 'valor': '12456,88'}
2024-05-24 16:30:02.664Z;functions.extrato_excel.2370:  {'data': '18/04/2024', 'descricao': 'LIQ CAMBIO', 'valor': '1584,62'}
2024-05-24 16:30:02.665Z;functions.extrato_excel.2370:  {'data': '18/04/2024', 'descricao': 'IOF S/CAMBIO', 'valor': '99,94'}
2024-05-24 16:30:02.667Z;functions.extrato_excel.2370:  {'data': '18/04/2024', 'descricao': 'LIQ CAMBIO', 'valor': '26300,22'}
2024-05-24 16:30:02.668Z;functions.extrato_excel.2370:  {'data': '18/04/2024', 'descricao': 'IOF S/CAMBIO', 'valor': '87,38'}
2024-05-24 16:30:02.669Z;functions.extrato_excel.2370:  {'data': '18/04/2024', 'descricao': 'IOF S/CAMBIO', 'valor': '67,18'}
2024-05-24 16:30:02.671Z;functions.extrato_excel.2370:  {'data': '18/04/2024', 'descricao': 'LIQ CAMBIO', 'valor': '22993,47'}
2024-05-24 16:30:02.672Z;functions.extrato_excel.2370:  {'data': '18/04/2024', 'descricao': 'LIQ CAMBIO', 'valor': '17678,36'}
2024-05-24 16:30:02.673Z;functions.extrato_excel.2370:  {'data': '18/04/2024', 'descricao': 'IOF S/CAMBIO', 'valor': '126,41'}
2024-05-24 16:30:02.675Z;functions.extrato_excel.2370:  {'data': '18/04/2024', 'descricao': 'IOF S/CAMBIO', 'valor': '122,98'}
2024-05-24 16:30:02.677Z;functions.extrato_excel.2370:  {'data': '18/04/2024', 'descricao': 'LIQ CAMBIO', 'valor': '33265,39'}
2024-05-24 16:30:02.678Z;functions.extrato_excel.2370:  {'data': '18/04/2024', 'descricao': 'LIQ CAMBIO', 'valor': '32364,13'}
2024-05-24 16:30:02.680Z;functions.extrato_excel.2370:  {'data': '18/04/2024', 'descricao': 'PAG DARF 0473 - OCEANICA ENGENHARIA E CONSULTORIA', 'valor': '78222,56'}
2024-05-24 16:30:02.682Z;functions.extrato_excel.2370:  {'data': '18/04/2024', 'descricao': 'PAG DARF 5434 - OCEANICA ENGENHARIA E CONSULTORIA', 'valor': '8923,79'}
2024-05-24 16:30:02.683Z;functions.extrato_excel.2370:  {'data': '18/04/2024', 'descricao': 'PAG DARF 8741 - OCEANICA ENGENHARIA E CONSULTORIA', 'valor': '52148,38'}
2024-05-24 16:30:02.685Z;functions.extrato_excel.2370:  {'data': '18/04/2024', 'descricao': 'PAG DARF 5442 - OCEANICA ENGENHARIA E CONSULTORIA', 'valor': '41103,5'}
2024-05-24 16:30:02.687Z;functions.extrato_excel.2370:  {'data': '19/04/2024', 'descricao': 'IOF S/CAMBIO', 'valor': '202,46'}
2024-05-24 16:30:02.688Z;functions.extrato_excel.2370:  {'data': '19/04/2024', 'descricao': 'IOF S/CAMBIO', 'valor': '137,04'}
2024-05-24 16:30:02.690Z;functions.extrato_excel.2370:  {'data': '19/04/2024', 'descricao': 'IOF S/CAMBIO', 'valor': '551,07'}
2024-05-24 16:30:02.692Z;functions.extrato_excel.2370:  {'data': '19/04/2024', 'descricao': 'LIQ CAMBIO', 'valor': '53277,75'}
2024-05-24 16:30:02.695Z;functions.extrato_excel.2370:  {'data': '19/04/2024', 'descricao': 'LIQ CAMBIO', 'valor': '36064,06'}
2024-05-24 16:30:02.697Z;functions.extrato_excel.2370:  {'data': '19/04/2024', 'descricao': 'LIQ CAMBIO', 'valor': '145018,77'}
2024-05-24 16:30:02.701Z;functions.extrato_excel.2370:  {'data': '19/04/2024', 'descricao': 'IOF S/CAMBIO', 'valor': '202,46'}
2024-05-24 16:30:02.702Z;functions.extrato_excel.2370:  {'data': '19/04/2024', 'descricao': 'LIQ CAMBIO', 'valor': '53277,75'}
2024-05-24 16:30:02.703Z;functions.extrato_excel.2370:  {'data': '19/04/2024', 'descricao': 'PAG DARF 0473 - OCEANICA ENGENHARIA E CONSULTORIA', 'valor': '53932,19'}
2024-05-24 16:30:02.705Z;functions.extrato_excel.2370:  {'data': '19/04/2024', 'descricao': 'PAG DARF 5442 - OCEANICA ENGENHARIA E CONSULTORIA', 'valor': '28339,67'}
2024-05-24 16:30:02.707Z;functions.extrato_excel.2370:  {'data': '19/04/2024', 'descricao': 'PAG DARF 5434 - OCEANICA ENGENHARIA E CONSULTORIA', 'valor': '6152,69'}
2024-05-24 16:30:02.708Z;functions.extrato_excel.2370:  {'data': '19/04/2024', 'descricao': 'PAG DARF 8741 - OCEANICA ENGENHARIA E CONSULTORIA', 'valor': '35954,79'}
2024-05-24 16:30:02.710Z;functions.extrato_excel.2370:  {'data': '25/04/2024', 'descricao': 'LIQ CAMBIO', 'valor': '441482,69'}
2024-05-24 16:30:02.711Z;functions.extrato_excel.2370:  {'data': '25/04/2024', 'descricao': 'LIQ CAMBIO', 'valor': '91772,54'}
2024-05-24 16:30:02.713Z;functions.extrato_excel.2370:  {'data': '25/04/2024', 'descricao': 'LIQ CAMBIO', 'valor': '87364,75'}
2024-05-24 16:30:02.715Z;functions.extrato_excel.2370:  {'data': '25/04/2024', 'descricao': 'LIQ CAMBIO', 'valor': '90846,23'}
2024-05-24 16:30:02.716Z;functions.extrato_excel.2370:  {'data': '25/04/2024', 'descricao': 'LIQ CAMBIO', 'valor': '2721,69'}
2024-05-24 16:30:02.717Z;functions.extrato_excel.2370:  {'data': '25/04/2024', 'descricao': 'LIQ CAMBIO', 'valor': '59354,22'}
2024-05-24 16:30:02.719Z;functions.extrato_excel.2370:  {'data': '25/04/2024', 'descricao': 'LIQ CAMBIO', 'valor': '61329,14'}
2024-05-24 16:30:02.720Z;functions.extrato_excel.2370:  {'data': '25/04/2024', 'descricao': 'LIQ CAMBIO', 'valor': '5166,27'}
2024-05-24 16:30:02.721Z;functions.extrato_excel.2370:  {'data': '25/04/2024', 'descricao': 'LIQ CAMBIO', 'valor': '6771,86'}
2024-05-24 16:30:02.722Z;functions.extrato_excel.2370:  {'data': '25/04/2024', 'descricao': 'LIQ CAMBIO', 'valor': '4083,89'}
2024-05-24 16:30:02.724Z;functions.extrato_excel.2370:  {'data': '25/04/2024', 'descricao': 'LIQ CAMBIO', 'valor': '96274,00'}
2024-05-24 16:30:02.726Z;functions.extrato_excel.2370:  {'data': '25/04/2024', 'descricao': 'LIQ CAMBIO', 'valor': '80427,56'}
2024-05-24 16:30:02.727Z;functions.extrato_excel.2370:  {'data': '25/04/2024', 'descricao': 'LIQ CAMBIO', 'valor': '60564,15'}
2024-05-24 16:30:02.728Z;functions.extrato_excel.2370:  {'data': '25/04/2024', 'descricao': 'LIQ CAMBIO', 'valor': '233997,86'}
2024-05-24 16:30:02.730Z;functions.extrato_excel.2370:  {'data': '25/04/2024', 'descricao': 'LIQ CAMBIO', 'valor': '20868,51'}
2024-05-24 16:30:02.731Z;functions.extrato_excel.2370:  {'data': '25/04/2024', 'descricao': 'LIQ CAMBIO', 'valor': '7829,42'}
2024-05-24 16:30:02.732Z;functions.extrato_excel.2370:  {'data': '25/04/2024', 'descricao': 'LIQ CAMBIO', 'valor': '13580,36'}
2024-05-24 16:30:02.734Z;functions.extrato_excel.2370:  {'data': '25/04/2024', 'descricao': 'LIQ CAMBIO', 'valor': '6422,15'}
2024-05-24 16:30:02.735Z;functions.extrato_excel.2370:  {'data': '25/04/2024', 'descricao': 'LIQ CAMBIO', 'valor': '1731,27'}
2024-05-24 16:30:02.737Z;functions.extrato_excel.2370:  {'data': '25/04/2024', 'descricao': 'LIQ CAMBIO', 'valor': '239448,17'}
2024-05-24 16:30:02.738Z;functions.extrato_excel.2370:  {'data': '25/04/2024', 'descricao': 'LIQ CAMBIO', 'valor': '3250,21'}
2024-05-24 16:30:02.740Z;functions.extrato_excel.2370:  {'data': '29/04/2024', 'descricao': 'IOF S/CAMBIO', 'valor': '19551,00'}
2024-05-24 16:30:02.742Z;functions.extrato_excel.2370:  {'data': '29/04/2024', 'descricao': 'LIQ CAMBIO', 'valor': '5145000,00'}
2024-05-24 16:30:02.743Z;functions.extrato_excel.2370:  {'data': '29/04/2024', 'descricao': 'DÉBITO EM C/C VIA CIP - OCEANICA ENGENHARIA E CONSULTORIA SA', 'valor': '1000000,00'}
2024-05-24 16:30:02.744Z;functions.extrato_excel.2370:  {'data': '30/04/2024', 'descricao': 'TRANSFERÊNCIA A CRÉDITO VIA PIX - OCEANICA ENGENHARIA E CONSULTORIA S.A.', 'valor': '10000000,00'}
2024-05-24 16:30:02.746Z;functions.extrato_excel.2370:  {'data': '30/04/2024', 'descricao': 'Saldo Final + Rendimento Provisionado de Saldo Remunerado', 'valor': ',00'}
2024-05-24 16:30:02.747Z;functions.extrato_excel.2370:  {'data': 'Total de Créditos', 'descricao': 'nan', 'valor': '24500000,00'}
2024-05-24 16:30:02.748Z;functions.extrato_excel.2370:  {'data': 'Total de Débitos', 'descricao': 'nan', 'valor': '14351285,52'}
2024-05-24 16:30:02.750Z;functions.extrato_excel.2374:  linha_list [{'data': '01/04/2024', 'descricao': 'Saldo Anterior', 'valor': 'nan,00'}, {'data': '01/04/2024', 'descricao': 'DÉBITO EM C/C VIA CIP - OCEANICA ENGENHARIA E CONSULTORIA SA', 'valor': '34600,00'}, {'data': '01/04/2024', 'descricao': 'TRANSFERÊNCIA A CRÉDITO VIA PIX - OCEANICA ENGENHARIA E CONSULTORIA S.A.', 'valor': '500000,00'}, {'data': '03/04/2024', 'descricao': 'IOF S/CAMBIO', 'valor': '151,94'}, {'data': '03/04/2024', 'descricao': 'IOF S/CAMBIO', 'valor': '77,12'}, {'data': '03/04/2024', 'descricao': 'IOF S/CAMBIO', 'valor': '1036,87'}, {'data': '03/04/2024', 'descricao': 'IOF S/CAMBIO', 'valor': '103,38'}, {'data': '03/04/2024', 'descricao': 'LIQ CAMBIO', 'valor': '39985,49'}, {'data': '03/04/2024', 'descricao': 'LIQ CAMBIO', 'valor': '20294,84'}, {'data': '03/04/2024', 'descricao': 'LIQ CAMBIO', 'valor': '272861,32'}, {'data': '03/04/2024', 'descricao': 'LIQ CAMBIO', 'valor': '27205,99'}, {'data': '05/04/2024', 'descricao': 'LIQ CAMBIO', 'valor': '15121,63'}, {'data': '05/04/2024', 'descricao': 'LIQ CAMBIO', 'valor': '18384,92'}, {'data': '05/04/2024', 'descricao': 'LIQ CAMBIO', 'valor': '25161,34'}, {'data': '05/04/2024', 'descricao': 'IOF S/CAMBIO', 'valor': '193,16'}, {'data': '05/04/2024', 'descricao': 'LIQ CAMBIO', 'valor': '50831,00'}, {'data': '05/04/2024', 'descricao': 'PAG DARF 0473 - OCEANICA ENGENHARIA E CONSULTORIA', 'valor': '9531,00'}, {'data': '05/04/2024', 'descricao': 'PAG DARF 8741 - OCEANICA ENGENHARIA E CONSULTORIA', 'valor': '6354,00'}, {'data': '05/04/2024', 'descricao': 'PAG DARF 5442 - OCEANICA ENGENHARIA E CONSULTORIA', 'valor': '5008,24'}, {'data': '05/04/2024', 'descricao': 'PAG DARF 5434 - OCEANICA ENGENHARIA E CONSULTORIA', 'valor': '1087,32'}, {'data': '15/04/2024', 'descricao': 'TRANSFERÊNCIA A CRÉDITO VIA PIX - OCEANICA ENGENHARIA E CONSULTORIA S.A.', 'valor': '14000000,00'}, {'data': '15/04/2024', 'descricao': 'LIQ CAMBIO', 'valor': '37632,1'}, {'data': '15/04/2024', 'descricao': 'LIQ CAMBIO', 'valor': '6899,61'}, {'data': '15/04/2024', 'descricao': 'LIQ CAMBIO', 'valor': '31834,55'}, {'data': '15/04/2024', 'descricao': 'LIQ CAMBIO', 'valor': '184838,75'}, {'data': '15/04/2024', 'descricao': 'LIQ CAMBIO', 'valor': '72291,99'}, {'data': '15/04/2024', 'descricao': 'LIQ CAMBIO', 'valor': '1967,79'}, {'data': '15/04/2024', 'descricao': 'LIQ CAMBIO', 'valor': '786114,52'}, {'data': '15/04/2024', 'descricao': 'LIQ CAMBIO', 'valor': '6285,02'}, {'data': '15/04/2024', 'descricao': 'LIQ CAMBIO', 'valor': '2164,33'}, {'data': '15/04/2024', 'descricao': 'LIQ CAMBIO', 'valor': '14039,63'}, {'data': '15/04/2024', 'descricao': 'LIQ CAMBIO', 'valor': '28679,11'}, {'data': '15/04/2024', 'descricao': 'LIQ CAMBIO', 'valor': '13915,43'}, {'data': '15/04/2024', 'descricao': 'LIQ CAMBIO', 'valor': '139641,68'}, {'data': '15/04/2024', 'descricao': 'LIQ CAMBIO', 'valor': '1664704,98'}, {'data': '15/04/2024', 'descricao': 'LIQ CAMBIO', 'valor': '12977,65'}, {'data': '15/04/2024', 'descricao': 'LIQ CAMBIO', 'valor': '7172,28'}, {'data': '15/04/2024', 'descricao': 'LIQ CAMBIO', 'valor': '18717,3'}, {'data': '15/04/2024', 'descricao': 'LIQ CAMBIO', 'valor': '31570,56'}, {'data': '15/04/2024', 'descricao': 'LIQ CAMBIO', 'valor': '60682,5'}, {'data': '15/04/2024', 'descricao': 'LIQ CAMBIO', 'valor': '4526,26'}, {'data': '15/04/2024', 'descricao': 'LIQ CAMBIO', 'valor': '7503,59'}, {'data': '15/04/2024', 'descricao': 'LIQ CAMBIO', 'valor': '5375,19'}, {'data': '15/04/2024', 'descricao': 'LIQ CAMBIO', 'valor': '15785,28'}, {'data': '15/04/2024', 'descricao': 'LIQ CAMBIO', 'valor': '85760,74'}, {'data': '15/04/2024', 'descricao': 'LIQ CAMBIO', 'valor': '15785,28'}, {'data': '18/04/2024', 'descricao': 'LIQ CAMBIO', 'valor': '173672,16'}, {'data': '18/04/2024', 'descricao': 'LIQ CAMBIO', 'valor': '4695,33'}, {'data': '18/04/2024', 'descricao': 'LIQ CAMBIO', 'valor': '98607,12'}, {'data': '18/04/2024', 'descricao': 'LIQ CAMBIO', 'valor': '2755,08'}, {'data': '18/04/2024', 'descricao': 'LIQ CAMBIO', 'valor': '15712,76'}, {'data': '18/04/2024', 'descricao': 'LIQ CAMBIO', 'valor': '8460,9'}, {'data': '18/04/2024', 'descricao': 'LIQ CAMBIO', 'valor': '17523,57'}, {'data': '18/04/2024', 'descricao': 'LIQ CAMBIO', 'valor': '13062,5'}, {'data': '18/04/2024', 'descricao': 'LIQ CAMBIO', 'valor': '7529,86'}, {'data': '18/04/2024', 'descricao': 'LIQ CAMBIO', 'valor': '3156,56'}, {'data': '18/04/2024', 'descricao': 'LIQ CAMBIO', 'valor': '3639,67'}, {'data': '18/04/2024', 'descricao': 'LIQ CAMBIO', 'valor': '184916,27'}, {'data': '18/04/2024', 'descricao': 'LIQ CAMBIO', 'valor': '357,52'}, {'data': '18/04/2024', 'descricao': 'LIQ CAMBIO', 'valor': '3833,06'}, {'data': '18/04/2024', 'descricao': 'LIQ CAMBIO', 'valor': '15513,47'}, {'data': '18/04/2024', 'descricao': 'LIQ CAMBIO', 'valor': '568,24'}, {'data': '18/04/2024', 'descricao': 'LIQ CAMBIO', 'valor': '44390,24'}, {'data': '18/04/2024', 'descricao': 'LIQ CAMBIO', 'valor': '789,93'}, {'data': '18/04/2024', 'descricao': 'LIQ CAMBIO', 'valor': '35123,93'}, {'data': '18/04/2024', 'descricao': 'LIQ CAMBIO', 'valor': '1039,51'}, {'data': '18/04/2024', 'descricao': 'LIQ CAMBIO', 'valor': '186170,88'}, {'data': '18/04/2024', 'descricao': 'LIQ CAMBIO', 'valor': '4790,03'}, {'data': '18/04/2024', 'descricao': 'LIQ CAMBIO', 'valor': '517,01'}, {'data': '18/04/2024', 'descricao': 'LIQ CAMBIO', 'valor': '117558,23'}, {'data': '18/04/2024', 'descricao': 'LIQ CAMBIO', 'valor': '4,96'}, {'data': '18/04/2024', 'descricao': 'LIQ CAMBIO', 'valor': '1240,88'}, {'data': '18/04/2024', 'descricao': 'LIQ CAMBIO', 'valor': '10472,54'}, {'data': '18/04/2024', 'descricao': 'LIQ CAMBIO', 'valor': '6981,69'}, {'data': '18/04/2024', 'descricao': 'LIQ CAMBIO', 'valor': '19484,88'}, {'data': '18/04/2024', 'descricao': 'LIQ CAMBIO', 'valor': '59116,89'}, {'data': '18/04/2024', 'descricao': 'LIQ CAMBIO', 'valor': '48739,88'}, {'data': '18/04/2024', 'descricao': 'LIQ CAMBIO', 'valor': '1751,34'}, {'data': '18/04/2024', 'descricao': 'LIQ CAMBIO', 'valor': '31211,4'}, {'data': '18/04/2024', 'descricao': 'LIQ CAMBIO', 'valor': '115,5'}, {'data': '18/04/2024', 'descricao': 'LIQ CAMBIO', 'valor': '186,31'}, {'data': '18/04/2024', 'descricao': 'LIQ CAMBIO', 'valor': '46209,7'}, {'data': '18/04/2024', 'descricao': 'LIQ CAMBIO', 'valor': '72,98'}, {'data': '18/04/2024', 'descricao': 'IOF S/CAMBIO', 'valor': '210,27'}, {'data': '18/04/2024', 'descricao': 'LIQ CAMBIO', 'valor': '9166,55'}, {'data': '18/04/2024', 'descricao': 'LIQ CAMBIO', 'valor': '23892,04'}, {'data': '18/04/2024', 'descricao': 'LIQ CAMBIO', 'valor': '833,5'}, {'data': '18/04/2024', 'descricao': 'LIQ CAMBIO', 'valor': '30787,91'}, {'data': '18/04/2024', 'descricao': 'LIQ CAMBIO', 'valor': '173968,76'}, {'data': '18/04/2024', 'descricao': 'LIQ CAMBIO', 'valor': '3880,69'}, {'data': '18/04/2024', 'descricao': 'LIQ CAMBIO', 'valor': '7600,73'}, {'data': '18/04/2024', 'descricao': 'LIQ CAMBIO', 'valor': '13767,46'}, {'data': '18/04/2024', 'descricao': 'LIQ CAMBIO', 'valor': '41382,97'}, {'data': '18/04/2024', 'descricao': 'LIQ CAMBIO', 'valor': '1019,55'}, {'data': '18/04/2024', 'descricao': 'LIQ CAMBIO', 'valor': '13196,11'}, {'data': '18/04/2024', 'descricao': 'LIQ CAMBIO', 'valor': '1092,43'}, {'data': '18/04/2024', 'descricao': 'LIQ CAMBIO', 'valor': '39553,53'}, {'data': '18/04/2024', 'descricao': 'LIQ CAMBIO', 'valor': '7600,73'}, {'data': '18/04/2024', 'descricao': 'LIQ CAMBIO', 'valor': '58,99'}, {'data': '18/04/2024', 'descricao': 'LIQ CAMBIO', 'valor': '6683,05'}, {'data': '18/04/2024', 'descricao': 'LIQ CAMBIO', 'valor': '39457,78'}, {'data': '18/04/2024', 'descricao': 'LIQ CAMBIO', 'valor': '12098,3'}, {'data': '18/04/2024', 'descricao': 'LIQ CAMBIO', 'valor': '31,69'}, {'data': '18/04/2024', 'descricao': 'LIQ CAMBIO', 'valor': '28122,49'}, {'data': '18/04/2024', 'descricao': 'LIQ CAMBIO', 'valor': '16266,59'}, {'data': '18/04/2024', 'descricao': 'LIQ CAMBIO', 'valor': '29753,15'}, {'data': '18/04/2024', 'descricao': 'LIQ CAMBIO', 'valor': '28122,49'}, {'data': '18/04/2024', 'descricao': 'LIQ CAMBIO', 'valor': '261,25'}, {'data': '18/04/2024', 'descricao': 'LIQ CAMBIO', 'valor': '9584,33'}, {'data': '18/04/2024', 'descricao': 'LIQ CAMBIO', 'valor': '149,19'}, {'data': '18/04/2024', 'descricao': 'LIQ CAMBIO', 'valor': '55335,43'}, {'data': '18/04/2024', 'descricao': 'LIQ CAMBIO', 'valor': '9447,08'}, {'data': '18/04/2024', 'descricao': 'LIQ CAMBIO', 'valor': '1012,84'}, {'data': '18/04/2024', 'descricao': 'IOF S/CAMBIO', 'valor': '143,18'}, {'data': '18/04/2024', 'descricao': 'IOF S/CAMBIO', 'valor': '158,45'}, {'data': '18/04/2024', 'descricao': 'LIQ CAMBIO', 'valor': '37679,25'}, {'data': '18/04/2024', 'descricao': 'LIQ CAMBIO', 'valor': '41698,14'}, {'data': '18/04/2024', 'descricao': 'IOF S/CAMBIO', 'valor': '171,72'}, {'data': '18/04/2024', 'descricao': 'IOF S/CAMBIO', 'valor': '21,06'}, {'data': '18/04/2024', 'descricao': 'LIQ CAMBIO', 'valor': '45189,68'}, {'data': '18/04/2024', 'descricao': 'LIQ CAMBIO', 'valor': '5542,73'}, {'data': '18/04/2024', 'descricao': 'IOF S/CAMBIO', 'valor': '136,81'}, {'data': '18/04/2024', 'descricao': 'IOF S/CAMBIO', 'valor': '36,00'}, {'data': '18/04/2024', 'descricao': 'IOF S/CAMBIO', 'valor': '55,81'}, {'data': '18/04/2024', 'descricao': 'LIQ CAMBIO', 'valor': '36003,85'}, {'data': '18/04/2024', 'descricao': 'LIQ CAMBIO', 'valor': '14685,77'}, {'data': '18/04/2024', 'descricao': 'LIQ CAMBIO', 'valor': '9474,69'}, {'data': '18/04/2024', 'descricao': 'IOF S/CAMBIO', 'valor': '204,21'}, {'data': '18/04/2024', 'descricao': 'LIQ CAMBIO', 'valor': '53740,67'}, {'data': '18/04/2024', 'descricao': 'IOF S/CAMBIO', 'valor': '100,81'}, {'data': '18/04/2024', 'descricao': 'IOF S/CAMBIO', 'valor': '47,34'}, {'data': '18/04/2024', 'descricao': 'IOF S/CAMBIO', 'valor': '6,02'}, {'data': '18/04/2024', 'descricao': 'LIQ CAMBIO', 'valor': '26529,16'}, {'data': '18/04/2024', 'descricao': 'LIQ CAMBIO', 'valor': '12456,88'}, {'data': '18/04/2024', 'descricao': 'LIQ CAMBIO', 'valor': '1584,62'}, {'data': '18/04/2024', 'descricao': 'IOF S/CAMBIO', 'valor': '99,94'}, {'data': '18/04/2024', 'descricao': 'LIQ CAMBIO', 'valor': '26300,22'}, {'data': '18/04/2024', 'descricao': 'IOF S/CAMBIO', 'valor': '87,38'}, {'data': '18/04/2024', 'descricao': 'IOF S/CAMBIO', 'valor': '67,18'}, {'data': '18/04/2024', 'descricao': 'LIQ CAMBIO', 'valor': '22993,47'}, {'data': '18/04/2024', 'descricao': 'LIQ CAMBIO', 'valor': '17678,36'}, {'data': '18/04/2024', 'descricao': 'IOF S/CAMBIO', 'valor': '126,41'}, {'data': '18/04/2024', 'descricao': 'IOF S/CAMBIO', 'valor': '122,98'}, {'data': '18/04/2024', 'descricao': 'LIQ CAMBIO', 'valor': '33265,39'}, {'data': '18/04/2024', 'descricao': 'LIQ CAMBIO', 'valor': '32364,13'}, {'data': '18/04/2024', 'descricao': 'PAG DARF 0473 - OCEANICA ENGENHARIA E CONSULTORIA', 'valor': '78222,56'}, {'data': '18/04/2024', 'descricao': 'PAG DARF 5434 - OCEANICA ENGENHARIA E CONSULTORIA', 'valor': '8923,79'}, {'data': '18/04/2024', 'descricao': 'PAG DARF 8741 - OCEANICA ENGENHARIA E CONSULTORIA', 'valor': '52148,38'}, {'data': '18/04/2024', 'descricao': 'PAG DARF 5442 - OCEANICA ENGENHARIA E CONSULTORIA', 'valor': '41103,5'}, {'data': '19/04/2024', 'descricao': 'IOF S/CAMBIO', 'valor': '202,46'}, {'data': '19/04/2024', 'descricao': 'IOF S/CAMBIO', 'valor': '137,04'}, {'data': '19/04/2024', 'descricao': 'IOF S/CAMBIO', 'valor': '551,07'}, {'data': '19/04/2024', 'descricao': 'LIQ CAMBIO', 'valor': '53277,75'}, {'data': '19/04/2024', 'descricao': 'LIQ CAMBIO', 'valor': '36064,06'}, {'data': '19/04/2024', 'descricao': 'LIQ CAMBIO', 'valor': '145018,77'}, {'data': '19/04/2024', 'descricao': 'IOF S/CAMBIO', 'valor': '202,46'}, {'data': '19/04/2024', 'descricao': 'LIQ CAMBIO', 'valor': '53277,75'}, {'data': '19/04/2024', 'descricao': 'PAG DARF 0473 - OCEANICA ENGENHARIA E CONSULTORIA', 'valor': '53932,19'}, {'data': '19/04/2024', 'descricao': 'PAG DARF 5442 - OCEANICA ENGENHARIA E CONSULTORIA', 'valor': '28339,67'}, {'data': '19/04/2024', 'descricao': 'PAG DARF 5434 - OCEANICA ENGENHARIA E CONSULTORIA', 'valor': '6152,69'}, {'data': '19/04/2024', 'descricao': 'PAG DARF 8741 - OCEANICA ENGENHARIA E CONSULTORIA', 'valor': '35954,79'}, {'data': '25/04/2024', 'descricao': 'LIQ CAMBIO', 'valor': '441482,69'}, {'data': '25/04/2024', 'descricao': 'LIQ CAMBIO', 'valor': '91772,54'}, {'data': '25/04/2024', 'descricao': 'LIQ CAMBIO', 'valor': '87364,75'}, {'data': '25/04/2024', 'descricao': 'LIQ CAMBIO', 'valor': '90846,23'}, {'data': '25/04/2024', 'descricao': 'LIQ CAMBIO', 'valor': '2721,69'}, {'data': '25/04/2024', 'descricao': 'LIQ CAMBIO', 'valor': '59354,22'}, {'data': '25/04/2024', 'descricao': 'LIQ CAMBIO', 'valor': '61329,14'}, {'data': '25/04/2024', 'descricao': 'LIQ CAMBIO', 'valor': '5166,27'}, {'data': '25/04/2024', 'descricao': 'LIQ CAMBIO', 'valor': '6771,86'}, {'data': '25/04/2024', 'descricao': 'LIQ CAMBIO', 'valor': '4083,89'}, {'data': '25/04/2024', 'descricao': 'LIQ CAMBIO', 'valor': '96274,00'}, {'data': '25/04/2024', 'descricao': 'LIQ CAMBIO', 'valor': '80427,56'}, {'data': '25/04/2024', 'descricao': 'LIQ CAMBIO', 'valor': '60564,15'}, {'data': '25/04/2024', 'descricao': 'LIQ CAMBIO', 'valor': '233997,86'}, {'data': '25/04/2024', 'descricao': 'LIQ CAMBIO', 'valor': '20868,51'}, {'data': '25/04/2024', 'descricao': 'LIQ CAMBIO', 'valor': '7829,42'}, {'data': '25/04/2024', 'descricao': 'LIQ CAMBIO', 'valor': '13580,36'}, {'data': '25/04/2024', 'descricao': 'LIQ CAMBIO', 'valor': '6422,15'}, {'data': '25/04/2024', 'descricao': 'LIQ CAMBIO', 'valor': '1731,27'}, {'data': '25/04/2024', 'descricao': 'LIQ CAMBIO', 'valor': '239448,17'}, {'data': '25/04/2024', 'descricao': 'LIQ CAMBIO', 'valor': '3250,21'}, {'data': '29/04/2024', 'descricao': 'IOF S/CAMBIO', 'valor': '19551,00'}, {'data': '29/04/2024', 'descricao': 'LIQ CAMBIO', 'valor': '5145000,00'}, {'data': '29/04/2024', 'descricao': 'DÉBITO EM C/C VIA CIP - OCEANICA ENGENHARIA E CONSULTORIA SA', 'valor': '1000000,00'}, {'data': '30/04/2024', 'descricao': 'TRANSFERÊNCIA A CRÉDITO VIA PIX - OCEANICA ENGENHARIA E CONSULTORIA S.A.', 'valor': '10000000,00'}, {'data': '30/04/2024', 'descricao': 'Saldo Final + Rendimento Provisionado de Saldo Remunerado', 'valor': ',00'}, {'data': 'Total de Créditos', 'descricao': 'nan', 'valor': '24500000,00'}, {'data': 'Total de Débitos', 'descricao': 'nan', 'valor': '14351285,52'}]
2024-05-24 16:30:02.788Z;functions.excel.2418:  imposto_list [{'data': '03/04/2024', 'descricao': 'IOF S/CAMBIO', 'valor': '151,94', 'imposto': 'IOF'}, {'data': '03/04/2024', 'descricao': 'IOF S/CAMBIO', 'valor': '77,12', 'imposto': 'IOF'}, {'data': '03/04/2024', 'descricao': 'IOF S/CAMBIO', 'valor': '1036,87', 'imposto': 'IOF'}, {'data': '03/04/2024', 'descricao': 'IOF S/CAMBIO', 'valor': '103,38', 'imposto': 'IOF'}, {'data': '05/04/2024', 'descricao': 'IOF S/CAMBIO', 'valor': '193,16', 'imposto': 'IOF'}, {'data': '05/04/2024', 'descricao': 'PAG DARF 0473 - OCEANICA ENGENHARIA E CONSULTORIA', 'valor': '9531,00', 'cod_impo': '0473', 'imposto': 'IR'}, {'data': '05/04/2024', 'descricao': 'PAG DARF 8741 - OCEANICA ENGENHARIA E CONSULTORIA', 'valor': '6354,00', 'cod_impo': '8741', 'imposto': 'CIDE'}, {'data': '05/04/2024', 'descricao': 'PAG DARF 5442 - OCEANICA ENGENHARIA E CONSULTORIA', 'valor': '5008,24', 'cod_impo': '5442', 'imposto': 'COFINS'}, {'data': '05/04/2024', 'descricao': 'PAG DARF 5434 - OCEANICA ENGENHARIA E CONSULTORIA', 'valor': '1087,32', 'cod_impo': '5434', 'imposto': 'PIS'}, {'data': '18/04/2024', 'descricao': 'IOF S/CAMBIO', 'valor': '210,27', 'imposto': 'IOF'}, {'data': '18/04/2024', 'descricao': 'IOF S/CAMBIO', 'valor': '143,18', 'imposto': 'IOF'}, {'data': '18/04/2024', 'descricao': 'IOF S/CAMBIO', 'valor': '158,45', 'imposto': 'IOF'}, {'data': '18/04/2024', 'descricao': 'IOF S/CAMBIO', 'valor': '171,72', 'imposto': 'IOF'}, {'data': '18/04/2024', 'descricao': 'IOF S/CAMBIO', 'valor': '21,06', 'imposto': 'IOF'}, {'data': '18/04/2024', 'descricao': 'IOF S/CAMBIO', 'valor': '136,81', 'imposto': 'IOF'}, {'data': '18/04/2024', 'descricao': 'IOF S/CAMBIO', 'valor': '36,00', 'imposto': 'IOF'}, {'data': '18/04/2024', 'descricao': 'IOF S/CAMBIO', 'valor': '55,81', 'imposto': 'IOF'}, {'data': '18/04/2024', 'descricao': 'IOF S/CAMBIO', 'valor': '204,21', 'imposto': 'IOF'}, {'data': '18/04/2024', 'descricao': 'IOF S/CAMBIO', 'valor': '100,81', 'imposto': 'IOF'}, {'data': '18/04/2024', 'descricao': 'IOF S/CAMBIO', 'valor': '47,34', 'imposto': 'IOF'}, {'data': '18/04/2024', 'descricao': 'IOF S/CAMBIO', 'valor': '6,02', 'imposto': 'IOF'}, {'data': '18/04/2024', 'descricao': 'IOF S/CAMBIO', 'valor': '99,94', 'imposto': 'IOF'}, {'data': '18/04/2024', 'descricao': 'IOF S/CAMBIO', 'valor': '87,38', 'imposto': 'IOF'}, {'data': '18/04/2024', 'descricao': 'IOF S/CAMBIO', 'valor': '67,18', 'imposto': 'IOF'}, {'data': '18/04/2024', 'descricao': 'IOF S/CAMBIO', 'valor': '126,41', 'imposto': 'IOF'}, {'data': '18/04/2024', 'descricao': 'IOF S/CAMBIO', 'valor': '122,98', 'imposto': 'IOF'}, {'data': '18/04/2024', 'descricao': 'PAG DARF 0473 - OCEANICA ENGENHARIA E CONSULTORIA', 'valor': '78222,56', 'cod_impo': '0473', 'imposto': 'IR'}, {'data': '18/04/2024', 'descricao': 'PAG DARF 5434 - OCEANICA ENGENHARIA E CONSULTORIA', 'valor': '8923,79', 'cod_impo': '5434', 'imposto': 'PIS'}, {'data': '18/04/2024', 'descricao': 'PAG DARF 8741 - OCEANICA ENGENHARIA E CONSULTORIA', 'valor': '52148,38', 'cod_impo': '8741', 'imposto': 'CIDE'}, {'data': '18/04/2024', 'descricao': 'PAG DARF 5442 - OCEANICA ENGENHARIA E CONSULTORIA', 'valor': '41103,5', 'cod_impo': '5442', 'imposto': 'COFINS'}, {'data': '19/04/2024', 'descricao': 'IOF S/CAMBIO', 'valor': '202,46', 'imposto': 'IOF'}, {'data': '19/04/2024', 'descricao': 'IOF S/CAMBIO', 'valor': '137,04', 'imposto': 'IOF'}, {'data': '19/04/2024', 'descricao': 'IOF S/CAMBIO', 'valor': '551,07', 'imposto': 'IOF'}, {'data': '19/04/2024', 'descricao': 'IOF S/CAMBIO', 'valor': '202,46', 'imposto': 'IOF'}, {'data': '19/04/2024', 'descricao': 'PAG DARF 0473 - OCEANICA ENGENHARIA E CONSULTORIA', 'valor': '53932,19', 'cod_impo': '0473', 'imposto': 'IR'}, {'data': '19/04/2024', 'descricao': 'PAG DARF 5442 - OCEANICA ENGENHARIA E CONSULTORIA', 'valor': '28339,67', 'cod_impo': '5442', 'imposto': 'COFINS'}, {'data': '19/04/2024', 'descricao': 'PAG DARF 5434 - OCEANICA ENGENHARIA E CONSULTORIA', 'valor': '6152,69', 'cod_impo': '5434', 'imposto': 'PIS'}, {'data': '19/04/2024', 'descricao': 'PAG DARF 8741 - OCEANICA ENGENHARIA E CONSULTORIA', 'valor': '35954,79', 'cod_impo': '8741', 'imposto': 'CIDE'}, {'data': '29/04/2024', 'descricao': 'IOF S/CAMBIO', 'valor': '19551,00', 'imposto': 'IOF'}]
2024-05-24 16:30:02.800Z;functions.excel.2419:  liq_cambio_list [{'data': '03/04/2024', 'descricao': 'LIQ CAMBIO', 'valor': '39985,49'}, {'data': '03/04/2024', 'descricao': 'LIQ CAMBIO', 'valor': '20294,84'}, {'data': '03/04/2024', 'descricao': 'LIQ CAMBIO', 'valor': '272861,32'}, {'data': '03/04/2024', 'descricao': 'LIQ CAMBIO', 'valor': '27205,99'}, {'data': '05/04/2024', 'descricao': 'LIQ CAMBIO', 'valor': '15121,63'}, {'data': '05/04/2024', 'descricao': 'LIQ CAMBIO', 'valor': '18384,92'}, {'data': '05/04/2024', 'descricao': 'LIQ CAMBIO', 'valor': '25161,34'}, {'data': '05/04/2024', 'descricao': 'LIQ CAMBIO', 'valor': '50831,00'}, {'data': '15/04/2024', 'descricao': 'LIQ CAMBIO', 'valor': '37632,1'}, {'data': '15/04/2024', 'descricao': 'LIQ CAMBIO', 'valor': '6899,61'}, {'data': '15/04/2024', 'descricao': 'LIQ CAMBIO', 'valor': '31834,55'}, {'data': '15/04/2024', 'descricao': 'LIQ CAMBIO', 'valor': '184838,75'}, {'data': '15/04/2024', 'descricao': 'LIQ CAMBIO', 'valor': '72291,99'}, {'data': '15/04/2024', 'descricao': 'LIQ CAMBIO', 'valor': '1967,79'}, {'data': '15/04/2024', 'descricao': 'LIQ CAMBIO', 'valor': '786114,52'}, {'data': '15/04/2024', 'descricao': 'LIQ CAMBIO', 'valor': '6285,02'}, {'data': '15/04/2024', 'descricao': 'LIQ CAMBIO', 'valor': '2164,33'}, {'data': '15/04/2024', 'descricao': 'LIQ CAMBIO', 'valor': '14039,63'}, {'data': '15/04/2024', 'descricao': 'LIQ CAMBIO', 'valor': '28679,11'}, {'data': '15/04/2024', 'descricao': 'LIQ CAMBIO', 'valor': '13915,43'}, {'data': '15/04/2024', 'descricao': 'LIQ CAMBIO', 'valor': '139641,68'}, {'data': '15/04/2024', 'descricao': 'LIQ CAMBIO', 'valor': '1664704,98'}, {'data': '15/04/2024', 'descricao': 'LIQ CAMBIO', 'valor': '12977,65'}, {'data': '15/04/2024', 'descricao': 'LIQ CAMBIO', 'valor': '7172,28'}, {'data': '15/04/2024', 'descricao': 'LIQ CAMBIO', 'valor': '18717,3'}, {'data': '15/04/2024', 'descricao': 'LIQ CAMBIO', 'valor': '31570,56'}, {'data': '15/04/2024', 'descricao': 'LIQ CAMBIO', 'valor': '60682,5'}, {'data': '15/04/2024', 'descricao': 'LIQ CAMBIO', 'valor': '4526,26'}, {'data': '15/04/2024', 'descricao': 'LIQ CAMBIO', 'valor': '7503,59'}, {'data': '15/04/2024', 'descricao': 'LIQ CAMBIO', 'valor': '5375,19'}, {'data': '15/04/2024', 'descricao': 'LIQ CAMBIO', 'valor': '15785,28'}, {'data': '15/04/2024', 'descricao': 'LIQ CAMBIO', 'valor': '85760,74'}, {'data': '15/04/2024', 'descricao': 'LIQ CAMBIO', 'valor': '15785,28'}, {'data': '18/04/2024', 'descricao': 'LIQ CAMBIO', 'valor': '173672,16'}, {'data': '18/04/2024', 'descricao': 'LIQ CAMBIO', 'valor': '4695,33'}, {'data': '18/04/2024', 'descricao': 'LIQ CAMBIO', 'valor': '98607,12'}, {'data': '18/04/2024', 'descricao': 'LIQ CAMBIO', 'valor': '2755,08'}, {'data': '18/04/2024', 'descricao': 'LIQ CAMBIO', 'valor': '15712,76'}, {'data': '18/04/2024', 'descricao': 'LIQ CAMBIO', 'valor': '8460,9'}, {'data': '18/04/2024', 'descricao': 'LIQ CAMBIO', 'valor': '17523,57'}, {'data': '18/04/2024', 'descricao': 'LIQ CAMBIO', 'valor': '13062,5'}, {'data': '18/04/2024', 'descricao': 'LIQ CAMBIO', 'valor': '7529,86'}, {'data': '18/04/2024', 'descricao': 'LIQ CAMBIO', 'valor': '3156,56'}, {'data': '18/04/2024', 'descricao': 'LIQ CAMBIO', 'valor': '3639,67'}, {'data': '18/04/2024', 'descricao': 'LIQ CAMBIO', 'valor': '184916,27'}, {'data': '18/04/2024', 'descricao': 'LIQ CAMBIO', 'valor': '357,52'}, {'data': '18/04/2024', 'descricao': 'LIQ CAMBIO', 'valor': '3833,06'}, {'data': '18/04/2024', 'descricao': 'LIQ CAMBIO', 'valor': '15513,47'}, {'data': '18/04/2024', 'descricao': 'LIQ CAMBIO', 'valor': '568,24'}, {'data': '18/04/2024', 'descricao': 'LIQ CAMBIO', 'valor': '44390,24'}, {'data': '18/04/2024', 'descricao': 'LIQ CAMBIO', 'valor': '789,93'}, {'data': '18/04/2024', 'descricao': 'LIQ CAMBIO', 'valor': '35123,93'}, {'data': '18/04/2024', 'descricao': 'LIQ CAMBIO', 'valor': '1039,51'}, {'data': '18/04/2024', 'descricao': 'LIQ CAMBIO', 'valor': '186170,88'}, {'data': '18/04/2024', 'descricao': 'LIQ CAMBIO', 'valor': '4790,03'}, {'data': '18/04/2024', 'descricao': 'LIQ CAMBIO', 'valor': '517,01'}, {'data': '18/04/2024', 'descricao': 'LIQ CAMBIO', 'valor': '117558,23'}, {'data': '18/04/2024', 'descricao': 'LIQ CAMBIO', 'valor': '4,96'}, {'data': '18/04/2024', 'descricao': 'LIQ CAMBIO', 'valor': '1240,88'}, {'data': '18/04/2024', 'descricao': 'LIQ CAMBIO', 'valor': '10472,54'}, {'data': '18/04/2024', 'descricao': 'LIQ CAMBIO', 'valor': '6981,69'}, {'data': '18/04/2024', 'descricao': 'LIQ CAMBIO', 'valor': '19484,88'}, {'data': '18/04/2024', 'descricao': 'LIQ CAMBIO', 'valor': '59116,89'}, {'data': '18/04/2024', 'descricao': 'LIQ CAMBIO', 'valor': '48739,88'}, {'data': '18/04/2024', 'descricao': 'LIQ CAMBIO', 'valor': '1751,34'}, {'data': '18/04/2024', 'descricao': 'LIQ CAMBIO', 'valor': '31211,4'}, {'data': '18/04/2024', 'descricao': 'LIQ CAMBIO', 'valor': '115,5'}, {'data': '18/04/2024', 'descricao': 'LIQ CAMBIO', 'valor': '186,31'}, {'data': '18/04/2024', 'descricao': 'LIQ CAMBIO', 'valor': '46209,7'}, {'data': '18/04/2024', 'descricao': 'LIQ CAMBIO', 'valor': '72,98'}, {'data': '18/04/2024', 'descricao': 'LIQ CAMBIO', 'valor': '9166,55'}, {'data': '18/04/2024', 'descricao': 'LIQ CAMBIO', 'valor': '23892,04'}, {'data': '18/04/2024', 'descricao': 'LIQ CAMBIO', 'valor': '833,5'}, {'data': '18/04/2024', 'descricao': 'LIQ CAMBIO', 'valor': '30787,91'}, {'data': '18/04/2024', 'descricao': 'LIQ CAMBIO', 'valor': '173968,76'}, {'data': '18/04/2024', 'descricao': 'LIQ CAMBIO', 'valor': '3880,69'}, {'data': '18/04/2024', 'descricao': 'LIQ CAMBIO', 'valor': '7600,73'}, {'data': '18/04/2024', 'descricao': 'LIQ CAMBIO', 'valor': '13767,46'}, {'data': '18/04/2024', 'descricao': 'LIQ CAMBIO', 'valor': '41382,97'}, {'data': '18/04/2024', 'descricao': 'LIQ CAMBIO', 'valor': '1019,55'}, {'data': '18/04/2024', 'descricao': 'LIQ CAMBIO', 'valor': '13196,11'}, {'data': '18/04/2024', 'descricao': 'LIQ CAMBIO', 'valor': '1092,43'}, {'data': '18/04/2024', 'descricao': 'LIQ CAMBIO', 'valor': '39553,53'}, {'data': '18/04/2024', 'descricao': 'LIQ CAMBIO', 'valor': '7600,73'}, {'data': '18/04/2024', 'descricao': 'LIQ CAMBIO', 'valor': '58,99'}, {'data': '18/04/2024', 'descricao': 'LIQ CAMBIO', 'valor': '6683,05'}, {'data': '18/04/2024', 'descricao': 'LIQ CAMBIO', 'valor': '39457,78'}, {'data': '18/04/2024', 'descricao': 'LIQ CAMBIO', 'valor': '12098,3'}, {'data': '18/04/2024', 'descricao': 'LIQ CAMBIO', 'valor': '31,69'}, {'data': '18/04/2024', 'descricao': 'LIQ CAMBIO', 'valor': '28122,49'}, {'data': '18/04/2024', 'descricao': 'LIQ CAMBIO', 'valor': '16266,59'}, {'data': '18/04/2024', 'descricao': 'LIQ CAMBIO', 'valor': '29753,15'}, {'data': '18/04/2024', 'descricao': 'LIQ CAMBIO', 'valor': '28122,49'}, {'data': '18/04/2024', 'descricao': 'LIQ CAMBIO', 'valor': '261,25'}, {'data': '18/04/2024', 'descricao': 'LIQ CAMBIO', 'valor': '9584,33'}, {'data': '18/04/2024', 'descricao': 'LIQ CAMBIO', 'valor': '149,19'}, {'data': '18/04/2024', 'descricao': 'LIQ CAMBIO', 'valor': '55335,43'}, {'data': '18/04/2024', 'descricao': 'LIQ CAMBIO', 'valor': '9447,08'}, {'data': '18/04/2024', 'descricao': 'LIQ CAMBIO', 'valor': '1012,84'}, {'data': '18/04/2024', 'descricao': 'LIQ CAMBIO', 'valor': '37679,25'}, {'data': '18/04/2024', 'descricao': 'LIQ CAMBIO', 'valor': '41698,14'}, {'data': '18/04/2024', 'descricao': 'LIQ CAMBIO', 'valor': '45189,68'}, {'data': '18/04/2024', 'descricao': 'LIQ CAMBIO', 'valor': '5542,73'}, {'data': '18/04/2024', 'descricao': 'LIQ CAMBIO', 'valor': '36003,85'}, {'data': '18/04/2024', 'descricao': 'LIQ CAMBIO', 'valor': '14685,77'}, {'data': '18/04/2024', 'descricao': 'LIQ CAMBIO', 'valor': '9474,69'}, {'data': '18/04/2024', 'descricao': 'LIQ CAMBIO', 'valor': '53740,67'}, {'data': '18/04/2024', 'descricao': 'LIQ CAMBIO', 'valor': '26529,16'}, {'data': '18/04/2024', 'descricao': 'LIQ CAMBIO', 'valor': '12456,88'}, {'data': '18/04/2024', 'descricao': 'LIQ CAMBIO', 'valor': '1584,62'}, {'data': '18/04/2024', 'descricao': 'LIQ CAMBIO', 'valor': '26300,22'}, {'data': '18/04/2024', 'descricao': 'LIQ CAMBIO', 'valor': '22993,47'}, {'data': '18/04/2024', 'descricao': 'LIQ CAMBIO', 'valor': '17678,36'}, {'data': '18/04/2024', 'descricao': 'LIQ CAMBIO', 'valor': '33265,39'}, {'data': '18/04/2024', 'descricao': 'LIQ CAMBIO', 'valor': '32364,13'}, {'data': '19/04/2024', 'descricao': 'LIQ CAMBIO', 'valor': '53277,75'}, {'data': '19/04/2024', 'descricao': 'LIQ CAMBIO', 'valor': '36064,06'}, {'data': '19/04/2024', 'descricao': 'LIQ CAMBIO', 'valor': '145018,77'}, {'data': '19/04/2024', 'descricao': 'LIQ CAMBIO', 'valor': '53277,75'}, {'data': '25/04/2024', 'descricao': 'LIQ CAMBIO', 'valor': '441482,69'}, {'data': '25/04/2024', 'descricao': 'LIQ CAMBIO', 'valor': '91772,54'}, {'data': '25/04/2024', 'descricao': 'LIQ CAMBIO', 'valor': '87364,75'}, {'data': '25/04/2024', 'descricao': 'LIQ CAMBIO', 'valor': '90846,23'}, {'data': '25/04/2024', 'descricao': 'LIQ CAMBIO', 'valor': '2721,69'}, {'data': '25/04/2024', 'descricao': 'LIQ CAMBIO', 'valor': '59354,22'}, {'data': '25/04/2024', 'descricao': 'LIQ CAMBIO', 'valor': '61329,14'}, {'data': '25/04/2024', 'descricao': 'LIQ CAMBIO', 'valor': '5166,27'}, {'data': '25/04/2024', 'descricao': 'LIQ CAMBIO', 'valor': '6771,86'}, {'data': '25/04/2024', 'descricao': 'LIQ CAMBIO', 'valor': '4083,89'}, {'data': '25/04/2024', 'descricao': 'LIQ CAMBIO', 'valor': '96274,00'}, {'data': '25/04/2024', 'descricao': 'LIQ CAMBIO', 'valor': '80427,56'}, {'data': '25/04/2024', 'descricao': 'LIQ CAMBIO', 'valor': '60564,15'}, {'data': '25/04/2024', 'descricao': 'LIQ CAMBIO', 'valor': '233997,86'}, {'data': '25/04/2024', 'descricao': 'LIQ CAMBIO', 'valor': '20868,51'}, {'data': '25/04/2024', 'descricao': 'LIQ CAMBIO', 'valor': '7829,42'}, {'data': '25/04/2024', 'descricao': 'LIQ CAMBIO', 'valor': '13580,36'}, {'data': '25/04/2024', 'descricao': 'LIQ CAMBIO', 'valor': '6422,15'}, {'data': '25/04/2024', 'descricao': 'LIQ CAMBIO', 'valor': '1731,27'}, {'data': '25/04/2024', 'descricao': 'LIQ CAMBIO', 'valor': '239448,17'}, {'data': '25/04/2024', 'descricao': 'LIQ CAMBIO', 'valor': '3250,21'}, {'data': '29/04/2024', 'descricao': 'LIQ CAMBIO', 'valor': '5145000,00'}]
2024-05-24 16:30:02.831Z;functions.extrair_contrato.2001:  SERÃO TRATADOS 5 ARQUIVOS.
2024-05-24 16:30:02.832Z;functions.extrair_contrato.2003:  arquivos: ['C:\\\\Projetos\\\\Retornos\\\\Retorno_Baixa_Remessa_Moeda_Estrangeira\\\\PDF\\ARGUS_CONTRATO_ USD 1.374,00_R$ 7.172,28.pdf', 'C:\\\\Projetos\\\\Retornos\\\\Retorno_Baixa_Remessa_Moeda_Estrangeira\\\\PDF\\ARGUS_CONTRATO_ USD 3.024,00_R$ 15.785,28.pdf', 'C:\\\\Projetos\\\\Retornos\\\\Retorno_Baixa_Remessa_Moeda_Estrangeira\\\\PDF\\AXA_CONTRATO_USD 3.972,37_R$ 20.294,84.pdf', 'C:\\\\Projetos\\\\Retornos\\\\Retorno_Baixa_Remessa_Moeda_Estrangeira\\\\PDF\\AXA_CONTRATO_USD 5.325,11_R$ 27.205,99.pdf', 'C:\\\\Projetos\\\\Retornos\\\\Retorno_Baixa_Remessa_Moeda_Estrangeira\\\\PDF\\FORUM_CONTRATO_GBP 26.410,00_R$173.672,16.pdf']
2024-05-24 16:30:02.834Z;functions.extrair_contrato.2009:  Contrato: C:\\Projetos\\Retornos\\Retorno_Baixa_Remessa_Moeda_Estrangeira\\PDF\ARGUS_CONTRATO_ USD 1.374,00_R$ 7.172,28.pdf
2024-05-24 16:30:02.836Z;functions.extrair_contrato.2011:  nome ARGUS_CONTRATO_ USD 1.374,00_R$ 7.172,28.pdf
2024-05-24 16:30:28.083Z;functions.extrair_contrato.2045:  PDF COM IMAGEM
2024-05-24 16:30:28.083Z;functions.tranf_pdf_pdf.2837:  PDF copiado
2024-05-24 16:30:28.083Z;functions.tranf_pdf_pdf.2840:  nome ARGUS_CONTRATO_ USD 1.374,00_R$ 7.172,28
2024-05-24 16:30:31.567Z;functions.tranf_pdf_pdf.2866:  Imagens extraidas
2024-05-24 16:30:37.474Z;functions.tranf_pdf_pdf.2889:  Imagem redimensionada
2024-05-24 16:30:51.434Z;functions.tranf_pdf_pdf.2892:  Imagem redimensionada Salva
2024-05-24 16:30:54.942Z;functions.preprocess_image.2783:  pre 1
2024-05-24 16:34:02.005Z;functions.preprocess_image.2786:  pre 2
2024-05-24 16:34:02.005Z;functions.preprocess_image.2788:  pre 3
2024-05-24 16:34:02.618Z;functions.preprocess_image.2790:  pre 4
2024-05-24 16:34:02.895Z;functions.preprocess_image.2797:  pre 5
2024-05-24 16:34:03.052Z;functions.preprocess_image.2808:  pre 6
2024-05-24 16:34:03.052Z;functions.preprocess_image.2812:  pre 7
2024-05-24 16:34:03.255Z;functions.preprocess_image.2814:  pre 8
2024-05-24 16:34:03.458Z;functions.preprocess_image.2817:  pre 9
2024-05-24 16:34:05.223Z;functions.preprocess_image.2824:  pre 10
2024-05-24 16:34:05.380Z;functions.tranf_pdf_pdf.2895:  Imagem redimensionada Pos processada
2024-05-24 16:34:05.401Z;functions.tranf_pdf_pdf.2905:  Imagem Pos processada aberta
2024-05-24 16:34:10.864Z;functions.tranf_pdf_pdf.2909:  Imagem Pos processada escrita
2024-05-24 16:34:15.598Z;functions.tranf_pdf_pdf.2889:  Imagem redimensionada
2024-05-24 16:34:33.880Z;functions.tranf_pdf_pdf.2892:  Imagem redimensionada Salva
2024-05-24 16:34:36.973Z;functions.preprocess_image.2783:  pre 1
2024-05-24 16:37:42.614Z;functions.preprocess_image.2786:  pre 2
2024-05-24 16:37:42.614Z;functions.preprocess_image.2788:  pre 3
2024-05-24 16:37:43.098Z;functions.preprocess_image.2790:  pre 4
2024-05-24 16:37:43.411Z;functions.preprocess_image.2797:  pre 5
2024-05-24 16:37:43.599Z;functions.preprocess_image.2808:  pre 6
2024-05-24 16:37:43.599Z;functions.preprocess_image.2812:  pre 7
2024-05-24 16:37:43.817Z;functions.preprocess_image.2814:  pre 8
2024-05-24 16:37:44.067Z;functions.preprocess_image.2817:  pre 9
2024-05-24 16:37:45.880Z;functions.preprocess_image.2824:  pre 10
2024-05-24 16:37:46.034Z;functions.tranf_pdf_pdf.2895:  Imagem redimensionada Pos processada
2024-05-24 16:37:46.076Z;functions.tranf_pdf_pdf.2905:  Imagem Pos processada aberta
2024-05-24 16:37:52.548Z;functions.tranf_pdf_pdf.2909:  Imagem Pos processada escrita
2024-05-24 16:37:57.022Z;functions.tranf_pdf_pdf.2889:  Imagem redimensionada
2024-05-24 16:38:09.188Z;functions.tranf_pdf_pdf.2892:  Imagem redimensionada Salva
2024-05-24 16:38:13.390Z;functions.preprocess_image.2783:  pre 1
2024-05-24 16:41:31.295Z;functions.preprocess_image.2786:  pre 2
2024-05-24 16:41:31.295Z;functions.preprocess_image.2788:  pre 3
2024-05-24 16:41:31.745Z;functions.preprocess_image.2790:  pre 4
2024-05-24 16:41:32.072Z;functions.preprocess_image.2797:  pre 5
2024-05-24 16:41:32.307Z;functions.preprocess_image.2808:  pre 6
2024-05-24 16:41:32.307Z;functions.preprocess_image.2812:  pre 7
2024-05-24 16:41:32.632Z;functions.preprocess_image.2814:  pre 8
2024-05-24 16:41:32.929Z;functions.preprocess_image.2817:  pre 9
2024-05-24 16:41:34.805Z;functions.preprocess_image.2824:  pre 10
2024-05-24 16:41:34.928Z;functions.tranf_pdf_pdf.2895:  Imagem redimensionada Pos processada
2024-05-24 16:41:34.969Z;functions.tranf_pdf_pdf.2905:  Imagem Pos processada aberta
2024-05-24 16:41:38.702Z;functions.tranf_pdf_pdf.2909:  Imagem Pos processada escrita
2024-05-24 16:41:42.514Z;functions.tranf_pdf_pdf.2889:  Imagem redimensionada
2024-05-24 16:41:52.937Z;functions.tranf_pdf_pdf.2892:  Imagem redimensionada Salva
2024-05-24 16:41:55.781Z;functions.preprocess_image.2783:  pre 1
2024-05-24 16:44:57.633Z;functions.preprocess_image.2786:  pre 2
2024-05-24 16:44:57.634Z;functions.preprocess_image.2788:  pre 3
2024-05-24 16:44:58.324Z;functions.preprocess_image.2790:  pre 4
2024-05-24 16:44:58.672Z;functions.preprocess_image.2797:  pre 5
2024-05-24 16:44:58.938Z;functions.preprocess_image.2808:  pre 6
2024-05-24 16:44:58.939Z;functions.preprocess_image.2812:  pre 7
2024-05-24 16:44:59.167Z;functions.preprocess_image.2814:  pre 8
2024-05-24 16:44:59.474Z;functions.preprocess_image.2817:  pre 9
2024-05-24 16:45:01.958Z;functions.preprocess_image.2824:  pre 10
2024-05-24 16:45:02.129Z;functions.tranf_pdf_pdf.2895:  Imagem redimensionada Pos processada
2024-05-24 16:45:02.188Z;functions.tranf_pdf_pdf.2905:  Imagem Pos processada aberta
2024-05-24 16:45:07.380Z;functions.tranf_pdf_pdf.2909:  Imagem Pos processada escrita
2024-05-24 16:45:07.786Z;functions.tranf_pdf_pdf.2914:  Novo PDF com imagens salvo
2024-05-24 16:45:10.017Z;ocr.exec_concurrent.96:  Start processing 3 pages concurrently
2024-05-24 16:45:52.958Z;tesseract.tesseract_log_output.257:  [tesseract] read_params_file: Can't open --oem 2 --psm 11 dpi 200 --remove_noise --tessedit_create_hocr 1 --textonly_pdf 1 --remove_background True
2024-05-24 16:45:55.639Z;tesseract.tesseract_log_output.257:  [tesseract] read_params_file: Can't open --oem 2 --psm 11 dpi 200 --remove_noise --tessedit_create_hocr 1 --textonly_pdf 1 --remove_background True
2024-05-24 16:45:55.640Z;tesseract.tesseract_log_output.241:  [tesseract] lots of diacritics - possibly poor OCR
2024-05-24 16:45:58.152Z;tesseract.tesseract_log_output.257:  [tesseract] read_params_file: Can't open --oem 2 --psm 11 dpi 200 --remove_noise --tessedit_create_hocr 1 --textonly_pdf 1 --remove_background True
2024-05-24 16:46:59.404Z;tesseract.tesseract_log_output.257:  [tesseract] read_params_file: Can't open --oem 2 --psm 11 dpi 200 --remove_noise --tessedit_create_hocr 1 --textonly_pdf 1 --remove_background True
2024-05-24 16:46:59.805Z;ocr.exec_concurrent.145:  Postprocessing...
2024-05-24 16:47:43.908Z;optimize.optimize.717:  Image optimization did not improve the file - optimizations will not be used
2024-05-24 16:47:44.302Z;_pipeline.optimize_pdf.989:  Image optimization ratio: 1.00 savings: -0.0%
2024-05-24 16:47:44.302Z;_pipeline.optimize_pdf.992:  Total file size ratio: 1.29 savings: 22.3%
2024-05-24 16:47:44.343Z;_common.report_output_pdf.441:  Output file is a PDF/A-2B (as expected)
2024-05-24 16:47:44.583Z;functions.pdf_image_to_text.2941:  PDF transformado para texto
2024-05-24 16:47:49.145Z;functions.extrair_contrato.2052:  texto: Tipo do Contrato | Evento Número do Contrato | Data

Contrato de Câmbio

As partes a seguir denominadas, instituição autorizada a operar no mercado de câmbio e

cliente, contratam a presente operação de câmbio, nas condições aqui estipuladas e declaram que a

mesma subordina-se às normas, condições e exigências legais e regulamentares aplicáveis à

matéria.

Instituição autorizada a operar no mercado de câmbio

Nome CNPJ

BANCO BTG PACTUAL 30.306.294/0001-45

Endereço

AV. BRIGADEIRO FARIA LIMA 3477

C[dade UF

SAÃO PAULO SP

Cliente

Nome CNPJ/CPFl/Ident.

Endereço

AVENIDA DAS AMERICAS 03434 BLC O1 SALAS 301 A 308 - BARRA DA TIJUCA

Cidade UFIPais

RIO DE JANEIRO RJI BRASIL

29.980.141/0001-08

Instituição Intermediadora*

Dados da Operação

Código Moeda Valor em moeda estrangeira

1.3/4,00 (MIl e Trezentos e Setenta e Quatro Dólares dos Estados

Taxa Cambial Valor em moeda nacional

Unidos

R$ 7.172,28 (Sete Mil e Cento e Setenta e Dois Reais e Vinte e Oilto

Centavos

Valor Efetivo Total (VET) | Descrição da forma de entrega da | Liquidação até

moeda estrangeilra

5,220000000000 Teletransmissão 15/04/2024

Codlgo da Natureza Descrição da natureza do fato

12407 67/-N-05-67 Importação - Pagamento antecipado - até 180 dias

Pagador ou recebedor no exterior*

ARGUS REMOTE SYSTEMS AS

País do pagador ou recebedor no; Código da relação de vínculo entre o cliente e o

exterior* pagadorirecebedor no exterior*

6/ - Classificação não requerida pela

Página 1 de 4

Tipo do Contrato | Evento Número do Contrato | Data

Contrato de Câmbio

Outras Especificações

Tributos(R$): IR(0473) 0,00 - CIDE(87/41) 0,00 - IOF 0,00

Tributos(RS$): PIS(5434) 0,00 - COFINS(5442) 0,00

Tarifa do Contrato: R$0,00

INV 15345, 15288, 15287, 15136

Declaro estar ciente de que o Banco BTG Pactual S.A. (BTG') não presta consultoria tributária,

nem valida e/ou confirma impactos fiscais decorrentes do fechamento de contratos de câmbrio.

Nesse sentido, concordo que qualquer decisão de recolhimento de tributos e eventuais

consectários legais cabe exclusivamente a mim e a meus assessores legais, e que os valores

monetários apresentados no presente contrato são apenas indicativos. Declaro também que, na

tomada de decisão sobre o recolhimento de tributos, considerei o risco de Incidência de multa e

acréscimos moratórios caso o recolhimento ocorra em atraso. Em caso de desacordo com as

alíquotas e/ou com os valores apresentados no presente contrato, o recolhimento dos tributos

ocorrerá mediante indicação de fundamento legal apropriado, e será (1) realizado pelo BTG por

meio de pedido formalizado em carta especiífica; ou (1) comprovado ao BTG por meio de prévio

envio dos respectivos comprovantes de recolhimento. Em qualquer dos casos, a carta e/ou o

comprovante refletirão os valores efetivamente recolhidos, sem que seja necessário alterar os

valores indicados no presente contrato em caso de divergências. Declaro ainda que estou ciente

de que, no entendimento do Banco, o fato gerador dos tributos decorrentes de remessas ao

exterior ocorre no momento do pagamento, crédito, entrega, emprego ou remessa.

Cláusulas Contratuais

(0004) O COMPRADOR SE RESPONSABILIZA PELA EXATIDAO DAS INFORMACOES POR

ELE PRESTADAS NO AMBITO DO PRESENTE CONTRAITO, DEVENDO,

INCLUSIVE, REEMBOLSAR INTEGRALMENTE O BANCO BIG PACIUAL SA PELO

PAGAMENTO DE MULTAS E QUAISQUER OUTITRAS DESPESAS DECORRENTES DE

INCORRECÇAO DAS MESMAS.

(0006) O COMPRADOR DECLARA PARA OS DEVIDOS FINS ESTAR EM DIA COM TODAS AS

OBRIGAÇOES TRIBUTARIAS PERANTE À RECEITA FEDERAL, ASSUMINDO NESTE ATO

TOTAL E IRRETRATAVEL RESPONSABILIDADE PELA VERACIDADE DESTA INFORMA CAÃO.

O COMPRADOR ASSUME, AINDA, DE FORMA INTEGRAL, A RESPONSABILIDADE PELO

PAGAMENTO DE TRIBUIOS RELAIIVOS A OPERACÃO EM REFERENCIA QUE

PORVENTURA VENHAM A SER EXIGIDOS PELAS AUTORIDADES GOVERNAMENTAIS

BRASILEIRAS OU ESTRANGEIRAS.

(0008) O COMPRADOR COMPROMETE-SE DE FORMA IRREITRATAVEL A ACATAR

IMEDIATA- MENTE QUALQUER SOLICITACÇÃO DO BANCO CENTRAL DO BRASIL OU DA

RECEITA FEDERAL, INCLUSIVE PEDIDO DE ENVIO DE INFORMACOES E DOCUMENTOS

RELATIVOS AÀ ESTA OPERACÇAÃO DE CAMBIO.

(0010) O COMPRADOR, PELA ASSINATURA DO PRESENTE CONTRATO, DESDE JÁ
RECONHECE QUE O VENDEDOR PODERÁ ESTAR IMPEDIDO DE LIQUIDAR O PRESENTE
CONTRATO EM VIRTUDE DE ESTAR SUJEITO TANTO AÀS LEIS E REGULAMENTAÇÕES
BRASILEIRAS, QUANTO ÀS ESTRANGEIRAS, DEPENDENDO DAS CIRCUNSTÂNCIAS DAS

Página 2 de 4

Tipo do Contrato | Evento Número do Contrato | Data

Contrato de Câmbio

NEGOCIAÇÕES ENTRE AS PARTES. NA HIPÓTESE DE TAL ACONTECIMENTO, O
VENDEDOR DEVERÁ INFORMAR E JUSTIFICAR AO COMPRADOR QUAL FOI O MOTIVO DA
MENCIONADA IMPOSSIBILIDADE, FICANDO DESDE JÁ ACORDADO QUE COMPRADOR
DEVERÁ SOLICITAR A TRANSFERÊNCIA DA ORDEM DE PAGAMENTO PARA OUTRA
INSTITUIÇÃO DE FORMA IMEDIATA. NA IMPOSSIBILIDADE DE TAL TRANSFERÊNCIA, A
PRESENTE OPERAÇÃO SERÁ CANCELADA, SEM QUAISQUER RESPONSABILIDADES,
OBRIGAÇÕES OU ÔNUS PARA O VENDEDOR.

(0012) PELA ASSINATURA DO PRESENTE CONTRATO, O COMPRADOR DE MOEDA

ESTRANGEIRA ASSUME DESDE JA, DE FORMA EXCLUSIVA, QUALQUER

RESPONSABILIDADE REFERENTE AÀ PRESTACÃO DE INFORMACOES RELAITIVAS AS

TRANSACOES SUBJACENTES ÃO CONTRATO DE CAMBIO, INCLUINDO, QUANDO FOR O

CASO, O PREENCHIMENTO DO SISTEMA INTEGRADO DE COMERCIO EXTERIOR DE

SERVICOS, INTANGIVEIS E OUITRAS OPERACOES QUE PRODUZAM VARIACOES NO

PATRIMONIO (SISCOSERV), FICANDO O BANCO BTG PACTUAL S.A., OU QUALQUER

OUTRA EMPRESA INTEGRANTE DE SEU GRUPO, ISENTO DE QUAISQUER OBRIGAÇOÕES

ADVINDAS DA OMISSÃO OU INCORRECÇAÃO DAS INFORMACOES PRESTADAS.

Instruções de recebimento/pagamento

Canal Bancário em Moeda Nacional

Forma de Entrega | Data Banco Agência | Conta

Conta de Depósito | 15/04/2024 208 BTG 1 001464585

Canal Bancário em Moeda Estrangeria

Banco do Beneficiário

Código SWIFT Código ABA Código Chips

DNBANOKK

Nome do Banco

DNB BANK ASA

Conta no Exterior do Beneficiário / IBAN

NO5S11503182964 7

Banco Intermediário

Código SWIFT Código ABA Código Chips

Nome do Banco

Conta do Banco do Beneficiário no Banco Intermediário / IBAN

Página 3 de 4

Tipo do Contrato | Evento Número do Contrato | Data

Contrato de Câmbio

btao pactua

O cliente declara ter pleno conhecimento do texto constante do respectivo contrato de câmbio, do

art. 23 da Lei no 4.131, de 3 de setembro de 1962, e em especial dos seus 88 2o e 3o, transcritos

neste documento, bem como da CiIrcular no 3.691, de 16 de dezembro de 2013, que regem a

presente operação.

Artigo 23, 88 2o e 3o, da Lei no 4.131, de 1962, com a redação dada pelo art. 44 da Lei no 13.506, de

13 de novembro de 201 7:

8 2o Constitui infração imputável individualmente ao estabelecimento bancário, ao corretor e ao

cliente a declaração de falsa identidade no formulário que, segundo o modelo determinado pelo

Banco Central do Brasil, será exigido em cada operação, assinado pelo cliente e visado pelo

estabelecimento bancário e pelo corretor que nela intervierem.

8 3 Constitui infração, de responsabilidade exclusiva do cliente, a declaração de Informações falsas

no formulário a que se refere o 8 2o deste artigo.

Assinatura: Nome, CPF e Assinatura manual autorizada ou a expressão “Contrato de câmbio

assinado eletronicamente”.

Instituição autorizada a operar no mercado de câmbio: BANCO BTG PACTUAL S/A

Assinatura: Nome, CPF e Assinatura manual autorizada ou a expressão “Contrato de câmbio

assinado eletronicamente”.

Cliente: OCEANICA ENGENHARIA E CONSULTORIA S.A.

Página 4 de 4


2024-05-24 16:47:49.287Z;functions.extrair_contrato.2080:  Erro num_contrato - C:\\Projetos\\Retornos\\Retorno_Baixa_Remessa_Moeda_Estrangeira\\PDF\\pdf_img_orig\\ARGUS_CONTRATO_ USD 1.374,00_R$ 7.172,28.pdf
2024-05-24 16:47:49.299Z;functions.extrair_contrato.2090:  Erro banco - C:\\Projetos\\Retornos\\Retorno_Baixa_Remessa_Moeda_Estrangeira\\PDF\\pdf_img_orig\\ARGUS_CONTRATO_ USD 1.374,00_R$ 7.172,28.pdf
2024-05-24 16:47:49.300Z;functions.extrair_contrato.2103:  Erro taxa_camb - C:\\Projetos\\Retornos\\Retorno_Baixa_Remessa_Moeda_Estrangeira\\PDF\\pdf_img_orig\\ARGUS_CONTRATO_ USD 1.374,00_R$ 7.172,28.pdf
2024-05-24 16:47:49.301Z;functions.extrair_contrato.2111:  inv 15345
2024-05-24 16:47:49.302Z;functions.extrair_contrato.2123:  Erro pagador - C:\\Projetos\\Retornos\\Retorno_Baixa_Remessa_Moeda_Estrangeira\\PDF\\pdf_img_orig\\ARGUS_CONTRATO_ USD 1.374,00_R$ 7.172,28.pdf
2024-05-24 16:47:49.303Z;functions.extrair_contrato.2135:  Erro moeda/valor_estr - C:\\Projetos\\Retornos\\Retorno_Baixa_Remessa_Moeda_Estrangeira\\PDF\\pdf_img_orig\\ARGUS_CONTRATO_ USD 1.374,00_R$ 7.172,28.pdf
2024-05-24 16:47:49.304Z;functions.extrair_contrato.2145:  ir 0,00
2024-05-24 16:47:49.305Z;functions.extrair_contrato.2157:  Erro cide - C:\\Projetos\\Retornos\\Retorno_Baixa_Remessa_Moeda_Estrangeira\\PDF\\pdf_img_orig\\ARGUS_CONTRATO_ USD 1.374,00_R$ 7.172,28.pdf
2024-05-24 16:47:49.305Z;functions.extrair_contrato.2165:  pis 0,00
2024-05-24 16:47:49.306Z;functions.extrair_contrato.2175:  cofins 0,00
2024-05-24 16:47:49.307Z;functions.extrair_contrato.2185:  iof 0,00
2024-05-24 16:47:49.308Z;functions.extrair_contrato.2249:  Informações extraidas: {'nome': 'C:\\\\Projetos\\\\Retornos\\\\Retorno_Baixa_Remessa_Moeda_Estrangeira\\\\PDF\\ARGUS_CONTRATO_USD1374,00_R$7172,28pdf', 'contrato': 'FORA DO PADRÃO', 'banco': 'FORA DO PADRÃO', 'cambial': 'FORA DO PADRÃO', 'inv': '15345', 'pagador': 'FORA DO PADRÃO', 'moeda': 'FORA DO PADRÃO', 'valor': 'FORA DO PADRÃO', 'ir': '0,00', 'cide': 'FORA DO PADRÃO', 'pis': '0,00', 'cofins': '0,00', 'iof': '0,00'}
2024-05-24 16:47:49.309Z;functions.extrair_contrato.2253:  contrato_fora_padrao_list
2024-05-24 16:47:49.310Z;functions.extrair_contrato.2009:  Contrato: C:\\Projetos\\Retornos\\Retorno_Baixa_Remessa_Moeda_Estrangeira\\PDF\ARGUS_CONTRATO_ USD 3.024,00_R$ 15.785,28.pdf
2024-05-24 16:47:49.310Z;functions.extrair_contrato.2011:  nome ARGUS_CONTRATO_ USD 3.024,00_R$ 15.785,28.pdf
2024-05-24 16:48:17.192Z;functions.extrair_contrato.2045:  PDF COM IMAGEM
2024-05-24 16:48:17.208Z;functions.tranf_pdf_pdf.2837:  PDF copiado
2024-05-24 16:48:17.208Z;functions.tranf_pdf_pdf.2840:  nome ARGUS_CONTRATO_ USD 3.024,00_R$ 15.785,28
2024-05-24 16:48:19.911Z;functions.tranf_pdf_pdf.2866:  Imagens extraidas
2024-05-24 16:48:24.661Z;functions.tranf_pdf_pdf.2889:  Imagem redimensionada
2024-05-24 16:48:38.396Z;functions.tranf_pdf_pdf.2892:  Imagem redimensionada Salva
2024-05-24 16:48:41.458Z;functions.preprocess_image.2783:  pre 1
