2024-05-24 17:45:09.476Z;functions.extrato_excel.2340:  arquivos_xls ['BTG - 001464585 - Completo.xlsx']
2024-05-24 17:45:09.487Z;functions.extrato_excel.2344:  arquivo_xls BTG - 001464585 - Completo.xlsx
2024-05-24 17:45:09.653Z;functions.extrato_excel.2348:  dados      Unnamed: 0                 Data                                          Descrição Lançamento R$     Saldo R$
0           NaN  2024-04-01 00:00:00                                     Saldo Anterior           NaN     34635.03
1           NaN  2024-04-01 00:00:00  DÉBITO EM C/C VIA CIP - OCEANICA ENGENHARIA E ...        -34600        35.03
2           NaN  2024-04-01 00:00:00  TRANSFERÊNCIA A CRÉDITO VIA PIX - OCEANICA ENG...        500000    500035.03
3           NaN  2024-04-03 00:00:00                                       IOF S/CAMBIO       -151.94    499883.09
4           NaN  2024-04-03 00:00:00                                       IOF S/CAMBIO        -77.12    499805.97
..          ...                  ...                                                ...           ...          ...
184         NaN  2024-04-29 00:00:00  DÉBITO EM C/C VIA CIP - OCEANICA ENGENHARIA E ...      -1000000    183349.51
185         NaN  2024-04-30 00:00:00  TRANSFERÊNCIA A CRÉDITO VIA PIX - OCEANICA ENG...      10000000  10183349.51
186         NaN  2024-04-30 00:00:00  Saldo Final + Rendimento Provisionado de Saldo...             -  10183349.51
187         NaN    Total de Créditos                                                NaN      24500000          NaN
188         NaN     Total de Débitos                                                NaN  -14351285.52          NaN

[189 rows x 5 columns]
2024-05-24 17:45:09.678Z;functions.extrato_excel.2374:  {'data': '01/04/2024', 'descricao': 'Saldo Anterior', 'valor': 'nan,00'}
2024-05-24 17:45:09.681Z;functions.extrato_excel.2374:  {'data': '01/04/2024', 'descricao': 'DÉBITO EM C/C VIA CIP - OCEANICA ENGENHARIA E CONSULTORIA SA', 'valor': '34600,00'}
2024-05-24 17:45:09.682Z;functions.extrato_excel.2374:  {'data': '01/04/2024', 'descricao': 'TRANSFERÊNCIA A CRÉDITO VIA PIX - OCEANICA ENGENHARIA E CONSULTORIA S.A.', 'valor': '500000,00'}
2024-05-24 17:45:09.684Z;functions.extrato_excel.2374:  {'data': '03/04/2024', 'descricao': 'IOF S/CAMBIO', 'valor': '151,94'}
2024-05-24 17:45:09.687Z;functions.extrato_excel.2374:  {'data': '03/04/2024', 'descricao': 'IOF S/CAMBIO', 'valor': '77,12'}
2024-05-24 17:45:09.688Z;functions.extrato_excel.2374:  {'data': '03/04/2024', 'descricao': 'IOF S/CAMBIO', 'valor': '1036,87'}
2024-05-24 17:45:09.690Z;functions.extrato_excel.2374:  {'data': '03/04/2024', 'descricao': 'IOF S/CAMBIO', 'valor': '103,38'}
2024-05-24 17:45:09.698Z;functions.extrato_excel.2374:  {'data': '03/04/2024', 'descricao': 'LIQ CAMBIO', 'valor': '39985,49'}
2024-05-24 17:45:09.699Z;functions.extrato_excel.2374:  {'data': '03/04/2024', 'descricao': 'LIQ CAMBIO', 'valor': '20294,84'}
2024-05-24 17:45:09.701Z;functions.extrato_excel.2374:  {'data': '03/04/2024', 'descricao': 'LIQ CAMBIO', 'valor': '272861,32'}
2024-05-24 17:45:09.703Z;functions.extrato_excel.2374:  {'data': '03/04/2024', 'descricao': 'LIQ CAMBIO', 'valor': '27205,99'}
2024-05-24 17:45:09.705Z;functions.extrato_excel.2374:  {'data': '05/04/2024', 'descricao': 'LIQ CAMBIO', 'valor': '15121,63'}
2024-05-24 17:45:09.706Z;functions.extrato_excel.2374:  {'data': '05/04/2024', 'descricao': 'LIQ CAMBIO', 'valor': '18384,92'}
2024-05-24 17:45:09.708Z;functions.extrato_excel.2374:  {'data': '05/04/2024', 'descricao': 'LIQ CAMBIO', 'valor': '25161,34'}
2024-05-24 17:45:09.712Z;functions.extrato_excel.2374:  {'data': '05/04/2024', 'descricao': 'IOF S/CAMBIO', 'valor': '193,16'}
2024-05-24 17:45:09.715Z;functions.extrato_excel.2374:  {'data': '05/04/2024', 'descricao': 'LIQ CAMBIO', 'valor': '50831,00'}
2024-05-24 17:45:09.717Z;functions.extrato_excel.2374:  {'data': '05/04/2024', 'descricao': 'PAG DARF 0473 - OCEANICA ENGENHARIA E CONSULTORIA', 'valor': '9531,00'}
2024-05-24 17:45:09.718Z;functions.extrato_excel.2374:  {'data': '05/04/2024', 'descricao': 'PAG DARF 8741 - OCEANICA ENGENHARIA E CONSULTORIA', 'valor': '6354,00'}
2024-05-24 17:45:09.721Z;functions.extrato_excel.2374:  {'data': '05/04/2024', 'descricao': 'PAG DARF 5442 - OCEANICA ENGENHARIA E CONSULTORIA', 'valor': '5008,24'}
2024-05-24 17:45:09.722Z;functions.extrato_excel.2374:  {'data': '05/04/2024', 'descricao': 'PAG DARF 5434 - OCEANICA ENGENHARIA E CONSULTORIA', 'valor': '1087,32'}
2024-05-24 17:45:09.723Z;functions.extrato_excel.2374:  {'data': '15/04/2024', 'descricao': 'TRANSFERÊNCIA A CRÉDITO VIA PIX - OCEANICA ENGENHARIA E CONSULTORIA S.A.', 'valor': '14000000,00'}
2024-05-24 17:45:09.730Z;functions.extrato_excel.2374:  {'data': '15/04/2024', 'descricao': 'LIQ CAMBIO', 'valor': '37632,1'}
2024-05-24 17:45:09.731Z;functions.extrato_excel.2374:  {'data': '15/04/2024', 'descricao': 'LIQ CAMBIO', 'valor': '6899,61'}
2024-05-24 17:45:09.733Z;functions.extrato_excel.2374:  {'data': '15/04/2024', 'descricao': 'LIQ CAMBIO', 'valor': '31834,55'}
2024-05-24 17:45:09.734Z;functions.extrato_excel.2374:  {'data': '15/04/2024', 'descricao': 'LIQ CAMBIO', 'valor': '184838,75'}
2024-05-24 17:45:09.735Z;functions.extrato_excel.2374:  {'data': '15/04/2024', 'descricao': 'LIQ CAMBIO', 'valor': '72291,99'}
2024-05-24 17:45:09.736Z;functions.extrato_excel.2374:  {'data': '15/04/2024', 'descricao': 'LIQ CAMBIO', 'valor': '1967,79'}
2024-05-24 17:45:09.738Z;functions.extrato_excel.2374:  {'data': '15/04/2024', 'descricao': 'LIQ CAMBIO', 'valor': '786114,52'}
2024-05-24 17:45:09.739Z;functions.extrato_excel.2374:  {'data': '15/04/2024', 'descricao': 'LIQ CAMBIO', 'valor': '6285,02'}
2024-05-24 17:45:09.740Z;functions.extrato_excel.2374:  {'data': '15/04/2024', 'descricao': 'LIQ CAMBIO', 'valor': '2164,33'}
2024-05-24 17:45:09.741Z;functions.extrato_excel.2374:  {'data': '15/04/2024', 'descricao': 'LIQ CAMBIO', 'valor': '14039,63'}
2024-05-24 17:45:09.743Z;functions.extrato_excel.2374:  {'data': '15/04/2024', 'descricao': 'LIQ CAMBIO', 'valor': '28679,11'}
2024-05-24 17:45:09.744Z;functions.extrato_excel.2374:  {'data': '15/04/2024', 'descricao': 'LIQ CAMBIO', 'valor': '13915,43'}
2024-05-24 17:45:09.745Z;functions.extrato_excel.2374:  {'data': '15/04/2024', 'descricao': 'LIQ CAMBIO', 'valor': '139641,68'}
2024-05-24 17:45:09.747Z;functions.extrato_excel.2374:  {'data': '15/04/2024', 'descricao': 'LIQ CAMBIO', 'valor': '1664704,98'}
2024-05-24 17:45:09.749Z;functions.extrato_excel.2374:  {'data': '15/04/2024', 'descricao': 'LIQ CAMBIO', 'valor': '12977,65'}
2024-05-24 17:45:09.751Z;functions.extrato_excel.2374:  {'data': '15/04/2024', 'descricao': 'LIQ CAMBIO', 'valor': '7172,28'}
2024-05-24 17:45:09.752Z;functions.extrato_excel.2374:  {'data': '15/04/2024', 'descricao': 'LIQ CAMBIO', 'valor': '18717,3'}
2024-05-24 17:45:09.753Z;functions.extrato_excel.2374:  {'data': '15/04/2024', 'descricao': 'LIQ CAMBIO', 'valor': '31570,56'}
2024-05-24 17:45:09.754Z;functions.extrato_excel.2374:  {'data': '15/04/2024', 'descricao': 'LIQ CAMBIO', 'valor': '60682,5'}
2024-05-24 17:45:09.758Z;functions.extrato_excel.2374:  {'data': '15/04/2024', 'descricao': 'LIQ CAMBIO', 'valor': '4526,26'}
2024-05-24 17:45:09.760Z;functions.extrato_excel.2374:  {'data': '15/04/2024', 'descricao': 'LIQ CAMBIO', 'valor': '7503,59'}
2024-05-24 17:45:09.761Z;functions.extrato_excel.2374:  {'data': '15/04/2024', 'descricao': 'LIQ CAMBIO', 'valor': '5375,19'}
2024-05-24 17:45:09.762Z;functions.extrato_excel.2374:  {'data': '15/04/2024', 'descricao': 'LIQ CAMBIO', 'valor': '15785,28'}
2024-05-24 17:45:09.764Z;functions.extrato_excel.2374:  {'data': '15/04/2024', 'descricao': 'LIQ CAMBIO', 'valor': '85760,74'}
2024-05-24 17:45:09.764Z;functions.extrato_excel.2374:  {'data': '15/04/2024', 'descricao': 'LIQ CAMBIO', 'valor': '15785,28'}
2024-05-24 17:45:09.764Z;functions.extrato_excel.2374:  {'data': '18/04/2024', 'descricao': 'LIQ CAMBIO', 'valor': '173672,16'}
2024-05-24 17:45:09.768Z;functions.extrato_excel.2374:  {'data': '18/04/2024', 'descricao': 'LIQ CAMBIO', 'valor': '4695,33'}
2024-05-24 17:45:09.769Z;functions.extrato_excel.2374:  {'data': '18/04/2024', 'descricao': 'LIQ CAMBIO', 'valor': '98607,12'}
2024-05-24 17:45:09.771Z;functions.extrato_excel.2374:  {'data': '18/04/2024', 'descricao': 'LIQ CAMBIO', 'valor': '2755,08'}
2024-05-24 17:45:09.772Z;functions.extrato_excel.2374:  {'data': '18/04/2024', 'descricao': 'LIQ CAMBIO', 'valor': '15712,76'}
2024-05-24 17:45:09.774Z;functions.extrato_excel.2374:  {'data': '18/04/2024', 'descricao': 'LIQ CAMBIO', 'valor': '8460,9'}
2024-05-24 17:45:09.775Z;functions.extrato_excel.2374:  {'data': '18/04/2024', 'descricao': 'LIQ CAMBIO', 'valor': '17523,57'}
2024-05-24 17:45:09.776Z;functions.extrato_excel.2374:  {'data': '18/04/2024', 'descricao': 'LIQ CAMBIO', 'valor': '13062,5'}
2024-05-24 17:45:09.778Z;functions.extrato_excel.2374:  {'data': '18/04/2024', 'descricao': 'LIQ CAMBIO', 'valor': '7529,86'}
2024-05-24 17:45:09.779Z;functions.extrato_excel.2374:  {'data': '18/04/2024', 'descricao': 'LIQ CAMBIO', 'valor': '3156,56'}
2024-05-24 17:45:09.780Z;functions.extrato_excel.2374:  {'data': '18/04/2024', 'descricao': 'LIQ CAMBIO', 'valor': '3639,67'}
2024-05-24 17:45:09.781Z;functions.extrato_excel.2374:  {'data': '18/04/2024', 'descricao': 'LIQ CAMBIO', 'valor': '184916,27'}
2024-05-24 17:45:09.783Z;functions.extrato_excel.2374:  {'data': '18/04/2024', 'descricao': 'LIQ CAMBIO', 'valor': '357,52'}
2024-05-24 17:45:09.784Z;functions.extrato_excel.2374:  {'data': '18/04/2024', 'descricao': 'LIQ CAMBIO', 'valor': '3833,06'}
2024-05-24 17:45:09.785Z;functions.extrato_excel.2374:  {'data': '18/04/2024', 'descricao': 'LIQ CAMBIO', 'valor': '15513,47'}
2024-05-24 17:45:09.834Z;functions.extrato_excel.2374:  {'data': '18/04/2024', 'descricao': 'LIQ CAMBIO', 'valor': '568,24'}
2024-05-24 17:45:09.840Z;functions.extrato_excel.2374:  {'data': '18/04/2024', 'descricao': 'LIQ CAMBIO', 'valor': '44390,24'}
2024-05-24 17:45:09.882Z;functions.extrato_excel.2374:  {'data': '18/04/2024', 'descricao': 'LIQ CAMBIO', 'valor': '789,93'}
2024-05-24 17:45:09.922Z;functions.extrato_excel.2374:  {'data': '18/04/2024', 'descricao': 'LIQ CAMBIO', 'valor': '35123,93'}
2024-05-24 17:45:10.039Z;functions.extrato_excel.2374:  {'data': '18/04/2024', 'descricao': 'LIQ CAMBIO', 'valor': '1039,51'}
2024-05-24 17:45:10.097Z;functions.extrato_excel.2374:  {'data': '18/04/2024', 'descricao': 'LIQ CAMBIO', 'valor': '186170,88'}
2024-05-24 17:45:10.116Z;functions.extrato_excel.2374:  {'data': '18/04/2024', 'descricao': 'LIQ CAMBIO', 'valor': '4790,03'}
2024-05-24 17:45:10.117Z;functions.extrato_excel.2374:  {'data': '18/04/2024', 'descricao': 'LIQ CAMBIO', 'valor': '517,01'}
2024-05-24 17:45:10.118Z;functions.extrato_excel.2374:  {'data': '18/04/2024', 'descricao': 'LIQ CAMBIO', 'valor': '117558,23'}
2024-05-24 17:45:10.126Z;functions.extrato_excel.2374:  {'data': '18/04/2024', 'descricao': 'LIQ CAMBIO', 'valor': '4,96'}
2024-05-24 17:45:10.128Z;functions.extrato_excel.2374:  {'data': '18/04/2024', 'descricao': 'LIQ CAMBIO', 'valor': '1240,88'}
2024-05-24 17:45:10.130Z;functions.extrato_excel.2374:  {'data': '18/04/2024', 'descricao': 'LIQ CAMBIO', 'valor': '10472,54'}
2024-05-24 17:45:10.130Z;functions.extrato_excel.2374:  {'data': '18/04/2024', 'descricao': 'LIQ CAMBIO', 'valor': '6981,69'}
2024-05-24 17:45:10.130Z;functions.extrato_excel.2374:  {'data': '18/04/2024', 'descricao': 'LIQ CAMBIO', 'valor': '19484,88'}
2024-05-24 17:45:10.130Z;functions.extrato_excel.2374:  {'data': '18/04/2024', 'descricao': 'LIQ CAMBIO', 'valor': '59116,89'}
2024-05-24 17:45:10.137Z;functions.extrato_excel.2374:  {'data': '18/04/2024', 'descricao': 'LIQ CAMBIO', 'valor': '48739,88'}
2024-05-24 17:45:10.138Z;functions.extrato_excel.2374:  {'data': '18/04/2024', 'descricao': 'LIQ CAMBIO', 'valor': '1751,34'}
2024-05-24 17:45:10.139Z;functions.extrato_excel.2374:  {'data': '18/04/2024', 'descricao': 'LIQ CAMBIO', 'valor': '31211,4'}
2024-05-24 17:45:10.140Z;functions.extrato_excel.2374:  {'data': '18/04/2024', 'descricao': 'LIQ CAMBIO', 'valor': '115,5'}
2024-05-24 17:45:10.141Z;functions.extrato_excel.2374:  {'data': '18/04/2024', 'descricao': 'LIQ CAMBIO', 'valor': '186,31'}
2024-05-24 17:45:10.142Z;functions.extrato_excel.2374:  {'data': '18/04/2024', 'descricao': 'LIQ CAMBIO', 'valor': '46209,7'}
2024-05-24 17:45:10.144Z;functions.extrato_excel.2374:  {'data': '18/04/2024', 'descricao': 'LIQ CAMBIO', 'valor': '72,98'}
2024-05-24 17:45:10.145Z;functions.extrato_excel.2374:  {'data': '18/04/2024', 'descricao': 'IOF S/CAMBIO', 'valor': '210,27'}
2024-05-24 17:45:10.147Z;functions.extrato_excel.2374:  {'data': '18/04/2024', 'descricao': 'LIQ CAMBIO', 'valor': '9166,55'}
2024-05-24 17:45:10.148Z;functions.extrato_excel.2374:  {'data': '18/04/2024', 'descricao': 'LIQ CAMBIO', 'valor': '23892,04'}
2024-05-24 17:45:10.151Z;functions.extrato_excel.2374:  {'data': '18/04/2024', 'descricao': 'LIQ CAMBIO', 'valor': '833,5'}
2024-05-24 17:45:10.153Z;functions.extrato_excel.2374:  {'data': '18/04/2024', 'descricao': 'LIQ CAMBIO', 'valor': '30787,91'}
2024-05-24 17:45:10.154Z;functions.extrato_excel.2374:  {'data': '18/04/2024', 'descricao': 'LIQ CAMBIO', 'valor': '173968,76'}
2024-05-24 17:45:10.155Z;functions.extrato_excel.2374:  {'data': '18/04/2024', 'descricao': 'LIQ CAMBIO', 'valor': '3880,69'}
2024-05-24 17:45:10.156Z;functions.extrato_excel.2374:  {'data': '18/04/2024', 'descricao': 'LIQ CAMBIO', 'valor': '7600,73'}
2024-05-24 17:45:10.157Z;functions.extrato_excel.2374:  {'data': '18/04/2024', 'descricao': 'LIQ CAMBIO', 'valor': '13767,46'}
2024-05-24 17:45:10.158Z;functions.extrato_excel.2374:  {'data': '18/04/2024', 'descricao': 'LIQ CAMBIO', 'valor': '41382,97'}
2024-05-24 17:45:10.160Z;functions.extrato_excel.2374:  {'data': '18/04/2024', 'descricao': 'LIQ CAMBIO', 'valor': '1019,55'}
2024-05-24 17:45:10.161Z;functions.extrato_excel.2374:  {'data': '18/04/2024', 'descricao': 'LIQ CAMBIO', 'valor': '13196,11'}
2024-05-24 17:45:10.161Z;functions.extrato_excel.2374:  {'data': '18/04/2024', 'descricao': 'LIQ CAMBIO', 'valor': '1092,43'}
2024-05-24 17:45:10.165Z;functions.extrato_excel.2374:  {'data': '18/04/2024', 'descricao': 'LIQ CAMBIO', 'valor': '39553,53'}
2024-05-24 17:45:10.166Z;functions.extrato_excel.2374:  {'data': '18/04/2024', 'descricao': 'LIQ CAMBIO', 'valor': '7600,73'}
2024-05-24 17:45:10.166Z;functions.extrato_excel.2374:  {'data': '18/04/2024', 'descricao': 'LIQ CAMBIO', 'valor': '58,99'}
2024-05-24 17:45:10.167Z;functions.extrato_excel.2374:  {'data': '18/04/2024', 'descricao': 'LIQ CAMBIO', 'valor': '6683,05'}
2024-05-24 17:45:10.168Z;functions.extrato_excel.2374:  {'data': '18/04/2024', 'descricao': 'LIQ CAMBIO', 'valor': '39457,78'}
2024-05-24 17:45:10.169Z;functions.extrato_excel.2374:  {'data': '18/04/2024', 'descricao': 'LIQ CAMBIO', 'valor': '12098,3'}
2024-05-24 17:45:10.170Z;functions.extrato_excel.2374:  {'data': '18/04/2024', 'descricao': 'LIQ CAMBIO', 'valor': '31,69'}
2024-05-24 17:45:10.171Z;functions.extrato_excel.2374:  {'data': '18/04/2024', 'descricao': 'LIQ CAMBIO', 'valor': '28122,49'}
2024-05-24 17:45:10.172Z;functions.extrato_excel.2374:  {'data': '18/04/2024', 'descricao': 'LIQ CAMBIO', 'valor': '16266,59'}
2024-05-24 17:45:10.172Z;functions.extrato_excel.2374:  {'data': '18/04/2024', 'descricao': 'LIQ CAMBIO', 'valor': '29753,15'}
2024-05-24 17:45:10.173Z;functions.extrato_excel.2374:  {'data': '18/04/2024', 'descricao': 'LIQ CAMBIO', 'valor': '28122,49'}
2024-05-24 17:45:10.174Z;functions.extrato_excel.2374:  {'data': '18/04/2024', 'descricao': 'LIQ CAMBIO', 'valor': '261,25'}
2024-05-24 17:45:10.175Z;functions.extrato_excel.2374:  {'data': '18/04/2024', 'descricao': 'LIQ CAMBIO', 'valor': '9584,33'}
2024-05-24 17:45:10.178Z;functions.extrato_excel.2374:  {'data': '18/04/2024', 'descricao': 'LIQ CAMBIO', 'valor': '149,19'}
2024-05-24 17:45:10.180Z;functions.extrato_excel.2374:  {'data': '18/04/2024', 'descricao': 'LIQ CAMBIO', 'valor': '55335,43'}
2024-05-24 17:45:10.181Z;functions.extrato_excel.2374:  {'data': '18/04/2024', 'descricao': 'LIQ CAMBIO', 'valor': '9447,08'}
2024-05-24 17:45:10.182Z;functions.extrato_excel.2374:  {'data': '18/04/2024', 'descricao': 'LIQ CAMBIO', 'valor': '1012,84'}
2024-05-24 17:45:10.183Z;functions.extrato_excel.2374:  {'data': '18/04/2024', 'descricao': 'IOF S/CAMBIO', 'valor': '143,18'}
2024-05-24 17:45:10.184Z;functions.extrato_excel.2374:  {'data': '18/04/2024', 'descricao': 'IOF S/CAMBIO', 'valor': '158,45'}
2024-05-24 17:45:10.185Z;functions.extrato_excel.2374:  {'data': '18/04/2024', 'descricao': 'LIQ CAMBIO', 'valor': '37679,25'}
2024-05-24 17:45:10.187Z;functions.extrato_excel.2374:  {'data': '18/04/2024', 'descricao': 'LIQ CAMBIO', 'valor': '41698,14'}
2024-05-24 17:45:10.188Z;functions.extrato_excel.2374:  {'data': '18/04/2024', 'descricao': 'IOF S/CAMBIO', 'valor': '171,72'}
2024-05-24 17:45:10.188Z;functions.extrato_excel.2374:  {'data': '18/04/2024', 'descricao': 'IOF S/CAMBIO', 'valor': '21,06'}
2024-05-24 17:45:10.188Z;functions.extrato_excel.2374:  {'data': '18/04/2024', 'descricao': 'LIQ CAMBIO', 'valor': '45189,68'}
2024-05-24 17:45:10.193Z;functions.extrato_excel.2374:  {'data': '18/04/2024', 'descricao': 'LIQ CAMBIO', 'valor': '5542,73'}
2024-05-24 17:45:10.195Z;functions.extrato_excel.2374:  {'data': '18/04/2024', 'descricao': 'IOF S/CAMBIO', 'valor': '136,81'}
2024-05-24 17:45:10.196Z;functions.extrato_excel.2374:  {'data': '18/04/2024', 'descricao': 'IOF S/CAMBIO', 'valor': '36,00'}
2024-05-24 17:45:10.197Z;functions.extrato_excel.2374:  {'data': '18/04/2024', 'descricao': 'IOF S/CAMBIO', 'valor': '55,81'}
2024-05-24 17:45:10.198Z;functions.extrato_excel.2374:  {'data': '18/04/2024', 'descricao': 'LIQ CAMBIO', 'valor': '36003,85'}
2024-05-24 17:45:10.199Z;functions.extrato_excel.2374:  {'data': '18/04/2024', 'descricao': 'LIQ CAMBIO', 'valor': '14685,77'}
2024-05-24 17:45:10.200Z;functions.extrato_excel.2374:  {'data': '18/04/2024', 'descricao': 'LIQ CAMBIO', 'valor': '9474,69'}
2024-05-24 17:45:10.201Z;functions.extrato_excel.2374:  {'data': '18/04/2024', 'descricao': 'IOF S/CAMBIO', 'valor': '204,21'}
2024-05-24 17:45:10.202Z;functions.extrato_excel.2374:  {'data': '18/04/2024', 'descricao': 'LIQ CAMBIO', 'valor': '53740,67'}
2024-05-24 17:45:10.204Z;functions.extrato_excel.2374:  {'data': '18/04/2024', 'descricao': 'IOF S/CAMBIO', 'valor': '100,81'}
2024-05-24 17:45:10.205Z;functions.extrato_excel.2374:  {'data': '18/04/2024', 'descricao': 'IOF S/CAMBIO', 'valor': '47,34'}
2024-05-24 17:45:10.205Z;functions.extrato_excel.2374:  {'data': '18/04/2024', 'descricao': 'IOF S/CAMBIO', 'valor': '6,02'}
2024-05-24 17:45:10.207Z;functions.extrato_excel.2374:  {'data': '18/04/2024', 'descricao': 'LIQ CAMBIO', 'valor': '26529,16'}
2024-05-24 17:45:10.207Z;functions.extrato_excel.2374:  {'data': '18/04/2024', 'descricao': 'LIQ CAMBIO', 'valor': '12456,88'}
2024-05-24 17:45:10.208Z;functions.extrato_excel.2374:  {'data': '18/04/2024', 'descricao': 'LIQ CAMBIO', 'valor': '1584,62'}
2024-05-24 17:45:10.209Z;functions.extrato_excel.2374:  {'data': '18/04/2024', 'descricao': 'IOF S/CAMBIO', 'valor': '99,94'}
2024-05-24 17:45:10.210Z;functions.extrato_excel.2374:  {'data': '18/04/2024', 'descricao': 'LIQ CAMBIO', 'valor': '26300,22'}
2024-05-24 17:45:10.212Z;functions.extrato_excel.2374:  {'data': '18/04/2024', 'descricao': 'IOF S/CAMBIO', 'valor': '87,38'}
2024-05-24 17:45:10.212Z;functions.extrato_excel.2374:  {'data': '18/04/2024', 'descricao': 'IOF S/CAMBIO', 'valor': '67,18'}
2024-05-24 17:45:10.213Z;functions.extrato_excel.2374:  {'data': '18/04/2024', 'descricao': 'LIQ CAMBIO', 'valor': '22993,47'}
2024-05-24 17:45:10.215Z;functions.extrato_excel.2374:  {'data': '18/04/2024', 'descricao': 'LIQ CAMBIO', 'valor': '17678,36'}
2024-05-24 17:45:10.218Z;functions.extrato_excel.2374:  {'data': '18/04/2024', 'descricao': 'IOF S/CAMBIO', 'valor': '126,41'}
2024-05-24 17:45:10.219Z;functions.extrato_excel.2374:  {'data': '18/04/2024', 'descricao': 'IOF S/CAMBIO', 'valor': '122,98'}
2024-05-24 17:45:10.220Z;functions.extrato_excel.2374:  {'data': '18/04/2024', 'descricao': 'LIQ CAMBIO', 'valor': '33265,39'}
2024-05-24 17:45:10.221Z;functions.extrato_excel.2374:  {'data': '18/04/2024', 'descricao': 'LIQ CAMBIO', 'valor': '32364,13'}
2024-05-24 17:45:10.222Z;functions.extrato_excel.2374:  {'data': '18/04/2024', 'descricao': 'PAG DARF 0473 - OCEANICA ENGENHARIA E CONSULTORIA', 'valor': '78222,56'}
2024-05-24 17:45:10.222Z;functions.extrato_excel.2374:  {'data': '18/04/2024', 'descricao': 'PAG DARF 5434 - OCEANICA ENGENHARIA E CONSULTORIA', 'valor': '8923,79'}
2024-05-24 17:45:10.225Z;functions.extrato_excel.2374:  {'data': '18/04/2024', 'descricao': 'PAG DARF 8741 - OCEANICA ENGENHARIA E CONSULTORIA', 'valor': '52148,38'}
2024-05-24 17:45:10.226Z;functions.extrato_excel.2374:  {'data': '18/04/2024', 'descricao': 'PAG DARF 5442 - OCEANICA ENGENHARIA E CONSULTORIA', 'valor': '41103,5'}
2024-05-24 17:45:10.227Z;functions.extrato_excel.2374:  {'data': '19/04/2024', 'descricao': 'IOF S/CAMBIO', 'valor': '202,46'}
2024-05-24 17:45:10.230Z;functions.extrato_excel.2374:  {'data': '19/04/2024', 'descricao': 'IOF S/CAMBIO', 'valor': '137,04'}
2024-05-24 17:45:10.231Z;functions.extrato_excel.2374:  {'data': '19/04/2024', 'descricao': 'IOF S/CAMBIO', 'valor': '551,07'}
2024-05-24 17:45:10.232Z;functions.extrato_excel.2374:  {'data': '19/04/2024', 'descricao': 'LIQ CAMBIO', 'valor': '53277,75'}
2024-05-24 17:45:10.233Z;functions.extrato_excel.2374:  {'data': '19/04/2024', 'descricao': 'LIQ CAMBIO', 'valor': '36064,06'}
2024-05-24 17:45:10.234Z;functions.extrato_excel.2374:  {'data': '19/04/2024', 'descricao': 'LIQ CAMBIO', 'valor': '145018,77'}
2024-05-24 17:45:10.235Z;functions.extrato_excel.2374:  {'data': '19/04/2024', 'descricao': 'IOF S/CAMBIO', 'valor': '202,46'}
2024-05-24 17:45:10.236Z;functions.extrato_excel.2374:  {'data': '19/04/2024', 'descricao': 'LIQ CAMBIO', 'valor': '53277,75'}
2024-05-24 17:45:10.237Z;functions.extrato_excel.2374:  {'data': '19/04/2024', 'descricao': 'PAG DARF 0473 - OCEANICA ENGENHARIA E CONSULTORIA', 'valor': '53932,19'}
2024-05-24 17:45:10.238Z;functions.extrato_excel.2374:  {'data': '19/04/2024', 'descricao': 'PAG DARF 5442 - OCEANICA ENGENHARIA E CONSULTORIA', 'valor': '28339,67'}
2024-05-24 17:45:10.239Z;functions.extrato_excel.2374:  {'data': '19/04/2024', 'descricao': 'PAG DARF 5434 - OCEANICA ENGENHARIA E CONSULTORIA', 'valor': '6152,69'}
2024-05-24 17:45:10.240Z;functions.extrato_excel.2374:  {'data': '19/04/2024', 'descricao': 'PAG DARF 8741 - OCEANICA ENGENHARIA E CONSULTORIA', 'valor': '35954,79'}
2024-05-24 17:45:10.241Z;functions.extrato_excel.2374:  {'data': '25/04/2024', 'descricao': 'LIQ CAMBIO', 'valor': '441482,69'}
2024-05-24 17:45:10.241Z;functions.extrato_excel.2374:  {'data': '25/04/2024', 'descricao': 'LIQ CAMBIO', 'valor': '91772,54'}
2024-05-24 17:45:10.242Z;functions.extrato_excel.2374:  {'data': '25/04/2024', 'descricao': 'LIQ CAMBIO', 'valor': '87364,75'}
2024-05-24 17:45:10.243Z;functions.extrato_excel.2374:  {'data': '25/04/2024', 'descricao': 'LIQ CAMBIO', 'valor': '90846,23'}
2024-05-24 17:45:10.244Z;functions.extrato_excel.2374:  {'data': '25/04/2024', 'descricao': 'LIQ CAMBIO', 'valor': '2721,69'}
2024-05-24 17:45:10.247Z;functions.extrato_excel.2374:  {'data': '25/04/2024', 'descricao': 'LIQ CAMBIO', 'valor': '59354,22'}
2024-05-24 17:45:10.248Z;functions.extrato_excel.2374:  {'data': '25/04/2024', 'descricao': 'LIQ CAMBIO', 'valor': '61329,14'}
2024-05-24 17:45:10.249Z;functions.extrato_excel.2374:  {'data': '25/04/2024', 'descricao': 'LIQ CAMBIO', 'valor': '5166,27'}
2024-05-24 17:45:10.249Z;functions.extrato_excel.2374:  {'data': '25/04/2024', 'descricao': 'LIQ CAMBIO', 'valor': '6771,86'}
2024-05-24 17:45:10.251Z;functions.extrato_excel.2374:  {'data': '25/04/2024', 'descricao': 'LIQ CAMBIO', 'valor': '4083,89'}
2024-05-24 17:45:10.252Z;functions.extrato_excel.2374:  {'data': '25/04/2024', 'descricao': 'LIQ CAMBIO', 'valor': '96274,00'}
2024-05-24 17:45:10.252Z;functions.extrato_excel.2374:  {'data': '25/04/2024', 'descricao': 'LIQ CAMBIO', 'valor': '80427,56'}
2024-05-24 17:45:10.253Z;functions.extrato_excel.2374:  {'data': '25/04/2024', 'descricao': 'LIQ CAMBIO', 'valor': '60564,15'}
2024-05-24 17:45:10.256Z;functions.extrato_excel.2374:  {'data': '25/04/2024', 'descricao': 'LIQ CAMBIO', 'valor': '233997,86'}
2024-05-24 17:45:10.257Z;functions.extrato_excel.2374:  {'data': '25/04/2024', 'descricao': 'LIQ CAMBIO', 'valor': '20868,51'}
2024-05-24 17:45:10.259Z;functions.extrato_excel.2374:  {'data': '25/04/2024', 'descricao': 'LIQ CAMBIO', 'valor': '7829,42'}
2024-05-24 17:45:10.259Z;functions.extrato_excel.2374:  {'data': '25/04/2024', 'descricao': 'LIQ CAMBIO', 'valor': '13580,36'}
2024-05-24 17:45:10.263Z;functions.extrato_excel.2374:  {'data': '25/04/2024', 'descricao': 'LIQ CAMBIO', 'valor': '6422,15'}
2024-05-24 17:45:10.264Z;functions.extrato_excel.2374:  {'data': '25/04/2024', 'descricao': 'LIQ CAMBIO', 'valor': '1731,27'}
2024-05-24 17:45:10.265Z;functions.extrato_excel.2374:  {'data': '25/04/2024', 'descricao': 'LIQ CAMBIO', 'valor': '239448,17'}
2024-05-24 17:45:10.265Z;functions.extrato_excel.2374:  {'data': '25/04/2024', 'descricao': 'LIQ CAMBIO', 'valor': '3250,21'}
2024-05-24 17:45:10.266Z;functions.extrato_excel.2374:  {'data': '29/04/2024', 'descricao': 'IOF S/CAMBIO', 'valor': '19551,00'}
2024-05-24 17:45:10.267Z;functions.extrato_excel.2374:  {'data': '29/04/2024', 'descricao': 'LIQ CAMBIO', 'valor': '5145000,00'}
2024-05-24 17:45:10.269Z;functions.extrato_excel.2374:  {'data': '29/04/2024', 'descricao': 'DÉBITO EM C/C VIA CIP - OCEANICA ENGENHARIA E CONSULTORIA SA', 'valor': '1000000,00'}
2024-05-24 17:45:10.270Z;functions.extrato_excel.2374:  {'data': '30/04/2024', 'descricao': 'TRANSFERÊNCIA A CRÉDITO VIA PIX - OCEANICA ENGENHARIA E CONSULTORIA S.A.', 'valor': '10000000,00'}
2024-05-24 17:45:10.272Z;functions.extrato_excel.2374:  {'data': '30/04/2024', 'descricao': 'Saldo Final + Rendimento Provisionado de Saldo Remunerado', 'valor': ',00'}
2024-05-24 17:45:10.272Z;functions.extrato_excel.2374:  {'data': 'Total de Créditos', 'descricao': 'nan', 'valor': '24500000,00'}
2024-05-24 17:45:10.275Z;functions.extrato_excel.2374:  {'data': 'Total de Débitos', 'descricao': 'nan', 'valor': '14351285,52'}
2024-05-24 17:45:10.276Z;functions.extrato_excel.2378:  linha_list [{'data': '01/04/2024', 'descricao': 'Saldo Anterior', 'valor': 'nan,00'}, {'data': '01/04/2024', 'descricao': 'DÉBITO EM C/C VIA CIP - OCEANICA ENGENHARIA E CONSULTORIA SA', 'valor': '34600,00'}, {'data': '01/04/2024', 'descricao': 'TRANSFERÊNCIA A CRÉDITO VIA PIX - OCEANICA ENGENHARIA E CONSULTORIA S.A.', 'valor': '500000,00'}, {'data': '03/04/2024', 'descricao': 'IOF S/CAMBIO', 'valor': '151,94'}, {'data': '03/04/2024', 'descricao': 'IOF S/CAMBIO', 'valor': '77,12'}, {'data': '03/04/2024', 'descricao': 'IOF S/CAMBIO', 'valor': '1036,87'}, {'data': '03/04/2024', 'descricao': 'IOF S/CAMBIO', 'valor': '103,38'}, {'data': '03/04/2024', 'descricao': 'LIQ CAMBIO', 'valor': '39985,49'}, {'data': '03/04/2024', 'descricao': 'LIQ CAMBIO', 'valor': '20294,84'}, {'data': '03/04/2024', 'descricao': 'LIQ CAMBIO', 'valor': '272861,32'}, {'data': '03/04/2024', 'descricao': 'LIQ CAMBIO', 'valor': '27205,99'}, {'data': '05/04/2024', 'descricao': 'LIQ CAMBIO', 'valor': '15121,63'}, {'data': '05/04/2024', 'descricao': 'LIQ CAMBIO', 'valor': '18384,92'}, {'data': '05/04/2024', 'descricao': 'LIQ CAMBIO', 'valor': '25161,34'}, {'data': '05/04/2024', 'descricao': 'IOF S/CAMBIO', 'valor': '193,16'}, {'data': '05/04/2024', 'descricao': 'LIQ CAMBIO', 'valor': '50831,00'}, {'data': '05/04/2024', 'descricao': 'PAG DARF 0473 - OCEANICA ENGENHARIA E CONSULTORIA', 'valor': '9531,00'}, {'data': '05/04/2024', 'descricao': 'PAG DARF 8741 - OCEANICA ENGENHARIA E CONSULTORIA', 'valor': '6354,00'}, {'data': '05/04/2024', 'descricao': 'PAG DARF 5442 - OCEANICA ENGENHARIA E CONSULTORIA', 'valor': '5008,24'}, {'data': '05/04/2024', 'descricao': 'PAG DARF 5434 - OCEANICA ENGENHARIA E CONSULTORIA', 'valor': '1087,32'}, {'data': '15/04/2024', 'descricao': 'TRANSFERÊNCIA A CRÉDITO VIA PIX - OCEANICA ENGENHARIA E CONSULTORIA S.A.', 'valor': '14000000,00'}, {'data': '15/04/2024', 'descricao': 'LIQ CAMBIO', 'valor': '37632,1'}, {'data': '15/04/2024', 'descricao': 'LIQ CAMBIO', 'valor': '6899,61'}, {'data': '15/04/2024', 'descricao': 'LIQ CAMBIO', 'valor': '31834,55'}, {'data': '15/04/2024', 'descricao': 'LIQ CAMBIO', 'valor': '184838,75'}, {'data': '15/04/2024', 'descricao': 'LIQ CAMBIO', 'valor': '72291,99'}, {'data': '15/04/2024', 'descricao': 'LIQ CAMBIO', 'valor': '1967,79'}, {'data': '15/04/2024', 'descricao': 'LIQ CAMBIO', 'valor': '786114,52'}, {'data': '15/04/2024', 'descricao': 'LIQ CAMBIO', 'valor': '6285,02'}, {'data': '15/04/2024', 'descricao': 'LIQ CAMBIO', 'valor': '2164,33'}, {'data': '15/04/2024', 'descricao': 'LIQ CAMBIO', 'valor': '14039,63'}, {'data': '15/04/2024', 'descricao': 'LIQ CAMBIO', 'valor': '28679,11'}, {'data': '15/04/2024', 'descricao': 'LIQ CAMBIO', 'valor': '13915,43'}, {'data': '15/04/2024', 'descricao': 'LIQ CAMBIO', 'valor': '139641,68'}, {'data': '15/04/2024', 'descricao': 'LIQ CAMBIO', 'valor': '1664704,98'}, {'data': '15/04/2024', 'descricao': 'LIQ CAMBIO', 'valor': '12977,65'}, {'data': '15/04/2024', 'descricao': 'LIQ CAMBIO', 'valor': '7172,28'}, {'data': '15/04/2024', 'descricao': 'LIQ CAMBIO', 'valor': '18717,3'}, {'data': '15/04/2024', 'descricao': 'LIQ CAMBIO', 'valor': '31570,56'}, {'data': '15/04/2024', 'descricao': 'LIQ CAMBIO', 'valor': '60682,5'}, {'data': '15/04/2024', 'descricao': 'LIQ CAMBIO', 'valor': '4526,26'}, {'data': '15/04/2024', 'descricao': 'LIQ CAMBIO', 'valor': '7503,59'}, {'data': '15/04/2024', 'descricao': 'LIQ CAMBIO', 'valor': '5375,19'}, {'data': '15/04/2024', 'descricao': 'LIQ CAMBIO', 'valor': '15785,28'}, {'data': '15/04/2024', 'descricao': 'LIQ CAMBIO', 'valor': '85760,74'}, {'data': '15/04/2024', 'descricao': 'LIQ CAMBIO', 'valor': '15785,28'}, {'data': '18/04/2024', 'descricao': 'LIQ CAMBIO', 'valor': '173672,16'}, {'data': '18/04/2024', 'descricao': 'LIQ CAMBIO', 'valor': '4695,33'}, {'data': '18/04/2024', 'descricao': 'LIQ CAMBIO', 'valor': '98607,12'}, {'data': '18/04/2024', 'descricao': 'LIQ CAMBIO', 'valor': '2755,08'}, {'data': '18/04/2024', 'descricao': 'LIQ CAMBIO', 'valor': '15712,76'}, {'data': '18/04/2024', 'descricao': 'LIQ CAMBIO', 'valor': '8460,9'}, {'data': '18/04/2024', 'descricao': 'LIQ CAMBIO', 'valor': '17523,57'}, {'data': '18/04/2024', 'descricao': 'LIQ CAMBIO', 'valor': '13062,5'}, {'data': '18/04/2024', 'descricao': 'LIQ CAMBIO', 'valor': '7529,86'}, {'data': '18/04/2024', 'descricao': 'LIQ CAMBIO', 'valor': '3156,56'}, {'data': '18/04/2024', 'descricao': 'LIQ CAMBIO', 'valor': '3639,67'}, {'data': '18/04/2024', 'descricao': 'LIQ CAMBIO', 'valor': '184916,27'}, {'data': '18/04/2024', 'descricao': 'LIQ CAMBIO', 'valor': '357,52'}, {'data': '18/04/2024', 'descricao': 'LIQ CAMBIO', 'valor': '3833,06'}, {'data': '18/04/2024', 'descricao': 'LIQ CAMBIO', 'valor': '15513,47'}, {'data': '18/04/2024', 'descricao': 'LIQ CAMBIO', 'valor': '568,24'}, {'data': '18/04/2024', 'descricao': 'LIQ CAMBIO', 'valor': '44390,24'}, {'data': '18/04/2024', 'descricao': 'LIQ CAMBIO', 'valor': '789,93'}, {'data': '18/04/2024', 'descricao': 'LIQ CAMBIO', 'valor': '35123,93'}, {'data': '18/04/2024', 'descricao': 'LIQ CAMBIO', 'valor': '1039,51'}, {'data': '18/04/2024', 'descricao': 'LIQ CAMBIO', 'valor': '186170,88'}, {'data': '18/04/2024', 'descricao': 'LIQ CAMBIO', 'valor': '4790,03'}, {'data': '18/04/2024', 'descricao': 'LIQ CAMBIO', 'valor': '517,01'}, {'data': '18/04/2024', 'descricao': 'LIQ CAMBIO', 'valor': '117558,23'}, {'data': '18/04/2024', 'descricao': 'LIQ CAMBIO', 'valor': '4,96'}, {'data': '18/04/2024', 'descricao': 'LIQ CAMBIO', 'valor': '1240,88'}, {'data': '18/04/2024', 'descricao': 'LIQ CAMBIO', 'valor': '10472,54'}, {'data': '18/04/2024', 'descricao': 'LIQ CAMBIO', 'valor': '6981,69'}, {'data': '18/04/2024', 'descricao': 'LIQ CAMBIO', 'valor': '19484,88'}, {'data': '18/04/2024', 'descricao': 'LIQ CAMBIO', 'valor': '59116,89'}, {'data': '18/04/2024', 'descricao': 'LIQ CAMBIO', 'valor': '48739,88'}, {'data': '18/04/2024', 'descricao': 'LIQ CAMBIO', 'valor': '1751,34'}, {'data': '18/04/2024', 'descricao': 'LIQ CAMBIO', 'valor': '31211,4'}, {'data': '18/04/2024', 'descricao': 'LIQ CAMBIO', 'valor': '115,5'}, {'data': '18/04/2024', 'descricao': 'LIQ CAMBIO', 'valor': '186,31'}, {'data': '18/04/2024', 'descricao': 'LIQ CAMBIO', 'valor': '46209,7'}, {'data': '18/04/2024', 'descricao': 'LIQ CAMBIO', 'valor': '72,98'}, {'data': '18/04/2024', 'descricao': 'IOF S/CAMBIO', 'valor': '210,27'}, {'data': '18/04/2024', 'descricao': 'LIQ CAMBIO', 'valor': '9166,55'}, {'data': '18/04/2024', 'descricao': 'LIQ CAMBIO', 'valor': '23892,04'}, {'data': '18/04/2024', 'descricao': 'LIQ CAMBIO', 'valor': '833,5'}, {'data': '18/04/2024', 'descricao': 'LIQ CAMBIO', 'valor': '30787,91'}, {'data': '18/04/2024', 'descricao': 'LIQ CAMBIO', 'valor': '173968,76'}, {'data': '18/04/2024', 'descricao': 'LIQ CAMBIO', 'valor': '3880,69'}, {'data': '18/04/2024', 'descricao': 'LIQ CAMBIO', 'valor': '7600,73'}, {'data': '18/04/2024', 'descricao': 'LIQ CAMBIO', 'valor': '13767,46'}, {'data': '18/04/2024', 'descricao': 'LIQ CAMBIO', 'valor': '41382,97'}, {'data': '18/04/2024', 'descricao': 'LIQ CAMBIO', 'valor': '1019,55'}, {'data': '18/04/2024', 'descricao': 'LIQ CAMBIO', 'valor': '13196,11'}, {'data': '18/04/2024', 'descricao': 'LIQ CAMBIO', 'valor': '1092,43'}, {'data': '18/04/2024', 'descricao': 'LIQ CAMBIO', 'valor': '39553,53'}, {'data': '18/04/2024', 'descricao': 'LIQ CAMBIO', 'valor': '7600,73'}, {'data': '18/04/2024', 'descricao': 'LIQ CAMBIO', 'valor': '58,99'}, {'data': '18/04/2024', 'descricao': 'LIQ CAMBIO', 'valor': '6683,05'}, {'data': '18/04/2024', 'descricao': 'LIQ CAMBIO', 'valor': '39457,78'}, {'data': '18/04/2024', 'descricao': 'LIQ CAMBIO', 'valor': '12098,3'}, {'data': '18/04/2024', 'descricao': 'LIQ CAMBIO', 'valor': '31,69'}, {'data': '18/04/2024', 'descricao': 'LIQ CAMBIO', 'valor': '28122,49'}, {'data': '18/04/2024', 'descricao': 'LIQ CAMBIO', 'valor': '16266,59'}, {'data': '18/04/2024', 'descricao': 'LIQ CAMBIO', 'valor': '29753,15'}, {'data': '18/04/2024', 'descricao': 'LIQ CAMBIO', 'valor': '28122,49'}, {'data': '18/04/2024', 'descricao': 'LIQ CAMBIO', 'valor': '261,25'}, {'data': '18/04/2024', 'descricao': 'LIQ CAMBIO', 'valor': '9584,33'}, {'data': '18/04/2024', 'descricao': 'LIQ CAMBIO', 'valor': '149,19'}, {'data': '18/04/2024', 'descricao': 'LIQ CAMBIO', 'valor': '55335,43'}, {'data': '18/04/2024', 'descricao': 'LIQ CAMBIO', 'valor': '9447,08'}, {'data': '18/04/2024', 'descricao': 'LIQ CAMBIO', 'valor': '1012,84'}, {'data': '18/04/2024', 'descricao': 'IOF S/CAMBIO', 'valor': '143,18'}, {'data': '18/04/2024', 'descricao': 'IOF S/CAMBIO', 'valor': '158,45'}, {'data': '18/04/2024', 'descricao': 'LIQ CAMBIO', 'valor': '37679,25'}, {'data': '18/04/2024', 'descricao': 'LIQ CAMBIO', 'valor': '41698,14'}, {'data': '18/04/2024', 'descricao': 'IOF S/CAMBIO', 'valor': '171,72'}, {'data': '18/04/2024', 'descricao': 'IOF S/CAMBIO', 'valor': '21,06'}, {'data': '18/04/2024', 'descricao': 'LIQ CAMBIO', 'valor': '45189,68'}, {'data': '18/04/2024', 'descricao': 'LIQ CAMBIO', 'valor': '5542,73'}, {'data': '18/04/2024', 'descricao': 'IOF S/CAMBIO', 'valor': '136,81'}, {'data': '18/04/2024', 'descricao': 'IOF S/CAMBIO', 'valor': '36,00'}, {'data': '18/04/2024', 'descricao': 'IOF S/CAMBIO', 'valor': '55,81'}, {'data': '18/04/2024', 'descricao': 'LIQ CAMBIO', 'valor': '36003,85'}, {'data': '18/04/2024', 'descricao': 'LIQ CAMBIO', 'valor': '14685,77'}, {'data': '18/04/2024', 'descricao': 'LIQ CAMBIO', 'valor': '9474,69'}, {'data': '18/04/2024', 'descricao': 'IOF S/CAMBIO', 'valor': '204,21'}, {'data': '18/04/2024', 'descricao': 'LIQ CAMBIO', 'valor': '53740,67'}, {'data': '18/04/2024', 'descricao': 'IOF S/CAMBIO', 'valor': '100,81'}, {'data': '18/04/2024', 'descricao': 'IOF S/CAMBIO', 'valor': '47,34'}, {'data': '18/04/2024', 'descricao': 'IOF S/CAMBIO', 'valor': '6,02'}, {'data': '18/04/2024', 'descricao': 'LIQ CAMBIO', 'valor': '26529,16'}, {'data': '18/04/2024', 'descricao': 'LIQ CAMBIO', 'valor': '12456,88'}, {'data': '18/04/2024', 'descricao': 'LIQ CAMBIO', 'valor': '1584,62'}, {'data': '18/04/2024', 'descricao': 'IOF S/CAMBIO', 'valor': '99,94'}, {'data': '18/04/2024', 'descricao': 'LIQ CAMBIO', 'valor': '26300,22'}, {'data': '18/04/2024', 'descricao': 'IOF S/CAMBIO', 'valor': '87,38'}, {'data': '18/04/2024', 'descricao': 'IOF S/CAMBIO', 'valor': '67,18'}, {'data': '18/04/2024', 'descricao': 'LIQ CAMBIO', 'valor': '22993,47'}, {'data': '18/04/2024', 'descricao': 'LIQ CAMBIO', 'valor': '17678,36'}, {'data': '18/04/2024', 'descricao': 'IOF S/CAMBIO', 'valor': '126,41'}, {'data': '18/04/2024', 'descricao': 'IOF S/CAMBIO', 'valor': '122,98'}, {'data': '18/04/2024', 'descricao': 'LIQ CAMBIO', 'valor': '33265,39'}, {'data': '18/04/2024', 'descricao': 'LIQ CAMBIO', 'valor': '32364,13'}, {'data': '18/04/2024', 'descricao': 'PAG DARF 0473 - OCEANICA ENGENHARIA E CONSULTORIA', 'valor': '78222,56'}, {'data': '18/04/2024', 'descricao': 'PAG DARF 5434 - OCEANICA ENGENHARIA E CONSULTORIA', 'valor': '8923,79'}, {'data': '18/04/2024', 'descricao': 'PAG DARF 8741 - OCEANICA ENGENHARIA E CONSULTORIA', 'valor': '52148,38'}, {'data': '18/04/2024', 'descricao': 'PAG DARF 5442 - OCEANICA ENGENHARIA E CONSULTORIA', 'valor': '41103,5'}, {'data': '19/04/2024', 'descricao': 'IOF S/CAMBIO', 'valor': '202,46'}, {'data': '19/04/2024', 'descricao': 'IOF S/CAMBIO', 'valor': '137,04'}, {'data': '19/04/2024', 'descricao': 'IOF S/CAMBIO', 'valor': '551,07'}, {'data': '19/04/2024', 'descricao': 'LIQ CAMBIO', 'valor': '53277,75'}, {'data': '19/04/2024', 'descricao': 'LIQ CAMBIO', 'valor': '36064,06'}, {'data': '19/04/2024', 'descricao': 'LIQ CAMBIO', 'valor': '145018,77'}, {'data': '19/04/2024', 'descricao': 'IOF S/CAMBIO', 'valor': '202,46'}, {'data': '19/04/2024', 'descricao': 'LIQ CAMBIO', 'valor': '53277,75'}, {'data': '19/04/2024', 'descricao': 'PAG DARF 0473 - OCEANICA ENGENHARIA E CONSULTORIA', 'valor': '53932,19'}, {'data': '19/04/2024', 'descricao': 'PAG DARF 5442 - OCEANICA ENGENHARIA E CONSULTORIA', 'valor': '28339,67'}, {'data': '19/04/2024', 'descricao': 'PAG DARF 5434 - OCEANICA ENGENHARIA E CONSULTORIA', 'valor': '6152,69'}, {'data': '19/04/2024', 'descricao': 'PAG DARF 8741 - OCEANICA ENGENHARIA E CONSULTORIA', 'valor': '35954,79'}, {'data': '25/04/2024', 'descricao': 'LIQ CAMBIO', 'valor': '441482,69'}, {'data': '25/04/2024', 'descricao': 'LIQ CAMBIO', 'valor': '91772,54'}, {'data': '25/04/2024', 'descricao': 'LIQ CAMBIO', 'valor': '87364,75'}, {'data': '25/04/2024', 'descricao': 'LIQ CAMBIO', 'valor': '90846,23'}, {'data': '25/04/2024', 'descricao': 'LIQ CAMBIO', 'valor': '2721,69'}, {'data': '25/04/2024', 'descricao': 'LIQ CAMBIO', 'valor': '59354,22'}, {'data': '25/04/2024', 'descricao': 'LIQ CAMBIO', 'valor': '61329,14'}, {'data': '25/04/2024', 'descricao': 'LIQ CAMBIO', 'valor': '5166,27'}, {'data': '25/04/2024', 'descricao': 'LIQ CAMBIO', 'valor': '6771,86'}, {'data': '25/04/2024', 'descricao': 'LIQ CAMBIO', 'valor': '4083,89'}, {'data': '25/04/2024', 'descricao': 'LIQ CAMBIO', 'valor': '96274,00'}, {'data': '25/04/2024', 'descricao': 'LIQ CAMBIO', 'valor': '80427,56'}, {'data': '25/04/2024', 'descricao': 'LIQ CAMBIO', 'valor': '60564,15'}, {'data': '25/04/2024', 'descricao': 'LIQ CAMBIO', 'valor': '233997,86'}, {'data': '25/04/2024', 'descricao': 'LIQ CAMBIO', 'valor': '20868,51'}, {'data': '25/04/2024', 'descricao': 'LIQ CAMBIO', 'valor': '7829,42'}, {'data': '25/04/2024', 'descricao': 'LIQ CAMBIO', 'valor': '13580,36'}, {'data': '25/04/2024', 'descricao': 'LIQ CAMBIO', 'valor': '6422,15'}, {'data': '25/04/2024', 'descricao': 'LIQ CAMBIO', 'valor': '1731,27'}, {'data': '25/04/2024', 'descricao': 'LIQ CAMBIO', 'valor': '239448,17'}, {'data': '25/04/2024', 'descricao': 'LIQ CAMBIO', 'valor': '3250,21'}, {'data': '29/04/2024', 'descricao': 'IOF S/CAMBIO', 'valor': '19551,00'}, {'data': '29/04/2024', 'descricao': 'LIQ CAMBIO', 'valor': '5145000,00'}, {'data': '29/04/2024', 'descricao': 'DÉBITO EM C/C VIA CIP - OCEANICA ENGENHARIA E CONSULTORIA SA', 'valor': '1000000,00'}, {'data': '30/04/2024', 'descricao': 'TRANSFERÊNCIA A CRÉDITO VIA PIX - OCEANICA ENGENHARIA E CONSULTORIA S.A.', 'valor': '10000000,00'}, {'data': '30/04/2024', 'descricao': 'Saldo Final + Rendimento Provisionado de Saldo Remunerado', 'valor': ',00'}, {'data': 'Total de Créditos', 'descricao': 'nan', 'valor': '24500000,00'}, {'data': 'Total de Débitos', 'descricao': 'nan', 'valor': '14351285,52'}]
2024-05-24 17:45:10.299Z;functions.excel.2422:  imposto_list [{'data': '03/04/2024', 'descricao': 'IOF S/CAMBIO', 'valor': '151,94', 'imposto': 'IOF'}, {'data': '03/04/2024', 'descricao': 'IOF S/CAMBIO', 'valor': '77,12', 'imposto': 'IOF'}, {'data': '03/04/2024', 'descricao': 'IOF S/CAMBIO', 'valor': '1036,87', 'imposto': 'IOF'}, {'data': '03/04/2024', 'descricao': 'IOF S/CAMBIO', 'valor': '103,38', 'imposto': 'IOF'}, {'data': '05/04/2024', 'descricao': 'IOF S/CAMBIO', 'valor': '193,16', 'imposto': 'IOF'}, {'data': '05/04/2024', 'descricao': 'PAG DARF 0473 - OCEANICA ENGENHARIA E CONSULTORIA', 'valor': '9531,00', 'cod_impo': '0473', 'imposto': 'IR'}, {'data': '05/04/2024', 'descricao': 'PAG DARF 8741 - OCEANICA ENGENHARIA E CONSULTORIA', 'valor': '6354,00', 'cod_impo': '8741', 'imposto': 'CIDE'}, {'data': '05/04/2024', 'descricao': 'PAG DARF 5442 - OCEANICA ENGENHARIA E CONSULTORIA', 'valor': '5008,24', 'cod_impo': '5442', 'imposto': 'COFINS'}, {'data': '05/04/2024', 'descricao': 'PAG DARF 5434 - OCEANICA ENGENHARIA E CONSULTORIA', 'valor': '1087,32', 'cod_impo': '5434', 'imposto': 'PIS'}, {'data': '18/04/2024', 'descricao': 'IOF S/CAMBIO', 'valor': '210,27', 'imposto': 'IOF'}, {'data': '18/04/2024', 'descricao': 'IOF S/CAMBIO', 'valor': '143,18', 'imposto': 'IOF'}, {'data': '18/04/2024', 'descricao': 'IOF S/CAMBIO', 'valor': '158,45', 'imposto': 'IOF'}, {'data': '18/04/2024', 'descricao': 'IOF S/CAMBIO', 'valor': '171,72', 'imposto': 'IOF'}, {'data': '18/04/2024', 'descricao': 'IOF S/CAMBIO', 'valor': '21,06', 'imposto': 'IOF'}, {'data': '18/04/2024', 'descricao': 'IOF S/CAMBIO', 'valor': '136,81', 'imposto': 'IOF'}, {'data': '18/04/2024', 'descricao': 'IOF S/CAMBIO', 'valor': '36,00', 'imposto': 'IOF'}, {'data': '18/04/2024', 'descricao': 'IOF S/CAMBIO', 'valor': '55,81', 'imposto': 'IOF'}, {'data': '18/04/2024', 'descricao': 'IOF S/CAMBIO', 'valor': '204,21', 'imposto': 'IOF'}, {'data': '18/04/2024', 'descricao': 'IOF S/CAMBIO', 'valor': '100,81', 'imposto': 'IOF'}, {'data': '18/04/2024', 'descricao': 'IOF S/CAMBIO', 'valor': '47,34', 'imposto': 'IOF'}, {'data': '18/04/2024', 'descricao': 'IOF S/CAMBIO', 'valor': '6,02', 'imposto': 'IOF'}, {'data': '18/04/2024', 'descricao': 'IOF S/CAMBIO', 'valor': '99,94', 'imposto': 'IOF'}, {'data': '18/04/2024', 'descricao': 'IOF S/CAMBIO', 'valor': '87,38', 'imposto': 'IOF'}, {'data': '18/04/2024', 'descricao': 'IOF S/CAMBIO', 'valor': '67,18', 'imposto': 'IOF'}, {'data': '18/04/2024', 'descricao': 'IOF S/CAMBIO', 'valor': '126,41', 'imposto': 'IOF'}, {'data': '18/04/2024', 'descricao': 'IOF S/CAMBIO', 'valor': '122,98', 'imposto': 'IOF'}, {'data': '18/04/2024', 'descricao': 'PAG DARF 0473 - OCEANICA ENGENHARIA E CONSULTORIA', 'valor': '78222,56', 'cod_impo': '0473', 'imposto': 'IR'}, {'data': '18/04/2024', 'descricao': 'PAG DARF 5434 - OCEANICA ENGENHARIA E CONSULTORIA', 'valor': '8923,79', 'cod_impo': '5434', 'imposto': 'PIS'}, {'data': '18/04/2024', 'descricao': 'PAG DARF 8741 - OCEANICA ENGENHARIA E CONSULTORIA', 'valor': '52148,38', 'cod_impo': '8741', 'imposto': 'CIDE'}, {'data': '18/04/2024', 'descricao': 'PAG DARF 5442 - OCEANICA ENGENHARIA E CONSULTORIA', 'valor': '41103,5', 'cod_impo': '5442', 'imposto': 'COFINS'}, {'data': '19/04/2024', 'descricao': 'IOF S/CAMBIO', 'valor': '202,46', 'imposto': 'IOF'}, {'data': '19/04/2024', 'descricao': 'IOF S/CAMBIO', 'valor': '137,04', 'imposto': 'IOF'}, {'data': '19/04/2024', 'descricao': 'IOF S/CAMBIO', 'valor': '551,07', 'imposto': 'IOF'}, {'data': '19/04/2024', 'descricao': 'IOF S/CAMBIO', 'valor': '202,46', 'imposto': 'IOF'}, {'data': '19/04/2024', 'descricao': 'PAG DARF 0473 - OCEANICA ENGENHARIA E CONSULTORIA', 'valor': '53932,19', 'cod_impo': '0473', 'imposto': 'IR'}, {'data': '19/04/2024', 'descricao': 'PAG DARF 5442 - OCEANICA ENGENHARIA E CONSULTORIA', 'valor': '28339,67', 'cod_impo': '5442', 'imposto': 'COFINS'}, {'data': '19/04/2024', 'descricao': 'PAG DARF 5434 - OCEANICA ENGENHARIA E CONSULTORIA', 'valor': '6152,69', 'cod_impo': '5434', 'imposto': 'PIS'}, {'data': '19/04/2024', 'descricao': 'PAG DARF 8741 - OCEANICA ENGENHARIA E CONSULTORIA', 'valor': '35954,79', 'cod_impo': '8741', 'imposto': 'CIDE'}, {'data': '29/04/2024', 'descricao': 'IOF S/CAMBIO', 'valor': '19551,00', 'imposto': 'IOF'}]
2024-05-24 17:45:10.308Z;functions.excel.2423:  liq_cambio_list [{'data': '03/04/2024', 'descricao': 'LIQ CAMBIO', 'valor': '39985,49'}, {'data': '03/04/2024', 'descricao': 'LIQ CAMBIO', 'valor': '20294,84'}, {'data': '03/04/2024', 'descricao': 'LIQ CAMBIO', 'valor': '272861,32'}, {'data': '03/04/2024', 'descricao': 'LIQ CAMBIO', 'valor': '27205,99'}, {'data': '05/04/2024', 'descricao': 'LIQ CAMBIO', 'valor': '15121,63'}, {'data': '05/04/2024', 'descricao': 'LIQ CAMBIO', 'valor': '18384,92'}, {'data': '05/04/2024', 'descricao': 'LIQ CAMBIO', 'valor': '25161,34'}, {'data': '05/04/2024', 'descricao': 'LIQ CAMBIO', 'valor': '50831,00'}, {'data': '15/04/2024', 'descricao': 'LIQ CAMBIO', 'valor': '37632,1'}, {'data': '15/04/2024', 'descricao': 'LIQ CAMBIO', 'valor': '6899,61'}, {'data': '15/04/2024', 'descricao': 'LIQ CAMBIO', 'valor': '31834,55'}, {'data': '15/04/2024', 'descricao': 'LIQ CAMBIO', 'valor': '184838,75'}, {'data': '15/04/2024', 'descricao': 'LIQ CAMBIO', 'valor': '72291,99'}, {'data': '15/04/2024', 'descricao': 'LIQ CAMBIO', 'valor': '1967,79'}, {'data': '15/04/2024', 'descricao': 'LIQ CAMBIO', 'valor': '786114,52'}, {'data': '15/04/2024', 'descricao': 'LIQ CAMBIO', 'valor': '6285,02'}, {'data': '15/04/2024', 'descricao': 'LIQ CAMBIO', 'valor': '2164,33'}, {'data': '15/04/2024', 'descricao': 'LIQ CAMBIO', 'valor': '14039,63'}, {'data': '15/04/2024', 'descricao': 'LIQ CAMBIO', 'valor': '28679,11'}, {'data': '15/04/2024', 'descricao': 'LIQ CAMBIO', 'valor': '13915,43'}, {'data': '15/04/2024', 'descricao': 'LIQ CAMBIO', 'valor': '139641,68'}, {'data': '15/04/2024', 'descricao': 'LIQ CAMBIO', 'valor': '1664704,98'}, {'data': '15/04/2024', 'descricao': 'LIQ CAMBIO', 'valor': '12977,65'}, {'data': '15/04/2024', 'descricao': 'LIQ CAMBIO', 'valor': '7172,28'}, {'data': '15/04/2024', 'descricao': 'LIQ CAMBIO', 'valor': '18717,3'}, {'data': '15/04/2024', 'descricao': 'LIQ CAMBIO', 'valor': '31570,56'}, {'data': '15/04/2024', 'descricao': 'LIQ CAMBIO', 'valor': '60682,5'}, {'data': '15/04/2024', 'descricao': 'LIQ CAMBIO', 'valor': '4526,26'}, {'data': '15/04/2024', 'descricao': 'LIQ CAMBIO', 'valor': '7503,59'}, {'data': '15/04/2024', 'descricao': 'LIQ CAMBIO', 'valor': '5375,19'}, {'data': '15/04/2024', 'descricao': 'LIQ CAMBIO', 'valor': '15785,28'}, {'data': '15/04/2024', 'descricao': 'LIQ CAMBIO', 'valor': '85760,74'}, {'data': '15/04/2024', 'descricao': 'LIQ CAMBIO', 'valor': '15785,28'}, {'data': '18/04/2024', 'descricao': 'LIQ CAMBIO', 'valor': '173672,16'}, {'data': '18/04/2024', 'descricao': 'LIQ CAMBIO', 'valor': '4695,33'}, {'data': '18/04/2024', 'descricao': 'LIQ CAMBIO', 'valor': '98607,12'}, {'data': '18/04/2024', 'descricao': 'LIQ CAMBIO', 'valor': '2755,08'}, {'data': '18/04/2024', 'descricao': 'LIQ CAMBIO', 'valor': '15712,76'}, {'data': '18/04/2024', 'descricao': 'LIQ CAMBIO', 'valor': '8460,9'}, {'data': '18/04/2024', 'descricao': 'LIQ CAMBIO', 'valor': '17523,57'}, {'data': '18/04/2024', 'descricao': 'LIQ CAMBIO', 'valor': '13062,5'}, {'data': '18/04/2024', 'descricao': 'LIQ CAMBIO', 'valor': '7529,86'}, {'data': '18/04/2024', 'descricao': 'LIQ CAMBIO', 'valor': '3156,56'}, {'data': '18/04/2024', 'descricao': 'LIQ CAMBIO', 'valor': '3639,67'}, {'data': '18/04/2024', 'descricao': 'LIQ CAMBIO', 'valor': '184916,27'}, {'data': '18/04/2024', 'descricao': 'LIQ CAMBIO', 'valor': '357,52'}, {'data': '18/04/2024', 'descricao': 'LIQ CAMBIO', 'valor': '3833,06'}, {'data': '18/04/2024', 'descricao': 'LIQ CAMBIO', 'valor': '15513,47'}, {'data': '18/04/2024', 'descricao': 'LIQ CAMBIO', 'valor': '568,24'}, {'data': '18/04/2024', 'descricao': 'LIQ CAMBIO', 'valor': '44390,24'}, {'data': '18/04/2024', 'descricao': 'LIQ CAMBIO', 'valor': '789,93'}, {'data': '18/04/2024', 'descricao': 'LIQ CAMBIO', 'valor': '35123,93'}, {'data': '18/04/2024', 'descricao': 'LIQ CAMBIO', 'valor': '1039,51'}, {'data': '18/04/2024', 'descricao': 'LIQ CAMBIO', 'valor': '186170,88'}, {'data': '18/04/2024', 'descricao': 'LIQ CAMBIO', 'valor': '4790,03'}, {'data': '18/04/2024', 'descricao': 'LIQ CAMBIO', 'valor': '517,01'}, {'data': '18/04/2024', 'descricao': 'LIQ CAMBIO', 'valor': '117558,23'}, {'data': '18/04/2024', 'descricao': 'LIQ CAMBIO', 'valor': '4,96'}, {'data': '18/04/2024', 'descricao': 'LIQ CAMBIO', 'valor': '1240,88'}, {'data': '18/04/2024', 'descricao': 'LIQ CAMBIO', 'valor': '10472,54'}, {'data': '18/04/2024', 'descricao': 'LIQ CAMBIO', 'valor': '6981,69'}, {'data': '18/04/2024', 'descricao': 'LIQ CAMBIO', 'valor': '19484,88'}, {'data': '18/04/2024', 'descricao': 'LIQ CAMBIO', 'valor': '59116,89'}, {'data': '18/04/2024', 'descricao': 'LIQ CAMBIO', 'valor': '48739,88'}, {'data': '18/04/2024', 'descricao': 'LIQ CAMBIO', 'valor': '1751,34'}, {'data': '18/04/2024', 'descricao': 'LIQ CAMBIO', 'valor': '31211,4'}, {'data': '18/04/2024', 'descricao': 'LIQ CAMBIO', 'valor': '115,5'}, {'data': '18/04/2024', 'descricao': 'LIQ CAMBIO', 'valor': '186,31'}, {'data': '18/04/2024', 'descricao': 'LIQ CAMBIO', 'valor': '46209,7'}, {'data': '18/04/2024', 'descricao': 'LIQ CAMBIO', 'valor': '72,98'}, {'data': '18/04/2024', 'descricao': 'LIQ CAMBIO', 'valor': '9166,55'}, {'data': '18/04/2024', 'descricao': 'LIQ CAMBIO', 'valor': '23892,04'}, {'data': '18/04/2024', 'descricao': 'LIQ CAMBIO', 'valor': '833,5'}, {'data': '18/04/2024', 'descricao': 'LIQ CAMBIO', 'valor': '30787,91'}, {'data': '18/04/2024', 'descricao': 'LIQ CAMBIO', 'valor': '173968,76'}, {'data': '18/04/2024', 'descricao': 'LIQ CAMBIO', 'valor': '3880,69'}, {'data': '18/04/2024', 'descricao': 'LIQ CAMBIO', 'valor': '7600,73'}, {'data': '18/04/2024', 'descricao': 'LIQ CAMBIO', 'valor': '13767,46'}, {'data': '18/04/2024', 'descricao': 'LIQ CAMBIO', 'valor': '41382,97'}, {'data': '18/04/2024', 'descricao': 'LIQ CAMBIO', 'valor': '1019,55'}, {'data': '18/04/2024', 'descricao': 'LIQ CAMBIO', 'valor': '13196,11'}, {'data': '18/04/2024', 'descricao': 'LIQ CAMBIO', 'valor': '1092,43'}, {'data': '18/04/2024', 'descricao': 'LIQ CAMBIO', 'valor': '39553,53'}, {'data': '18/04/2024', 'descricao': 'LIQ CAMBIO', 'valor': '7600,73'}, {'data': '18/04/2024', 'descricao': 'LIQ CAMBIO', 'valor': '58,99'}, {'data': '18/04/2024', 'descricao': 'LIQ CAMBIO', 'valor': '6683,05'}, {'data': '18/04/2024', 'descricao': 'LIQ CAMBIO', 'valor': '39457,78'}, {'data': '18/04/2024', 'descricao': 'LIQ CAMBIO', 'valor': '12098,3'}, {'data': '18/04/2024', 'descricao': 'LIQ CAMBIO', 'valor': '31,69'}, {'data': '18/04/2024', 'descricao': 'LIQ CAMBIO', 'valor': '28122,49'}, {'data': '18/04/2024', 'descricao': 'LIQ CAMBIO', 'valor': '16266,59'}, {'data': '18/04/2024', 'descricao': 'LIQ CAMBIO', 'valor': '29753,15'}, {'data': '18/04/2024', 'descricao': 'LIQ CAMBIO', 'valor': '28122,49'}, {'data': '18/04/2024', 'descricao': 'LIQ CAMBIO', 'valor': '261,25'}, {'data': '18/04/2024', 'descricao': 'LIQ CAMBIO', 'valor': '9584,33'}, {'data': '18/04/2024', 'descricao': 'LIQ CAMBIO', 'valor': '149,19'}, {'data': '18/04/2024', 'descricao': 'LIQ CAMBIO', 'valor': '55335,43'}, {'data': '18/04/2024', 'descricao': 'LIQ CAMBIO', 'valor': '9447,08'}, {'data': '18/04/2024', 'descricao': 'LIQ CAMBIO', 'valor': '1012,84'}, {'data': '18/04/2024', 'descricao': 'LIQ CAMBIO', 'valor': '37679,25'}, {'data': '18/04/2024', 'descricao': 'LIQ CAMBIO', 'valor': '41698,14'}, {'data': '18/04/2024', 'descricao': 'LIQ CAMBIO', 'valor': '45189,68'}, {'data': '18/04/2024', 'descricao': 'LIQ CAMBIO', 'valor': '5542,73'}, {'data': '18/04/2024', 'descricao': 'LIQ CAMBIO', 'valor': '36003,85'}, {'data': '18/04/2024', 'descricao': 'LIQ CAMBIO', 'valor': '14685,77'}, {'data': '18/04/2024', 'descricao': 'LIQ CAMBIO', 'valor': '9474,69'}, {'data': '18/04/2024', 'descricao': 'LIQ CAMBIO', 'valor': '53740,67'}, {'data': '18/04/2024', 'descricao': 'LIQ CAMBIO', 'valor': '26529,16'}, {'data': '18/04/2024', 'descricao': 'LIQ CAMBIO', 'valor': '12456,88'}, {'data': '18/04/2024', 'descricao': 'LIQ CAMBIO', 'valor': '1584,62'}, {'data': '18/04/2024', 'descricao': 'LIQ CAMBIO', 'valor': '26300,22'}, {'data': '18/04/2024', 'descricao': 'LIQ CAMBIO', 'valor': '22993,47'}, {'data': '18/04/2024', 'descricao': 'LIQ CAMBIO', 'valor': '17678,36'}, {'data': '18/04/2024', 'descricao': 'LIQ CAMBIO', 'valor': '33265,39'}, {'data': '18/04/2024', 'descricao': 'LIQ CAMBIO', 'valor': '32364,13'}, {'data': '19/04/2024', 'descricao': 'LIQ CAMBIO', 'valor': '53277,75'}, {'data': '19/04/2024', 'descricao': 'LIQ CAMBIO', 'valor': '36064,06'}, {'data': '19/04/2024', 'descricao': 'LIQ CAMBIO', 'valor': '145018,77'}, {'data': '19/04/2024', 'descricao': 'LIQ CAMBIO', 'valor': '53277,75'}, {'data': '25/04/2024', 'descricao': 'LIQ CAMBIO', 'valor': '441482,69'}, {'data': '25/04/2024', 'descricao': 'LIQ CAMBIO', 'valor': '91772,54'}, {'data': '25/04/2024', 'descricao': 'LIQ CAMBIO', 'valor': '87364,75'}, {'data': '25/04/2024', 'descricao': 'LIQ CAMBIO', 'valor': '90846,23'}, {'data': '25/04/2024', 'descricao': 'LIQ CAMBIO', 'valor': '2721,69'}, {'data': '25/04/2024', 'descricao': 'LIQ CAMBIO', 'valor': '59354,22'}, {'data': '25/04/2024', 'descricao': 'LIQ CAMBIO', 'valor': '61329,14'}, {'data': '25/04/2024', 'descricao': 'LIQ CAMBIO', 'valor': '5166,27'}, {'data': '25/04/2024', 'descricao': 'LIQ CAMBIO', 'valor': '6771,86'}, {'data': '25/04/2024', 'descricao': 'LIQ CAMBIO', 'valor': '4083,89'}, {'data': '25/04/2024', 'descricao': 'LIQ CAMBIO', 'valor': '96274,00'}, {'data': '25/04/2024', 'descricao': 'LIQ CAMBIO', 'valor': '80427,56'}, {'data': '25/04/2024', 'descricao': 'LIQ CAMBIO', 'valor': '60564,15'}, {'data': '25/04/2024', 'descricao': 'LIQ CAMBIO', 'valor': '233997,86'}, {'data': '25/04/2024', 'descricao': 'LIQ CAMBIO', 'valor': '20868,51'}, {'data': '25/04/2024', 'descricao': 'LIQ CAMBIO', 'valor': '7829,42'}, {'data': '25/04/2024', 'descricao': 'LIQ CAMBIO', 'valor': '13580,36'}, {'data': '25/04/2024', 'descricao': 'LIQ CAMBIO', 'valor': '6422,15'}, {'data': '25/04/2024', 'descricao': 'LIQ CAMBIO', 'valor': '1731,27'}, {'data': '25/04/2024', 'descricao': 'LIQ CAMBIO', 'valor': '239448,17'}, {'data': '25/04/2024', 'descricao': 'LIQ CAMBIO', 'valor': '3250,21'}, {'data': '29/04/2024', 'descricao': 'LIQ CAMBIO', 'valor': '5145000,00'}]
2024-05-24 17:45:10.321Z;functions.extrair_contrato.2001:  SERÃO TRATADOS 6 ARQUIVOS.
2024-05-24 17:45:10.322Z;functions.extrair_contrato.2003:  arquivos: ['C:\\\\Projetos\\\\Retornos\\\\Retorno_Baixa_Remessa_Moeda_Estrangeira\\\\PDF\\ARGUS_CONTRATO_ USD 1.374,00_R$ 7.172,28.pdf', 'C:\\\\Projetos\\\\Retornos\\\\Retorno_Baixa_Remessa_Moeda_Estrangeira\\\\PDF\\ARGUS_CONTRATO_ USD 3.024,00_R$ 15.785,28.pdf', 'C:\\\\Projetos\\\\Retornos\\\\Retorno_Baixa_Remessa_Moeda_Estrangeira\\\\PDF\\AXA_CONTRATO_USD 3.972,37_R$ 20.294,84.pdf', 'C:\\\\Projetos\\\\Retornos\\\\Retorno_Baixa_Remessa_Moeda_Estrangeira\\\\PDF\\AXA_CONTRATO_USD 5.325,11_R$ 27.205,99.pdf', 'C:\\\\Projetos\\\\Retornos\\\\Retorno_Baixa_Remessa_Moeda_Estrangeira\\\\PDF\\EXTRATO BTG 012024.pdf', 'C:\\\\Projetos\\\\Retornos\\\\Retorno_Baixa_Remessa_Moeda_Estrangeira\\\\PDF\\FORUM_CONTRATO_GBP 26.410,00_R$173.672,16.pdf']
2024-05-24 17:45:10.323Z;functions.extrair_contrato.2009:  Contrato: C:\\Projetos\\Retornos\\Retorno_Baixa_Remessa_Moeda_Estrangeira\\PDF\ARGUS_CONTRATO_ USD 1.374,00_R$ 7.172,28.pdf
2024-05-24 17:45:10.324Z;functions.extrair_contrato.2011:  nome ARGUS_CONTRATO_ USD 1.374,00_R$ 7.172,28.pdf
