2024-05-24 18:36:02.134Z;teste.tranf_pdf_pdf2.448:  PDF copiado
2024-05-24 18:36:02.134Z;teste.tranf_pdf_pdf2.451:  nome ARGUS_CONTRATO_ USD 1.374,00_R$ 7.172,28
2024-05-24 18:36:05.019Z;teste.tranf_pdf_pdf2.484:  Imagem redimensionada
2024-05-24 18:36:05.719Z;teste.preprocess_image2.392:  pre 1
2024-05-24 18:39:07.395Z;teste.preprocess_image2.395:  pre 2
2024-05-24 18:39:07.395Z;teste.preprocess_image2.397:  pre 3
2024-05-24 18:39:07.864Z;teste.preprocess_image2.399:  pre 4
2024-05-24 18:39:08.154Z;teste.preprocess_image2.406:  pre 5
2024-05-24 18:39:08.491Z;teste.preprocess_image2.417:  pre 6
2024-05-24 18:39:08.491Z;teste.preprocess_image2.421:  pre 7
2024-05-24 18:39:08.697Z;teste.preprocess_image2.423:  pre 8
2024-05-24 18:39:08.895Z;teste.preprocess_image2.426:  pre 9
2024-05-24 18:39:08.895Z;teste.preprocess_image2.433:  pre 10
2024-05-24 18:39:09.015Z;teste.tranf_pdf_pdf2.488:  Imagem redimensionada Pos processada
2024-05-24 18:39:10.113Z;teste.tranf_pdf_pdf2.497:  Imagem Pos processada aberta
2024-05-24 18:39:14.973Z;teste.tranf_pdf_pdf2.500:  Imagem Pos processada escrita
2024-05-24 18:39:18.474Z;teste.tranf_pdf_pdf2.484:  Imagem redimensionada
2024-05-24 18:39:19.098Z;teste.preprocess_image2.392:  pre 1
2024-05-24 18:42:23.615Z;teste.preprocess_image2.395:  pre 2
2024-05-24 18:42:23.616Z;teste.preprocess_image2.397:  pre 3
2024-05-24 18:42:24.055Z;teste.preprocess_image2.399:  pre 4
2024-05-24 18:42:24.333Z;teste.preprocess_image2.406:  pre 5
2024-05-24 18:42:24.501Z;teste.preprocess_image2.417:  pre 6
2024-05-24 18:42:24.502Z;teste.preprocess_image2.421:  pre 7
2024-05-24 18:42:24.686Z;teste.preprocess_image2.423:  pre 8
2024-05-24 18:42:24.863Z;teste.preprocess_image2.426:  pre 9
2024-05-24 18:42:24.863Z;teste.preprocess_image2.433:  pre 10
2024-05-24 18:42:24.946Z;teste.tranf_pdf_pdf2.488:  Imagem redimensionada Pos processada
2024-05-24 18:42:25.911Z;teste.tranf_pdf_pdf2.497:  Imagem Pos processada aberta
2024-05-24 18:42:32.099Z;teste.tranf_pdf_pdf2.500:  Imagem Pos processada escrita
2024-05-24 18:42:35.520Z;teste.tranf_pdf_pdf2.484:  Imagem redimensionada
2024-05-24 18:42:36.208Z;teste.preprocess_image2.392:  pre 1
2024-05-24 18:45:38.160Z;teste.preprocess_image2.395:  pre 2
2024-05-24 18:45:38.161Z;teste.preprocess_image2.397:  pre 3
2024-05-24 18:45:38.718Z;teste.preprocess_image2.399:  pre 4
2024-05-24 18:45:39.036Z;teste.preprocess_image2.406:  pre 5
2024-05-24 18:45:39.395Z;teste.preprocess_image2.417:  pre 6
2024-05-24 18:45:39.395Z;teste.preprocess_image2.421:  pre 7
2024-05-24 18:45:39.599Z;teste.preprocess_image2.423:  pre 8
2024-05-24 18:45:39.817Z;teste.preprocess_image2.426:  pre 9
2024-05-24 18:45:39.817Z;teste.preprocess_image2.433:  pre 10
2024-05-24 18:45:39.903Z;teste.tranf_pdf_pdf2.488:  Imagem redimensionada Pos processada
2024-05-24 18:45:40.848Z;teste.tranf_pdf_pdf2.497:  Imagem Pos processada aberta
2024-05-24 18:45:44.271Z;teste.tranf_pdf_pdf2.500:  Imagem Pos processada escrita
2024-05-24 18:45:47.255Z;teste.tranf_pdf_pdf2.484:  Imagem redimensionada
2024-05-24 18:45:47.942Z;teste.preprocess_image2.392:  pre 1
2024-05-24 18:48:49.159Z;teste.preprocess_image2.395:  pre 2
2024-05-24 18:48:49.160Z;teste.preprocess_image2.397:  pre 3
2024-05-24 18:48:49.663Z;teste.preprocess_image2.399:  pre 4
2024-05-24 18:48:49.974Z;teste.preprocess_image2.406:  pre 5
2024-05-24 18:48:50.175Z;teste.preprocess_image2.417:  pre 6
2024-05-24 18:48:50.176Z;teste.preprocess_image2.421:  pre 7
2024-05-24 18:48:50.380Z;teste.preprocess_image2.423:  pre 8
2024-05-24 18:48:50.635Z;teste.preprocess_image2.426:  pre 9
2024-05-24 18:48:50.636Z;teste.preprocess_image2.433:  pre 10
2024-05-24 18:48:50.741Z;teste.tranf_pdf_pdf2.488:  Imagem redimensionada Pos processada
2024-05-24 18:48:51.786Z;teste.tranf_pdf_pdf2.497:  Imagem Pos processada aberta
2024-05-24 18:48:56.489Z;teste.tranf_pdf_pdf2.500:  Imagem Pos processada escrita
2024-05-24 18:48:56.895Z;teste.tranf_pdf_pdf2.505:  Novo PDF com imagens salvo
2024-05-24 18:48:58.097Z;ocr.exec_concurrent.96:  Start processing 3 pages concurrently
2024-05-24 18:49:39.067Z;tesseract.tesseract_log_output.257:  [tesseract] read_params_file: Can't open --oem 2 --psm 11 dpi 300 --remove_noise --tessedit_create_hocr 1 --textonly_pdf 1 --remove_background True
2024-05-24 18:49:39.958Z;tesseract.tesseract_log_output.257:  [tesseract] read_params_file: Can't open --oem 2 --psm 11 dpi 300 --remove_noise --tessedit_create_hocr 1 --textonly_pdf 1 --remove_background True
2024-05-24 18:49:39.958Z;tesseract.tesseract_log_output.241:  [tesseract] lots of diacritics - possibly poor OCR
2024-05-24 18:49:47.176Z;tesseract.tesseract_log_output.257:  [tesseract] read_params_file: Can't open --oem 2 --psm 11 dpi 300 --remove_noise --tessedit_create_hocr 1 --textonly_pdf 1 --remove_background True
2024-05-24 18:50:43.813Z;tesseract.tesseract_log_output.257:  [tesseract] read_params_file: Can't open --oem 2 --psm 11 dpi 300 --remove_noise --tessedit_create_hocr 1 --textonly_pdf 1 --remove_background True
2024-05-24 18:50:43.877Z;ocr.exec_concurrent.145:  Postprocessing...
2024-05-24 18:51:31.733Z;optimize.optimize.717:  Image optimization did not improve the file - optimizations will not be used
2024-05-24 18:51:32.223Z;_pipeline.optimize_pdf.989:  Image optimization ratio: 1.00 savings: -0.0%
2024-05-24 18:51:32.223Z;_pipeline.optimize_pdf.992:  Total file size ratio: 1.29 savings: 22.5%
2024-05-24 18:51:32.304Z;_common.report_output_pdf.441:  Output file is a PDF/A-2B (as expected)
2024-05-24 18:51:32.583Z;teste.<module>.532:  PDF transformado para texto
