2024-05-24 19:08:54.598Z;teste.tranf_pdf_pdf2.448:  PDF copiado
2024-05-24 19:08:54.598Z;teste.tranf_pdf_pdf2.451:  nome ARGUS_CONTRATO_ USD 1.374,00_R$ 7.172,28
2024-05-24 19:08:55.573Z;teste.tranf_pdf_pdf2.484:  Imagem redimensionada
2024-05-24 19:08:55.724Z;teste.preprocess_image2.392:  pre 1
2024-05-24 19:09:29.270Z;teste.preprocess_image2.395:  pre 2
2024-05-24 19:09:29.272Z;teste.preprocess_image2.397:  pre 3
2024-05-24 19:09:29.410Z;teste.preprocess_image2.399:  pre 4
2024-05-24 19:09:29.547Z;teste.preprocess_image2.406:  pre 5
2024-05-24 19:09:29.611Z;teste.preprocess_image2.417:  pre 6
2024-05-24 19:09:29.612Z;teste.preprocess_image2.421:  pre 7
2024-05-24 19:09:29.679Z;teste.preprocess_image2.423:  pre 8
2024-05-24 19:09:29.746Z;teste.preprocess_image2.426:  pre 9
2024-05-24 19:09:29.746Z;teste.preprocess_image2.433:  pre 10
2024-05-24 19:09:29.792Z;teste.tranf_pdf_pdf2.488:  Imagem redimensionada Pos processada
2024-05-24 19:09:30.114Z;teste.tranf_pdf_pdf2.497:  Imagem Pos processada aberta
2024-05-24 19:09:31.661Z;teste.tranf_pdf_pdf2.500:  Imagem Pos processada escrita
2024-05-24 19:09:32.817Z;teste.tranf_pdf_pdf2.484:  Imagem redimensionada
2024-05-24 19:09:32.994Z;teste.preprocess_image2.392:  pre 1
2024-05-24 19:10:07.864Z;teste.preprocess_image2.395:  pre 2
2024-05-24 19:10:07.864Z;teste.preprocess_image2.397:  pre 3
2024-05-24 19:10:07.983Z;teste.preprocess_image2.399:  pre 4
2024-05-24 19:10:08.099Z;teste.preprocess_image2.406:  pre 5
2024-05-24 19:10:08.140Z;teste.preprocess_image2.417:  pre 6
2024-05-24 19:10:08.141Z;teste.preprocess_image2.421:  pre 7
2024-05-24 19:10:08.180Z;teste.preprocess_image2.423:  pre 8
2024-05-24 19:10:08.228Z;teste.preprocess_image2.426:  pre 9
2024-05-24 19:10:08.229Z;teste.preprocess_image2.433:  pre 10
2024-05-24 19:10:08.264Z;teste.tranf_pdf_pdf2.488:  Imagem redimensionada Pos processada
2024-05-24 19:10:08.510Z;teste.tranf_pdf_pdf2.497:  Imagem Pos processada aberta
2024-05-24 19:10:09.974Z;teste.tranf_pdf_pdf2.500:  Imagem Pos processada escrita
2024-05-24 19:10:11.036Z;teste.tranf_pdf_pdf2.484:  Imagem redimensionada
2024-05-24 19:10:11.211Z;teste.preprocess_image2.392:  pre 1
2024-05-24 19:10:44.538Z;teste.preprocess_image2.395:  pre 2
2024-05-24 19:10:44.539Z;teste.preprocess_image2.397:  pre 3
2024-05-24 19:10:44.690Z;teste.preprocess_image2.399:  pre 4
2024-05-24 19:10:44.829Z;teste.preprocess_image2.406:  pre 5
2024-05-24 19:10:44.889Z;teste.preprocess_image2.417:  pre 6
2024-05-24 19:10:44.889Z;teste.preprocess_image2.421:  pre 7
2024-05-24 19:10:44.936Z;teste.preprocess_image2.423:  pre 8
2024-05-24 19:10:44.987Z;teste.preprocess_image2.426:  pre 9
2024-05-24 19:10:44.988Z;teste.preprocess_image2.433:  pre 10
2024-05-24 19:10:45.027Z;teste.tranf_pdf_pdf2.488:  Imagem redimensionada Pos processada
2024-05-24 19:10:45.271Z;teste.tranf_pdf_pdf2.497:  Imagem Pos processada aberta
2024-05-24 19:10:46.425Z;teste.tranf_pdf_pdf2.500:  Imagem Pos processada escrita
2024-05-24 19:10:47.463Z;teste.tranf_pdf_pdf2.484:  Imagem redimensionada
2024-05-24 19:10:47.583Z;teste.preprocess_image2.392:  pre 1
2024-05-24 19:11:21.892Z;teste.preprocess_image2.395:  pre 2
2024-05-24 19:11:21.892Z;teste.preprocess_image2.397:  pre 3
2024-05-24 19:11:22.025Z;teste.preprocess_image2.399:  pre 4
2024-05-24 19:11:22.137Z;teste.preprocess_image2.406:  pre 5
2024-05-24 19:11:22.185Z;teste.preprocess_image2.417:  pre 6
2024-05-24 19:11:22.186Z;teste.preprocess_image2.421:  pre 7
2024-05-24 19:11:22.235Z;teste.preprocess_image2.423:  pre 8
2024-05-24 19:11:22.288Z;teste.preprocess_image2.426:  pre 9
2024-05-24 19:11:22.288Z;teste.preprocess_image2.433:  pre 10
2024-05-24 19:11:22.340Z;teste.tranf_pdf_pdf2.488:  Imagem redimensionada Pos processada
2024-05-24 19:11:22.599Z;teste.tranf_pdf_pdf2.497:  Imagem Pos processada aberta
2024-05-24 19:11:23.505Z;teste.tranf_pdf_pdf2.500:  Imagem Pos processada escrita
2024-05-24 19:11:23.651Z;teste.tranf_pdf_pdf2.505:  Novo PDF com imagens salvo
2024-05-24 19:11:25.105Z;ocr.exec_concurrent.96:  Start processing 3 pages concurrently
2024-05-24 19:11:39.363Z;tesseract.tesseract_log_output.257:  [tesseract] read_params_file: Can't open --oem 2 --psm 11 dpi 300 --remove_noise --tessedit_create_hocr 1 --textonly_pdf 1 --remove_background True
2024-05-24 19:11:39.364Z;tesseract.tesseract_log_output.253:  [tesseract] Error in pixClipBoxToForeground: box not within image
2024-05-24 19:11:39.365Z;tesseract.tesseract_log_output.253:  [tesseract] Error in pixClipBoxToForeground: box not within image
2024-05-24 19:11:39.365Z;tesseract.tesseract_log_output.253:  [tesseract] Error in pixClipBoxToForeground: box not within image
2024-05-24 19:11:39.365Z;tesseract.tesseract_log_output.253:  [tesseract] Error in pixClipBoxToForeground: box not within image
2024-05-24 19:11:39.366Z;tesseract.tesseract_log_output.253:  [tesseract] Error in pixClipBoxToForeground: box not within image
2024-05-24 19:11:39.366Z;tesseract.tesseract_log_output.253:  [tesseract] Error in pixClipBoxToForeground: box not within image
2024-05-24 19:11:39.366Z;tesseract.tesseract_log_output.253:  [tesseract] Error in pixClipBoxToForeground: box not within image
2024-05-24 19:11:39.367Z;tesseract.tesseract_log_output.253:  [tesseract] Error in pixClipBoxToForeground: box not within image
2024-05-24 19:11:39.367Z;tesseract.tesseract_log_output.253:  [tesseract] Error in pixClipBoxToForeground: box not within image
2024-05-24 19:11:39.367Z;tesseract.tesseract_log_output.253:  [tesseract] Error in pixClipBoxToForeground: box not within image
2024-05-24 19:11:39.723Z;tesseract.tesseract_log_output.257:  [tesseract] read_params_file: Can't open --oem 2 --psm 11 dpi 300 --remove_noise --tessedit_create_hocr 1 --textonly_pdf 1 --remove_background True
2024-05-24 19:11:43.122Z;tesseract.tesseract_log_output.257:  [tesseract] read_params_file: Can't open --oem 2 --psm 11 dpi 300 --remove_noise --tessedit_create_hocr 1 --textonly_pdf 1 --remove_background True
2024-05-24 19:11:57.989Z;tesseract.tesseract_log_output.257:  [tesseract] read_params_file: Can't open --oem 2 --psm 11 dpi 300 --remove_noise --tessedit_create_hocr 1 --textonly_pdf 1 --remove_background True
2024-05-24 19:11:58.027Z;ocr.exec_concurrent.145:  Postprocessing...
2024-05-24 19:12:11.542Z;optimize.optimize.717:  Image optimization did not improve the file - optimizations will not be used
2024-05-24 19:12:11.942Z;_pipeline.optimize_pdf.989:  Image optimization ratio: 1.00 savings: -0.1%
2024-05-24 19:12:11.942Z;_pipeline.optimize_pdf.992:  Total file size ratio: 1.28 savings: 21.6%
2024-05-24 19:12:11.996Z;_common.report_output_pdf.441:  Output file is a PDF/A-2B (as expected)
2024-05-24 19:12:12.238Z;teste.<module>.532:  PDF transformado para texto
2024-05-24 19:12:12.645Z;teste.<module>.536:  texto Contrato de Câmbio 
Tipo do Contrato | Evento Número do Contrato | Data 
btao pactual Venda Contratação 405260950 15/04/2024 
As partes a seguir denominadas, instituição autorizada à operar no mercado de câmbio e 
cliente, contratam a presente operação de câmbio, nas condições aqui estipuladas e declaram que a 
mesma subordina-se às normas, condições e exigências legais e regulamentares aplicáveis à 
matéria. 
Instituição autorizada a operar no mercado de câmbio 
BANCO BTG PACTUAL 30.306.294/0001-45 
Endereço 
AV. BRIGADEIRO FARIA LIMA 3477 
Ci_dade UF 
SAÃAO PAULO SP 
Cliente 
Nome CNPJI/CPF/Ident. 
OCEANICA ENGENHARIA E CONSULTORIA S.A. Estrangeiro 
29.980.141/0001-08 
Endereço 
AVENIDA DAS AMERICAS 03434 BLC 01 SALAS 301 A 308 - BARRA DA TIJUCA 
RIO DE JANEIRO RJ BRASIL 
Instituição Intermediadora* 
Dados da Operação 
Valor em moeda estrangeira 
1.374,00 (Mil e Trezentos e Setenta e Quatro Dólares dos Estados 
Unidos 
Valor em moeda nacional 
R$ 7.172,28 (Sete Mil e Cento e Setenta e Dois Reais e Vinte e Oito 
Centavos 
Valor Efetivo Total (VET) | Descrição da forma de entrega da | Liquidação até 
moeda estrangeira 
5,220000000000 Teletransmissão 15/04/2024 
Descrição da natureza do fato 
Importação - Pagamento antecipado - até 180 dias 
Pagador ou recebedor no exterior* 
ARGUS REMOTE SYSTEMS AS 
País do pagador ou recebedor no | Código da relação de vínculo entre o cliente e o 
exterior* pagadori/recebedor no exterior* 
- —Classifitcação não  requerida  pela 
NORUEGA ulamentação 
Percentual de adiantamento sobre o contrato de câmbio* _ 
* Campo a ser preenchido quando aplicável 
Página 1 de 4
Contrato de Câmbio 
Tipo do Contrato | Evento Número do Contrato | Data 
btao pactual Venda Contratação 405260950 15/04/2024 
Outras Especificações 
Tributos(RS$): IR(0473) 0,00 - CIDE(8741) 0,00 - IOF 0,00 
Tributos(R$): PIS(5434) 0,00 - COFINS(5442) 0,00 
Tarifa do Contrato: R$0,00 
INV 15345, 15288, 15287, 151360 
Declaro estar ciente de que o Banco BTG Pactual S.A. (BTG') não presta consultoria tributária, 
nem valida e/ou confirma impactos fiscais decorrentes do fechamento de contratos de câmbio. 
Nesse sentido, concordo que qualquer decisão de recolhimento de tributos e eventuais 
consectários legais cabe exclusivamente a mim e a meus assessores legais, e que os valores 
monetários apresentados no presente contrato são apenas indicativos. Declaro também que, na 
tomada de decisão sobre o recolhimento de tributos, considerei o risco de incidência de multa e 
acréscimos moratórios caso o recolhimento ocorra em atraso. Em caso de desacordo com as 
alíquotas e/ou com os valores apresentados no presente contrato, o recolhimento dos tributos 
ocorrerá mediante indicação de fundamento legal apropriado, e será (i) realizado pelo BTG por 
meio de pedido formalizado em carta específica; ou (ii) comprovado ao BTG por meio de prévio 
envio dos respectivos comprovantes de recolhimento. Em qualquer dos casos, a carta e/ou o 
comprovante refletirão os valores efetivamente recolhidos, sem que seja necessário alterar os 
valores indicados no presente contrato em caso de divergências. Declaro ainda que estou ciente 
de que, no entendimento do Banco, o fato gerador dos tributos decorrentes de remessas ao 
exterior ocorre no momento do pagamento, crédito, entrega, emprego ou remessa. 
Cláusulas Contratuais 
(0004) O COMPRADOR SE RESPONSABILIZA PELA EXATIDAO DAS INFORMACOES POR 
ELE PRESTADAS NO  AMBITO DO PRESENTE — CONTRATO, DEVENDO, 
INCLUSIVE, REEMBOLSAR INTEGRALMENTE O BANCO BTG PACTUAL S.A. PELO 
PAGAMENTO DE MULTAS E QUAISQUER OUTRAS DESPESAS DECORRENTES DE 
INCORRECAO DAS MESMAS. 
(0006) O COMPRADOR DECLARA PARA OS DEVIDOS FINS ESTAR EM DIA COM TODAS AS 
OBRIGACOES TRIBUTARIAS PERANTE A RECEITA FEDERAL, ASSUMINDO NESTE ATO 
TOTAL E IRRETRATAVEL RESPONSABILIDADE PELA VERACIDADE DESTA INFORMA CAO. 
O COMPRADOR ASSUME, AINDA, DE FORMA INTEGRAL, A RESPONSABILIDADE PELO 
PAGAMENTO DE ITRIBUIOS RELAIIVOS A OPERACÃO EM REFERENCIA QUE 
PORVENTURA VENHAM AÀ SER EXIGIDOS PELAS AUTORIDADES GOVERNAMENTAIS 
BRASILEIRAS OU ESTRANGEIRAS. 
(0008) O COMPRADOR COMPROMETE-SE DE FORMA IRRETRATAVEL AÀA ACATAR 
IMEDIATA- MENTE QUALQUER SOLICITACÃO DO BANCO CENTRAL DO BRASIL OU DA 
RECEITA FEDERAL, INCLUSIVE PEDIDO DE ENVIO DE INFORMACOES E DOCUMENTOS 
RELATIVOS AÀ ESTA OPERAÇAO DE CAMBIO. 
(0010) O COMPRADOR, PELA ASSINATURA DO PRESENTE CONTRATO, DESDE JÁ 
RECONHECE QUE O VENDEDOR PODERÁ ESTAR IMPEDIDO DE LIQUIDAR O PRESENTE 
CONTRATO EM VIRTUDE DE ESTAR SUJEITO TANTO ÀS LEIS E REGULAMENTAÇÕES 
BRASILEIRAS, QUANTO ÀS ESTRANGEIRAS, DEPENDENDO DAS CIRCUNSTÂNCIAS DAS 
Página 2 de 4 
Contrato de Câmbio 
Tipo do Contrato | Evento Número do Contrato | Data 
btao pactual Venda Contratação 405260950 15/04/2024 
NEGOCIAÇÕES ENTRE AS PARTES. NA HIPÓTESE DE TAL ACONTECIMENTO, O 
VENDEDOR DEVERÁ INFORMAR E JUSTIFICAR AO COMPRADOR QUAL FOI O MOTIVO DA 
MENCIONADA IMPOSSIBILIDADE, FICANDO DESDE JÁ ACORDADO QUE COMPRADOR 
DEVERÁ SOLICITAR A TRANSFERÊNCIA DA ORDEM DE PAGAMENTO PARA OUTRA 
INSTITUIÇÃO DE FORMA IMEDIATA. NA IMPOSSIBILIDADE DE TAL TRANSFERÊNCIA, A 
PRESENTE OPERAÇÃO SERÁ CANCELADA, SEM QUAISQUER RESPONSABILIDADES, 
OBRIGAÇÕES OU ÔNUS PARA O VENDEDOR. 
(0012) PELA ASSINATURA DO PRESENTE CONTRAIO, O COMPRADOR DE MOEDA 
ESTRANGEIRA ASSUME DESDE UJA DE FORMA EXCLUSIVA — QUALQUER 
RESPONSABILIDADE REFERENTE AÀ PRESTACÃO DE INFORMACOES RELATIVAS AS 
TRANSAÇCOES SUBJACENTES AO CONTRATO DE CAMBIO, INCLUINDO, QUANDO FOR O 
CASO, O PREENCHIMENTO DO SISTEMA INTEGRADO DE COMERCIO EXTERIOR DE 
SERVICOS, INTANGIVEIS E OUTRAS OPERACOES QUE PRODUZAM VARIACOES NO 
PATRIMONIO (SISCOSERV), FICANDO O BANCO BTG PACTUAL S.A., OU QUALQUER 
OUTRA EMPRESA INTEGRANTE DE SEU GRUPO, ISENTO DE QUAISQUER OBRIGACOES 
ADVINDAS DA OMISSAÃO OU INCORRECÇCAÃO DAS INFORMACOES PRESTADAS. 
Instruções de recebimento/pagamento 
Canal Bancário em Moeda Nacional 
Forma de Entrega | Data Banco Agência | Conta 
Conta de Depósito | 15/04/2024 208 BTG 1 OO1464585 
Canal Bancário em Moeda Estrangeria 
Banco do Beneficiário 
DNBANOKK 
DNB BANK ASA 
Conta no Exterior do Beneficiário / IBAN 
NOS11503182964 7 
Banco Intermediário 
Código SWIFT Código ABA Código Chips 
Nome do Banco 
Conta do Banco do Beneficiário no Banco Intermediário / IBAN MMM 
Página 3 de 4
Contrato de Câmbio 
Tipo do Contrato | Evento Número do Contrato | Data 
Venda Contratação 405260950 15/04/2024 
O cliente declara ter pleno conhecimento do texto constante do respectivo contrato de câmbio, do 
art. 23 da Lei nº 4.131, de 3 de setembro de 1962, e em especial dos seus 88 2º e 3º, transcritos 
neste documento, bem como da Circular nº 3.691, de 16 de dezembro de 2013, que regem a 
presente operação. 
Artigo 23, 88 2º e 3º, da Lei nº 4.131, de 1962, com a redação dada pelo art. 44 da Lei nº 13.506, de 
13 de novembro de 2017: 
8 2º Constitui infração imputável individualmente ao estabelecimento bancário, ao corretor e ao 
cliente a declaração de falsa identidade no formulário que, segundo o modelo determinado pelo 
Banco Central do Brasil, será exigido em cada operação, assinado pelo cliente e visado pelo 
estabelecimento bancário e pelo corretor que nela intervierem. 
8 3º Constitui infração, de responsabilidade exclusiva do cliente, a declaração de informações falsas 
no formulário a que se refere o & 2º deste artigo. 
Assinatura: Nome, CPF e Assinatura manual autorizada ou a expressão “Contrato de câmbio 
assinado eletronicamente”. 
Instituição autorizada a operar no mercado de câmbio: BANCO BTG PACTUAL S/A 
Assinatura: Nome, CPF e Assinatura manual autorizada ou a expressão “Contrato de câmbio 
assinado eletronicamente”. 
Cliente: OCEANICA ENGENHARIA E CONSULTORIA S.A. 
Página 4 de 4

