2024-05-28 14:42:53.505Z;functions.bot_text_art.7:      ____   
2024-05-28 14:42:53.520Z;functions.bot_text_art.8:     [____]    
2024-05-28 14:42:53.520Z;functions.bot_text_art.9:   |=]()()[=|  
2024-05-28 14:42:53.520Z;functions.bot_text_art.10:     _\==/__    _____    ____     _        _____    ___   _  __
2024-05-28 14:42:53.520Z;functions.bot_text_art.11:   |__|   |_|  |  _  \  / ___|   | |      |_   _| / ___| | |/ /
2024-05-28 14:42:53.520Z;functions.bot_text_art.12:   |_|_/\_|_|  | |  | | | |      | |        | |   | |    | ' / 
2024-05-28 14:42:53.520Z;functions.bot_text_art.13:   | | __ | |  | |  | | | |      | |        | |   | |    |  <  
2024-05-28 14:42:53.520Z;functions.bot_text_art.14:   |_|[  ]|_|  | |__| | | |____  | |____   _| |_  | |__  | . \ 
2024-05-28 14:42:53.529Z;functions.bot_text_art.15:   \_|_||_|_/  |_____/   \_____| |______| |_____| \ ___| |_|\_\
2024-05-28 14:42:53.530Z;functions.bot_text_art.16:     |_||_|                                                     
2024-05-28 14:42:53.533Z;functions.bot_text_art.17:     | ||_|_   
2024-05-28 14:42:53.535Z;functions.bot_text_art.18:   |___||___|  
2024-05-28 14:42:53.536Z;functions.bot_text_art.19:               
2024-05-28 14:42:53.539Z;functions.getPid.2456:  Dentro função GetPid

2024-05-28 14:42:53.810Z;functions.getPid.2466:  Process RM.exe / PID: 4052 found.
2024-05-28 14:42:53.900Z;functions.pidKillFinish.2477:  Process RM.exe / PID: 4052 killed.
2024-05-28 14:42:53.902Z;functions.headerExcel.1598:  Criando EXCEL
2024-05-28 14:42:53.906Z;functions.headerExcel.1604:  Liq Cambio - Processados criado
2024-05-28 14:42:53.919Z;functions.headerExcel.1624:  Impostos - Processados criado
2024-05-28 14:42:53.948Z;functions.headerExcel.1638:  EXCEL iniciado
2024-05-28 14:42:53.957Z;functions.open_RM.39:  OPEN PROGRAM RM
2024-05-28 14:43:07.973Z;functions.loggin_RM.47:  ENTER USER_NAME
2024-05-28 14:43:09.273Z;functions.loggin_RM.51:  ENTER PASSWORD
2024-05-28 14:43:11.442Z;functions.loggin_RM.54:  ENTER RM
2024-05-28 14:44:48.069Z;functions.enter_coligada.68:  CLICK CONTEXTO
