2024-05-21 13:00:24.363Z;functions.extrato_excel.2249:  arquivos_xls ['BTG - 001464585 - Completo.xlsx']
2024-05-21 13:00:24.363Z;functions.extrato_excel.2253:  arquivo_xls BTG - 001464585 - Completo.xlsx
2024-05-21 13:00:24.423Z;functions.extrato_excel.2257:  dados      Unnamed: 0                 Data                                          Descrição Lançamento R$     Saldo R$
0           NaN  2024-04-01 00:00:00                                     Saldo Anterior           NaN     34635.03
1           NaN  2024-04-01 00:00:00  DÉBITO EM C/C VIA CIP - OCEANICA ENGENHARIA E ...        -34600        35.03
2           NaN  2024-04-01 00:00:00  TRANSFERÊNCIA A CRÉDITO VIA PIX - OCEANICA ENG...        500000    500035.03
3           NaN  2024-04-03 00:00:00                                       IOF S/CAMBIO       -151.94    499883.09
4           NaN  2024-04-03 00:00:00                                       IOF S/CAMBIO        -77.12    499805.97
..          ...                  ...                                                ...           ...          ...
184         NaN  2024-04-29 00:00:00  DÉBITO EM C/C VIA CIP - OCEANICA ENGENHARIA E ...      -1000000    183349.51
185         NaN  2024-04-30 00:00:00  TRANSFERÊNCIA A CRÉDITO VIA PIX - OCEANICA ENG...      10000000  10183349.51
186         NaN  2024-04-30 00:00:00  Saldo Final + Rendimento Provisionado de Saldo...             -  10183349.51
187         NaN    Total de Créditos                                                NaN      24500000          NaN
188         NaN     Total de Débitos                                                NaN  -14351285.52          NaN

[189 rows x 5 columns]
2024-05-21 13:00:24.436Z;functions.extrato_excel.2283:  {'data': '01/04/2024', 'descricao': 'Saldo Anterior', 'valor': 'nan,00'}
2024-05-21 13:00:24.444Z;functions.extrato_excel.2283:  {'data': '01/04/2024', 'descricao': 'DÉBITO EM C/C VIA CIP - OCEANICA ENGENHARIA E CONSULTORIA SA', 'valor': '34600,00'}
2024-05-21 13:00:24.447Z;functions.extrato_excel.2283:  {'data': '01/04/2024', 'descricao': 'TRANSFERÊNCIA A CRÉDITO VIA PIX - OCEANICA ENGENHARIA E CONSULTORIA S.A.', 'valor': '500000,00'}
2024-05-21 13:00:24.449Z;functions.extrato_excel.2283:  {'data': '03/04/2024', 'descricao': 'IOF S/CAMBIO', 'valor': '151,94'}
2024-05-21 13:00:24.450Z;functions.extrato_excel.2283:  {'data': '03/04/2024', 'descricao': 'IOF S/CAMBIO', 'valor': '77,12'}
2024-05-21 13:00:24.450Z;functions.extrato_excel.2283:  {'data': '03/04/2024', 'descricao': 'IOF S/CAMBIO', 'valor': '1036,87'}
2024-05-21 13:00:24.451Z;functions.extrato_excel.2283:  {'data': '03/04/2024', 'descricao': 'IOF S/CAMBIO', 'valor': '103,38'}
2024-05-21 13:00:24.452Z;functions.extrato_excel.2283:  {'data': '03/04/2024', 'descricao': 'LIQ CAMBIO', 'valor': '39985,49'}
2024-05-21 13:00:24.452Z;functions.extrato_excel.2283:  {'data': '03/04/2024', 'descricao': 'LIQ CAMBIO', 'valor': '20294,84'}
2024-05-21 13:00:24.453Z;functions.extrato_excel.2283:  {'data': '03/04/2024', 'descricao': 'LIQ CAMBIO', 'valor': '272861,32'}
2024-05-21 13:00:24.453Z;functions.extrato_excel.2283:  {'data': '03/04/2024', 'descricao': 'LIQ CAMBIO', 'valor': '27205,99'}
2024-05-21 13:00:24.454Z;functions.extrato_excel.2283:  {'data': '05/04/2024', 'descricao': 'LIQ CAMBIO', 'valor': '15121,63'}
2024-05-21 13:00:24.455Z;functions.extrato_excel.2283:  {'data': '05/04/2024', 'descricao': 'LIQ CAMBIO', 'valor': '18384,92'}
2024-05-21 13:00:24.455Z;functions.extrato_excel.2283:  {'data': '05/04/2024', 'descricao': 'LIQ CAMBIO', 'valor': '25161,34'}
2024-05-21 13:00:24.456Z;functions.extrato_excel.2283:  {'data': '05/04/2024', 'descricao': 'IOF S/CAMBIO', 'valor': '193,16'}
2024-05-21 13:00:24.457Z;functions.extrato_excel.2283:  {'data': '05/04/2024', 'descricao': 'LIQ CAMBIO', 'valor': '50831,00'}
2024-05-21 13:00:24.457Z;functions.extrato_excel.2283:  {'data': '05/04/2024', 'descricao': 'PAG DARF 0473 - OCEANICA ENGENHARIA E CONSULTORIA', 'valor': '9531,00'}
2024-05-21 13:00:24.458Z;functions.extrato_excel.2283:  {'data': '05/04/2024', 'descricao': 'PAG DARF 8741 - OCEANICA ENGENHARIA E CONSULTORIA', 'valor': '6354,00'}
2024-05-21 13:00:24.458Z;functions.extrato_excel.2283:  {'data': '05/04/2024', 'descricao': 'PAG DARF 5442 - OCEANICA ENGENHARIA E CONSULTORIA', 'valor': '5008,24'}
2024-05-21 13:00:24.458Z;functions.extrato_excel.2283:  {'data': '05/04/2024', 'descricao': 'PAG DARF 5434 - OCEANICA ENGENHARIA E CONSULTORIA', 'valor': '1087,32'}
2024-05-21 13:00:24.458Z;functions.extrato_excel.2283:  {'data': '15/04/2024', 'descricao': 'TRANSFERÊNCIA A CRÉDITO VIA PIX - OCEANICA ENGENHARIA E CONSULTORIA S.A.', 'valor': '14000000,00'}
2024-05-21 13:00:24.462Z;functions.extrato_excel.2283:  {'data': '15/04/2024', 'descricao': 'LIQ CAMBIO', 'valor': '37632,1'}
2024-05-21 13:00:24.462Z;functions.extrato_excel.2283:  {'data': '15/04/2024', 'descricao': 'LIQ CAMBIO', 'valor': '6899,61'}
2024-05-21 13:00:24.463Z;functions.extrato_excel.2283:  {'data': '15/04/2024', 'descricao': 'LIQ CAMBIO', 'valor': '31834,55'}
2024-05-21 13:00:24.463Z;functions.extrato_excel.2283:  {'data': '15/04/2024', 'descricao': 'LIQ CAMBIO', 'valor': '184838,75'}
2024-05-21 13:00:24.464Z;functions.extrato_excel.2283:  {'data': '15/04/2024', 'descricao': 'LIQ CAMBIO', 'valor': '72291,99'}
2024-05-21 13:00:24.464Z;functions.extrato_excel.2283:  {'data': '15/04/2024', 'descricao': 'LIQ CAMBIO', 'valor': '1967,79'}
2024-05-21 13:00:24.466Z;functions.extrato_excel.2283:  {'data': '15/04/2024', 'descricao': 'LIQ CAMBIO', 'valor': '786114,52'}
2024-05-21 13:00:24.467Z;functions.extrato_excel.2283:  {'data': '15/04/2024', 'descricao': 'LIQ CAMBIO', 'valor': '6285,02'}
2024-05-21 13:00:24.468Z;functions.extrato_excel.2283:  {'data': '15/04/2024', 'descricao': 'LIQ CAMBIO', 'valor': '2164,33'}
2024-05-21 13:00:24.468Z;functions.extrato_excel.2283:  {'data': '15/04/2024', 'descricao': 'LIQ CAMBIO', 'valor': '14039,63'}
2024-05-21 13:00:24.469Z;functions.extrato_excel.2283:  {'data': '15/04/2024', 'descricao': 'LIQ CAMBIO', 'valor': '28679,11'}
2024-05-21 13:00:24.469Z;functions.extrato_excel.2283:  {'data': '15/04/2024', 'descricao': 'LIQ CAMBIO', 'valor': '13915,43'}
2024-05-21 13:00:24.470Z;functions.extrato_excel.2283:  {'data': '15/04/2024', 'descricao': 'LIQ CAMBIO', 'valor': '139641,68'}
2024-05-21 13:00:24.470Z;functions.extrato_excel.2283:  {'data': '15/04/2024', 'descricao': 'LIQ CAMBIO', 'valor': '1664704,98'}
2024-05-21 13:00:24.471Z;functions.extrato_excel.2283:  {'data': '15/04/2024', 'descricao': 'LIQ CAMBIO', 'valor': '12977,65'}
2024-05-21 13:00:24.471Z;functions.extrato_excel.2283:  {'data': '15/04/2024', 'descricao': 'LIQ CAMBIO', 'valor': '7172,28'}
2024-05-21 13:00:24.472Z;functions.extrato_excel.2283:  {'data': '15/04/2024', 'descricao': 'LIQ CAMBIO', 'valor': '18717,3'}
2024-05-21 13:00:24.472Z;functions.extrato_excel.2283:  {'data': '15/04/2024', 'descricao': 'LIQ CAMBIO', 'valor': '31570,56'}
2024-05-21 13:00:24.473Z;functions.extrato_excel.2283:  {'data': '15/04/2024', 'descricao': 'LIQ CAMBIO', 'valor': '60682,5'}
2024-05-21 13:00:24.473Z;functions.extrato_excel.2283:  {'data': '15/04/2024', 'descricao': 'LIQ CAMBIO', 'valor': '4526,26'}
2024-05-21 13:00:24.474Z;functions.extrato_excel.2283:  {'data': '15/04/2024', 'descricao': 'LIQ CAMBIO', 'valor': '7503,59'}
2024-05-21 13:00:24.474Z;functions.extrato_excel.2283:  {'data': '15/04/2024', 'descricao': 'LIQ CAMBIO', 'valor': '5375,19'}
2024-05-21 13:00:24.475Z;functions.extrato_excel.2283:  {'data': '15/04/2024', 'descricao': 'LIQ CAMBIO', 'valor': '15785,28'}
2024-05-21 13:00:24.475Z;functions.extrato_excel.2283:  {'data': '15/04/2024', 'descricao': 'LIQ CAMBIO', 'valor': '85760,74'}
2024-05-21 13:00:24.476Z;functions.extrato_excel.2283:  {'data': '15/04/2024', 'descricao': 'LIQ CAMBIO', 'valor': '15785,28'}
2024-05-21 13:00:24.476Z;functions.extrato_excel.2283:  {'data': '18/04/2024', 'descricao': 'LIQ CAMBIO', 'valor': '173672,16'}
2024-05-21 13:00:24.477Z;functions.extrato_excel.2283:  {'data': '18/04/2024', 'descricao': 'LIQ CAMBIO', 'valor': '4695,33'}
2024-05-21 13:00:24.477Z;functions.extrato_excel.2283:  {'data': '18/04/2024', 'descricao': 'LIQ CAMBIO', 'valor': '98607,12'}
2024-05-21 13:00:24.478Z;functions.extrato_excel.2283:  {'data': '18/04/2024', 'descricao': 'LIQ CAMBIO', 'valor': '2755,08'}
2024-05-21 13:00:24.478Z;functions.extrato_excel.2283:  {'data': '18/04/2024', 'descricao': 'LIQ CAMBIO', 'valor': '15712,76'}
2024-05-21 13:00:24.479Z;functions.extrato_excel.2283:  {'data': '18/04/2024', 'descricao': 'LIQ CAMBIO', 'valor': '8460,9'}
2024-05-21 13:00:24.480Z;functions.extrato_excel.2283:  {'data': '18/04/2024', 'descricao': 'LIQ CAMBIO', 'valor': '17523,57'}
2024-05-21 13:00:24.480Z;functions.extrato_excel.2283:  {'data': '18/04/2024', 'descricao': 'LIQ CAMBIO', 'valor': '13062,5'}
2024-05-21 13:00:24.481Z;functions.extrato_excel.2283:  {'data': '18/04/2024', 'descricao': 'LIQ CAMBIO', 'valor': '7529,86'}
2024-05-21 13:00:24.484Z;functions.extrato_excel.2283:  {'data': '18/04/2024', 'descricao': 'LIQ CAMBIO', 'valor': '3156,56'}
2024-05-21 13:00:24.484Z;functions.extrato_excel.2283:  {'data': '18/04/2024', 'descricao': 'LIQ CAMBIO', 'valor': '3639,67'}
2024-05-21 13:00:24.485Z;functions.extrato_excel.2283:  {'data': '18/04/2024', 'descricao': 'LIQ CAMBIO', 'valor': '184916,27'}
2024-05-21 13:00:24.486Z;functions.extrato_excel.2283:  {'data': '18/04/2024', 'descricao': 'LIQ CAMBIO', 'valor': '357,52'}
2024-05-21 13:00:24.486Z;functions.extrato_excel.2283:  {'data': '18/04/2024', 'descricao': 'LIQ CAMBIO', 'valor': '3833,06'}
2024-05-21 13:00:24.487Z;functions.extrato_excel.2283:  {'data': '18/04/2024', 'descricao': 'LIQ CAMBIO', 'valor': '15513,47'}
2024-05-21 13:00:24.487Z;functions.extrato_excel.2283:  {'data': '18/04/2024', 'descricao': 'LIQ CAMBIO', 'valor': '568,24'}
2024-05-21 13:00:24.488Z;functions.extrato_excel.2283:  {'data': '18/04/2024', 'descricao': 'LIQ CAMBIO', 'valor': '44390,24'}
2024-05-21 13:00:24.488Z;functions.extrato_excel.2283:  {'data': '18/04/2024', 'descricao': 'LIQ CAMBIO', 'valor': '789,93'}
2024-05-21 13:00:24.489Z;functions.extrato_excel.2283:  {'data': '18/04/2024', 'descricao': 'LIQ CAMBIO', 'valor': '35123,93'}
2024-05-21 13:00:24.489Z;functions.extrato_excel.2283:  {'data': '18/04/2024', 'descricao': 'LIQ CAMBIO', 'valor': '1039,51'}
2024-05-21 13:00:24.489Z;functions.extrato_excel.2283:  {'data': '18/04/2024', 'descricao': 'LIQ CAMBIO', 'valor': '186170,88'}
2024-05-21 13:00:24.493Z;functions.extrato_excel.2283:  {'data': '18/04/2024', 'descricao': 'LIQ CAMBIO', 'valor': '4790,03'}
2024-05-21 13:00:24.493Z;functions.extrato_excel.2283:  {'data': '18/04/2024', 'descricao': 'LIQ CAMBIO', 'valor': '517,01'}
2024-05-21 13:00:24.495Z;functions.extrato_excel.2283:  {'data': '18/04/2024', 'descricao': 'LIQ CAMBIO', 'valor': '117558,23'}
2024-05-21 13:00:24.495Z;functions.extrato_excel.2283:  {'data': '18/04/2024', 'descricao': 'LIQ CAMBIO', 'valor': '4,96'}
2024-05-21 13:00:24.496Z;functions.extrato_excel.2283:  {'data': '18/04/2024', 'descricao': 'LIQ CAMBIO', 'valor': '1240,88'}
2024-05-21 13:00:24.497Z;functions.extrato_excel.2283:  {'data': '18/04/2024', 'descricao': 'LIQ CAMBIO', 'valor': '10472,54'}
2024-05-21 13:00:24.497Z;functions.extrato_excel.2283:  {'data': '18/04/2024', 'descricao': 'LIQ CAMBIO', 'valor': '6981,69'}
2024-05-21 13:00:24.498Z;functions.extrato_excel.2283:  {'data': '18/04/2024', 'descricao': 'LIQ CAMBIO', 'valor': '19484,88'}
2024-05-21 13:00:24.498Z;functions.extrato_excel.2283:  {'data': '18/04/2024', 'descricao': 'LIQ CAMBIO', 'valor': '59116,89'}
2024-05-21 13:00:24.499Z;functions.extrato_excel.2283:  {'data': '18/04/2024', 'descricao': 'LIQ CAMBIO', 'valor': '48739,88'}
2024-05-21 13:00:24.499Z;functions.extrato_excel.2283:  {'data': '18/04/2024', 'descricao': 'LIQ CAMBIO', 'valor': '1751,34'}
2024-05-21 13:00:24.500Z;functions.extrato_excel.2283:  {'data': '18/04/2024', 'descricao': 'LIQ CAMBIO', 'valor': '31211,4'}
2024-05-21 13:00:24.500Z;functions.extrato_excel.2283:  {'data': '18/04/2024', 'descricao': 'LIQ CAMBIO', 'valor': '115,5'}
2024-05-21 13:00:24.501Z;functions.extrato_excel.2283:  {'data': '18/04/2024', 'descricao': 'LIQ CAMBIO', 'valor': '186,31'}
2024-05-21 13:00:24.501Z;functions.extrato_excel.2283:  {'data': '18/04/2024', 'descricao': 'LIQ CAMBIO', 'valor': '46209,7'}
2024-05-21 13:00:24.502Z;functions.extrato_excel.2283:  {'data': '18/04/2024', 'descricao': 'LIQ CAMBIO', 'valor': '72,98'}
2024-05-21 13:00:24.502Z;functions.extrato_excel.2283:  {'data': '18/04/2024', 'descricao': 'IOF S/CAMBIO', 'valor': '210,27'}
2024-05-21 13:00:24.503Z;functions.extrato_excel.2283:  {'data': '18/04/2024', 'descricao': 'LIQ CAMBIO', 'valor': '9166,55'}
2024-05-21 13:00:24.503Z;functions.extrato_excel.2283:  {'data': '18/04/2024', 'descricao': 'LIQ CAMBIO', 'valor': '23892,04'}
2024-05-21 13:00:24.504Z;functions.extrato_excel.2283:  {'data': '18/04/2024', 'descricao': 'LIQ CAMBIO', 'valor': '833,5'}
2024-05-21 13:00:24.504Z;functions.extrato_excel.2283:  {'data': '18/04/2024', 'descricao': 'LIQ CAMBIO', 'valor': '30787,91'}
2024-05-21 13:00:24.505Z;functions.extrato_excel.2283:  {'data': '18/04/2024', 'descricao': 'LIQ CAMBIO', 'valor': '173968,76'}
2024-05-21 13:00:24.505Z;functions.extrato_excel.2283:  {'data': '18/04/2024', 'descricao': 'LIQ CAMBIO', 'valor': '3880,69'}
2024-05-21 13:00:24.506Z;functions.extrato_excel.2283:  {'data': '18/04/2024', 'descricao': 'LIQ CAMBIO', 'valor': '7600,73'}
2024-05-21 13:00:24.506Z;functions.extrato_excel.2283:  {'data': '18/04/2024', 'descricao': 'LIQ CAMBIO', 'valor': '13767,46'}
2024-05-21 13:00:24.507Z;functions.extrato_excel.2283:  {'data': '18/04/2024', 'descricao': 'LIQ CAMBIO', 'valor': '41382,97'}
2024-05-21 13:00:24.507Z;functions.extrato_excel.2283:  {'data': '18/04/2024', 'descricao': 'LIQ CAMBIO', 'valor': '1019,55'}
2024-05-21 13:00:24.508Z;functions.extrato_excel.2283:  {'data': '18/04/2024', 'descricao': 'LIQ CAMBIO', 'valor': '13196,11'}
2024-05-21 13:00:24.508Z;functions.extrato_excel.2283:  {'data': '18/04/2024', 'descricao': 'LIQ CAMBIO', 'valor': '1092,43'}
2024-05-21 13:00:24.509Z;functions.extrato_excel.2283:  {'data': '18/04/2024', 'descricao': 'LIQ CAMBIO', 'valor': '39553,53'}
2024-05-21 13:00:24.509Z;functions.extrato_excel.2283:  {'data': '18/04/2024', 'descricao': 'LIQ CAMBIO', 'valor': '7600,73'}
2024-05-21 13:00:24.510Z;functions.extrato_excel.2283:  {'data': '18/04/2024', 'descricao': 'LIQ CAMBIO', 'valor': '58,99'}
2024-05-21 13:00:24.510Z;functions.extrato_excel.2283:  {'data': '18/04/2024', 'descricao': 'LIQ CAMBIO', 'valor': '6683,05'}
2024-05-21 13:00:24.511Z;functions.extrato_excel.2283:  {'data': '18/04/2024', 'descricao': 'LIQ CAMBIO', 'valor': '39457,78'}
2024-05-21 13:00:24.511Z;functions.extrato_excel.2283:  {'data': '18/04/2024', 'descricao': 'LIQ CAMBIO', 'valor': '12098,3'}
2024-05-21 13:00:24.512Z;functions.extrato_excel.2283:  {'data': '18/04/2024', 'descricao': 'LIQ CAMBIO', 'valor': '31,69'}
2024-05-21 13:00:24.512Z;functions.extrato_excel.2283:  {'data': '18/04/2024', 'descricao': 'LIQ CAMBIO', 'valor': '28122,49'}
2024-05-21 13:00:24.513Z;functions.extrato_excel.2283:  {'data': '18/04/2024', 'descricao': 'LIQ CAMBIO', 'valor': '16266,59'}
2024-05-21 13:00:24.513Z;functions.extrato_excel.2283:  {'data': '18/04/2024', 'descricao': 'LIQ CAMBIO', 'valor': '29753,15'}
2024-05-21 13:00:24.514Z;functions.extrato_excel.2283:  {'data': '18/04/2024', 'descricao': 'LIQ CAMBIO', 'valor': '28122,49'}
2024-05-21 13:00:24.514Z;functions.extrato_excel.2283:  {'data': '18/04/2024', 'descricao': 'LIQ CAMBIO', 'valor': '261,25'}
2024-05-21 13:00:24.515Z;functions.extrato_excel.2283:  {'data': '18/04/2024', 'descricao': 'LIQ CAMBIO', 'valor': '9584,33'}
2024-05-21 13:00:24.515Z;functions.extrato_excel.2283:  {'data': '18/04/2024', 'descricao': 'LIQ CAMBIO', 'valor': '149,19'}
2024-05-21 13:00:24.516Z;functions.extrato_excel.2283:  {'data': '18/04/2024', 'descricao': 'LIQ CAMBIO', 'valor': '55335,43'}
2024-05-21 13:00:24.516Z;functions.extrato_excel.2283:  {'data': '18/04/2024', 'descricao': 'LIQ CAMBIO', 'valor': '9447,08'}
2024-05-21 13:00:24.517Z;functions.extrato_excel.2283:  {'data': '18/04/2024', 'descricao': 'LIQ CAMBIO', 'valor': '1012,84'}
2024-05-21 13:00:24.517Z;functions.extrato_excel.2283:  {'data': '18/04/2024', 'descricao': 'IOF S/CAMBIO', 'valor': '143,18'}
2024-05-21 13:00:24.518Z;functions.extrato_excel.2283:  {'data': '18/04/2024', 'descricao': 'IOF S/CAMBIO', 'valor': '158,45'}
2024-05-21 13:00:24.518Z;functions.extrato_excel.2283:  {'data': '18/04/2024', 'descricao': 'LIQ CAMBIO', 'valor': '37679,25'}
2024-05-21 13:00:24.519Z;functions.extrato_excel.2283:  {'data': '18/04/2024', 'descricao': 'LIQ CAMBIO', 'valor': '41698,14'}
2024-05-21 13:00:24.519Z;functions.extrato_excel.2283:  {'data': '18/04/2024', 'descricao': 'IOF S/CAMBIO', 'valor': '171,72'}
2024-05-21 13:00:24.520Z;functions.extrato_excel.2283:  {'data': '18/04/2024', 'descricao': 'IOF S/CAMBIO', 'valor': '21,06'}
2024-05-21 13:00:24.520Z;functions.extrato_excel.2283:  {'data': '18/04/2024', 'descricao': 'LIQ CAMBIO', 'valor': '45189,68'}
2024-05-21 13:00:24.521Z;functions.extrato_excel.2283:  {'data': '18/04/2024', 'descricao': 'LIQ CAMBIO', 'valor': '5542,73'}
2024-05-21 13:00:24.521Z;functions.extrato_excel.2283:  {'data': '18/04/2024', 'descricao': 'IOF S/CAMBIO', 'valor': '136,81'}
2024-05-21 13:00:24.522Z;functions.extrato_excel.2283:  {'data': '18/04/2024', 'descricao': 'IOF S/CAMBIO', 'valor': '36,00'}
2024-05-21 13:00:24.522Z;functions.extrato_excel.2283:  {'data': '18/04/2024', 'descricao': 'IOF S/CAMBIO', 'valor': '55,81'}
2024-05-21 13:00:24.523Z;functions.extrato_excel.2283:  {'data': '18/04/2024', 'descricao': 'LIQ CAMBIO', 'valor': '36003,85'}
2024-05-21 13:00:24.523Z;functions.extrato_excel.2283:  {'data': '18/04/2024', 'descricao': 'LIQ CAMBIO', 'valor': '14685,77'}
2024-05-21 13:00:24.524Z;functions.extrato_excel.2283:  {'data': '18/04/2024', 'descricao': 'LIQ CAMBIO', 'valor': '9474,69'}
2024-05-21 13:00:24.524Z;functions.extrato_excel.2283:  {'data': '18/04/2024', 'descricao': 'IOF S/CAMBIO', 'valor': '204,21'}
2024-05-21 13:00:24.525Z;functions.extrato_excel.2283:  {'data': '18/04/2024', 'descricao': 'LIQ CAMBIO', 'valor': '53740,67'}
2024-05-21 13:00:24.525Z;functions.extrato_excel.2283:  {'data': '18/04/2024', 'descricao': 'IOF S/CAMBIO', 'valor': '100,81'}
2024-05-21 13:00:24.527Z;functions.extrato_excel.2283:  {'data': '18/04/2024', 'descricao': 'IOF S/CAMBIO', 'valor': '47,34'}
2024-05-21 13:00:24.527Z;functions.extrato_excel.2283:  {'data': '18/04/2024', 'descricao': 'IOF S/CAMBIO', 'valor': '6,02'}
2024-05-21 13:00:24.528Z;functions.extrato_excel.2283:  {'data': '18/04/2024', 'descricao': 'LIQ CAMBIO', 'valor': '26529,16'}
2024-05-21 13:00:24.528Z;functions.extrato_excel.2283:  {'data': '18/04/2024', 'descricao': 'LIQ CAMBIO', 'valor': '12456,88'}
2024-05-21 13:00:24.529Z;functions.extrato_excel.2283:  {'data': '18/04/2024', 'descricao': 'LIQ CAMBIO', 'valor': '1584,62'}
2024-05-21 13:00:24.530Z;functions.extrato_excel.2283:  {'data': '18/04/2024', 'descricao': 'IOF S/CAMBIO', 'valor': '99,94'}
2024-05-21 13:00:24.534Z;functions.extrato_excel.2283:  {'data': '18/04/2024', 'descricao': 'LIQ CAMBIO', 'valor': '26300,22'}
2024-05-21 13:00:24.534Z;functions.extrato_excel.2283:  {'data': '18/04/2024', 'descricao': 'IOF S/CAMBIO', 'valor': '87,38'}
2024-05-21 13:00:24.535Z;functions.extrato_excel.2283:  {'data': '18/04/2024', 'descricao': 'IOF S/CAMBIO', 'valor': '67,18'}
2024-05-21 13:00:24.536Z;functions.extrato_excel.2283:  {'data': '18/04/2024', 'descricao': 'LIQ CAMBIO', 'valor': '22993,47'}
2024-05-21 13:00:24.536Z;functions.extrato_excel.2283:  {'data': '18/04/2024', 'descricao': 'LIQ CAMBIO', 'valor': '17678,36'}
2024-05-21 13:00:24.537Z;functions.extrato_excel.2283:  {'data': '18/04/2024', 'descricao': 'IOF S/CAMBIO', 'valor': '126,41'}
2024-05-21 13:00:24.537Z;functions.extrato_excel.2283:  {'data': '18/04/2024', 'descricao': 'IOF S/CAMBIO', 'valor': '122,98'}
2024-05-21 13:00:24.538Z;functions.extrato_excel.2283:  {'data': '18/04/2024', 'descricao': 'LIQ CAMBIO', 'valor': '33265,39'}
2024-05-21 13:00:24.538Z;functions.extrato_excel.2283:  {'data': '18/04/2024', 'descricao': 'LIQ CAMBIO', 'valor': '32364,13'}
2024-05-21 13:00:24.539Z;functions.extrato_excel.2283:  {'data': '18/04/2024', 'descricao': 'PAG DARF 0473 - OCEANICA ENGENHARIA E CONSULTORIA', 'valor': '78222,56'}
2024-05-21 13:00:24.539Z;functions.extrato_excel.2283:  {'data': '18/04/2024', 'descricao': 'PAG DARF 5434 - OCEANICA ENGENHARIA E CONSULTORIA', 'valor': '8923,79'}
2024-05-21 13:00:24.540Z;functions.extrato_excel.2283:  {'data': '18/04/2024', 'descricao': 'PAG DARF 8741 - OCEANICA ENGENHARIA E CONSULTORIA', 'valor': '52148,38'}
2024-05-21 13:00:24.540Z;functions.extrato_excel.2283:  {'data': '18/04/2024', 'descricao': 'PAG DARF 5442 - OCEANICA ENGENHARIA E CONSULTORIA', 'valor': '41103,5'}
2024-05-21 13:00:24.541Z;functions.extrato_excel.2283:  {'data': '19/04/2024', 'descricao': 'IOF S/CAMBIO', 'valor': '202,46'}
2024-05-21 13:00:24.542Z;functions.extrato_excel.2283:  {'data': '19/04/2024', 'descricao': 'IOF S/CAMBIO', 'valor': '137,04'}
2024-05-21 13:00:24.542Z;functions.extrato_excel.2283:  {'data': '19/04/2024', 'descricao': 'IOF S/CAMBIO', 'valor': '551,07'}
2024-05-21 13:00:24.543Z;functions.extrato_excel.2283:  {'data': '19/04/2024', 'descricao': 'LIQ CAMBIO', 'valor': '53277,75'}
2024-05-21 13:00:24.543Z;functions.extrato_excel.2283:  {'data': '19/04/2024', 'descricao': 'LIQ CAMBIO', 'valor': '36064,06'}
2024-05-21 13:00:24.544Z;functions.extrato_excel.2283:  {'data': '19/04/2024', 'descricao': 'LIQ CAMBIO', 'valor': '145018,77'}
2024-05-21 13:00:24.544Z;functions.extrato_excel.2283:  {'data': '19/04/2024', 'descricao': 'IOF S/CAMBIO', 'valor': '202,46'}
2024-05-21 13:00:24.545Z;functions.extrato_excel.2283:  {'data': '19/04/2024', 'descricao': 'LIQ CAMBIO', 'valor': '53277,75'}
2024-05-21 13:00:24.545Z;functions.extrato_excel.2283:  {'data': '19/04/2024', 'descricao': 'PAG DARF 0473 - OCEANICA ENGENHARIA E CONSULTORIA', 'valor': '53932,19'}
2024-05-21 13:00:24.546Z;functions.extrato_excel.2283:  {'data': '19/04/2024', 'descricao': 'PAG DARF 5442 - OCEANICA ENGENHARIA E CONSULTORIA', 'valor': '28339,67'}
2024-05-21 13:00:24.547Z;functions.extrato_excel.2283:  {'data': '19/04/2024', 'descricao': 'PAG DARF 5434 - OCEANICA ENGENHARIA E CONSULTORIA', 'valor': '6152,69'}
2024-05-21 13:00:24.547Z;functions.extrato_excel.2283:  {'data': '19/04/2024', 'descricao': 'PAG DARF 8741 - OCEANICA ENGENHARIA E CONSULTORIA', 'valor': '35954,79'}
2024-05-21 13:00:24.547Z;functions.extrato_excel.2283:  {'data': '25/04/2024', 'descricao': 'LIQ CAMBIO', 'valor': '441482,69'}
2024-05-21 13:00:24.548Z;functions.extrato_excel.2283:  {'data': '25/04/2024', 'descricao': 'LIQ CAMBIO', 'valor': '91772,54'}
2024-05-21 13:00:24.548Z;functions.extrato_excel.2283:  {'data': '25/04/2024', 'descricao': 'LIQ CAMBIO', 'valor': '87364,75'}
2024-05-21 13:00:24.549Z;functions.extrato_excel.2283:  {'data': '25/04/2024', 'descricao': 'LIQ CAMBIO', 'valor': '90846,23'}
2024-05-21 13:00:24.549Z;functions.extrato_excel.2283:  {'data': '25/04/2024', 'descricao': 'LIQ CAMBIO', 'valor': '2721,69'}
2024-05-21 13:00:24.550Z;functions.extrato_excel.2283:  {'data': '25/04/2024', 'descricao': 'LIQ CAMBIO', 'valor': '59354,22'}
2024-05-21 13:00:24.550Z;functions.extrato_excel.2283:  {'data': '25/04/2024', 'descricao': 'LIQ CAMBIO', 'valor': '61329,14'}
2024-05-21 13:00:24.551Z;functions.extrato_excel.2283:  {'data': '25/04/2024', 'descricao': 'LIQ CAMBIO', 'valor': '5166,27'}
2024-05-21 13:00:24.551Z;functions.extrato_excel.2283:  {'data': '25/04/2024', 'descricao': 'LIQ CAMBIO', 'valor': '6771,86'}
2024-05-21 13:00:24.552Z;functions.extrato_excel.2283:  {'data': '25/04/2024', 'descricao': 'LIQ CAMBIO', 'valor': '4083,89'}
2024-05-21 13:00:24.552Z;functions.extrato_excel.2283:  {'data': '25/04/2024', 'descricao': 'LIQ CAMBIO', 'valor': '96274,00'}
2024-05-21 13:00:24.553Z;functions.extrato_excel.2283:  {'data': '25/04/2024', 'descricao': 'LIQ CAMBIO', 'valor': '80427,56'}
2024-05-21 13:00:24.553Z;functions.extrato_excel.2283:  {'data': '25/04/2024', 'descricao': 'LIQ CAMBIO', 'valor': '60564,15'}
2024-05-21 13:00:24.554Z;functions.extrato_excel.2283:  {'data': '25/04/2024', 'descricao': 'LIQ CAMBIO', 'valor': '233997,86'}
2024-05-21 13:00:24.554Z;functions.extrato_excel.2283:  {'data': '25/04/2024', 'descricao': 'LIQ CAMBIO', 'valor': '20868,51'}
2024-05-21 13:00:24.555Z;functions.extrato_excel.2283:  {'data': '25/04/2024', 'descricao': 'LIQ CAMBIO', 'valor': '7829,42'}
2024-05-21 13:00:24.556Z;functions.extrato_excel.2283:  {'data': '25/04/2024', 'descricao': 'LIQ CAMBIO', 'valor': '13580,36'}
2024-05-21 13:00:24.556Z;functions.extrato_excel.2283:  {'data': '25/04/2024', 'descricao': 'LIQ CAMBIO', 'valor': '6422,15'}
2024-05-21 13:00:24.557Z;functions.extrato_excel.2283:  {'data': '25/04/2024', 'descricao': 'LIQ CAMBIO', 'valor': '1731,27'}
2024-05-21 13:00:24.557Z;functions.extrato_excel.2283:  {'data': '25/04/2024', 'descricao': 'LIQ CAMBIO', 'valor': '239448,17'}
2024-05-21 13:00:24.558Z;functions.extrato_excel.2283:  {'data': '25/04/2024', 'descricao': 'LIQ CAMBIO', 'valor': '3250,21'}
2024-05-21 13:00:24.558Z;functions.extrato_excel.2283:  {'data': '29/04/2024', 'descricao': 'IOF S/CAMBIO', 'valor': '19551,00'}
2024-05-21 13:00:24.559Z;functions.extrato_excel.2283:  {'data': '29/04/2024', 'descricao': 'LIQ CAMBIO', 'valor': '5145000,00'}
2024-05-21 13:00:24.559Z;functions.extrato_excel.2283:  {'data': '29/04/2024', 'descricao': 'DÉBITO EM C/C VIA CIP - OCEANICA ENGENHARIA E CONSULTORIA SA', 'valor': '1000000,00'}
2024-05-21 13:00:24.560Z;functions.extrato_excel.2283:  {'data': '30/04/2024', 'descricao': 'TRANSFERÊNCIA A CRÉDITO VIA PIX - OCEANICA ENGENHARIA E CONSULTORIA S.A.', 'valor': '10000000,00'}
2024-05-21 13:00:24.560Z;functions.extrato_excel.2283:  {'data': '30/04/2024', 'descricao': 'Saldo Final + Rendimento Provisionado de Saldo Remunerado', 'valor': ',00'}
2024-05-21 13:00:24.560Z;functions.extrato_excel.2283:  {'data': 'Total de Créditos', 'descricao': 'nan', 'valor': '24500000,00'}
2024-05-21 13:00:24.564Z;functions.extrato_excel.2283:  {'data': 'Total de Débitos', 'descricao': 'nan', 'valor': '14351285,52'}
2024-05-21 13:00:24.564Z;functions.extrato_excel.2287:  linha_list [{'data': '01/04/2024', 'descricao': 'Saldo Anterior', 'valor': 'nan,00'}, {'data': '01/04/2024', 'descricao': 'DÉBITO EM C/C VIA CIP - OCEANICA ENGENHARIA E CONSULTORIA SA', 'valor': '34600,00'}, {'data': '01/04/2024', 'descricao': 'TRANSFERÊNCIA A CRÉDITO VIA PIX - OCEANICA ENGENHARIA E CONSULTORIA S.A.', 'valor': '500000,00'}, {'data': '03/04/2024', 'descricao': 'IOF S/CAMBIO', 'valor': '151,94'}, {'data': '03/04/2024', 'descricao': 'IOF S/CAMBIO', 'valor': '77,12'}, {'data': '03/04/2024', 'descricao': 'IOF S/CAMBIO', 'valor': '1036,87'}, {'data': '03/04/2024', 'descricao': 'IOF S/CAMBIO', 'valor': '103,38'}, {'data': '03/04/2024', 'descricao': 'LIQ CAMBIO', 'valor': '39985,49'}, {'data': '03/04/2024', 'descricao': 'LIQ CAMBIO', 'valor': '20294,84'}, {'data': '03/04/2024', 'descricao': 'LIQ CAMBIO', 'valor': '272861,32'}, {'data': '03/04/2024', 'descricao': 'LIQ CAMBIO', 'valor': '27205,99'}, {'data': '05/04/2024', 'descricao': 'LIQ CAMBIO', 'valor': '15121,63'}, {'data': '05/04/2024', 'descricao': 'LIQ CAMBIO', 'valor': '18384,92'}, {'data': '05/04/2024', 'descricao': 'LIQ CAMBIO', 'valor': '25161,34'}, {'data': '05/04/2024', 'descricao': 'IOF S/CAMBIO', 'valor': '193,16'}, {'data': '05/04/2024', 'descricao': 'LIQ CAMBIO', 'valor': '50831,00'}, {'data': '05/04/2024', 'descricao': 'PAG DARF 0473 - OCEANICA ENGENHARIA E CONSULTORIA', 'valor': '9531,00'}, {'data': '05/04/2024', 'descricao': 'PAG DARF 8741 - OCEANICA ENGENHARIA E CONSULTORIA', 'valor': '6354,00'}, {'data': '05/04/2024', 'descricao': 'PAG DARF 5442 - OCEANICA ENGENHARIA E CONSULTORIA', 'valor': '5008,24'}, {'data': '05/04/2024', 'descricao': 'PAG DARF 5434 - OCEANICA ENGENHARIA E CONSULTORIA', 'valor': '1087,32'}, {'data': '15/04/2024', 'descricao': 'TRANSFERÊNCIA A CRÉDITO VIA PIX - OCEANICA ENGENHARIA E CONSULTORIA S.A.', 'valor': '14000000,00'}, {'data': '15/04/2024', 'descricao': 'LIQ CAMBIO', 'valor': '37632,1'}, {'data': '15/04/2024', 'descricao': 'LIQ CAMBIO', 'valor': '6899,61'}, {'data': '15/04/2024', 'descricao': 'LIQ CAMBIO', 'valor': '31834,55'}, {'data': '15/04/2024', 'descricao': 'LIQ CAMBIO', 'valor': '184838,75'}, {'data': '15/04/2024', 'descricao': 'LIQ CAMBIO', 'valor': '72291,99'}, {'data': '15/04/2024', 'descricao': 'LIQ CAMBIO', 'valor': '1967,79'}, {'data': '15/04/2024', 'descricao': 'LIQ CAMBIO', 'valor': '786114,52'}, {'data': '15/04/2024', 'descricao': 'LIQ CAMBIO', 'valor': '6285,02'}, {'data': '15/04/2024', 'descricao': 'LIQ CAMBIO', 'valor': '2164,33'}, {'data': '15/04/2024', 'descricao': 'LIQ CAMBIO', 'valor': '14039,63'}, {'data': '15/04/2024', 'descricao': 'LIQ CAMBIO', 'valor': '28679,11'}, {'data': '15/04/2024', 'descricao': 'LIQ CAMBIO', 'valor': '13915,43'}, {'data': '15/04/2024', 'descricao': 'LIQ CAMBIO', 'valor': '139641,68'}, {'data': '15/04/2024', 'descricao': 'LIQ CAMBIO', 'valor': '1664704,98'}, {'data': '15/04/2024', 'descricao': 'LIQ CAMBIO', 'valor': '12977,65'}, {'data': '15/04/2024', 'descricao': 'LIQ CAMBIO', 'valor': '7172,28'}, {'data': '15/04/2024', 'descricao': 'LIQ CAMBIO', 'valor': '18717,3'}, {'data': '15/04/2024', 'descricao': 'LIQ CAMBIO', 'valor': '31570,56'}, {'data': '15/04/2024', 'descricao': 'LIQ CAMBIO', 'valor': '60682,5'}, {'data': '15/04/2024', 'descricao': 'LIQ CAMBIO', 'valor': '4526,26'}, {'data': '15/04/2024', 'descricao': 'LIQ CAMBIO', 'valor': '7503,59'}, {'data': '15/04/2024', 'descricao': 'LIQ CAMBIO', 'valor': '5375,19'}, {'data': '15/04/2024', 'descricao': 'LIQ CAMBIO', 'valor': '15785,28'}, {'data': '15/04/2024', 'descricao': 'LIQ CAMBIO', 'valor': '85760,74'}, {'data': '15/04/2024', 'descricao': 'LIQ CAMBIO', 'valor': '15785,28'}, {'data': '18/04/2024', 'descricao': 'LIQ CAMBIO', 'valor': '173672,16'}, {'data': '18/04/2024', 'descricao': 'LIQ CAMBIO', 'valor': '4695,33'}, {'data': '18/04/2024', 'descricao': 'LIQ CAMBIO', 'valor': '98607,12'}, {'data': '18/04/2024', 'descricao': 'LIQ CAMBIO', 'valor': '2755,08'}, {'data': '18/04/2024', 'descricao': 'LIQ CAMBIO', 'valor': '15712,76'}, {'data': '18/04/2024', 'descricao': 'LIQ CAMBIO', 'valor': '8460,9'}, {'data': '18/04/2024', 'descricao': 'LIQ CAMBIO', 'valor': '17523,57'}, {'data': '18/04/2024', 'descricao': 'LIQ CAMBIO', 'valor': '13062,5'}, {'data': '18/04/2024', 'descricao': 'LIQ CAMBIO', 'valor': '7529,86'}, {'data': '18/04/2024', 'descricao': 'LIQ CAMBIO', 'valor': '3156,56'}, {'data': '18/04/2024', 'descricao': 'LIQ CAMBIO', 'valor': '3639,67'}, {'data': '18/04/2024', 'descricao': 'LIQ CAMBIO', 'valor': '184916,27'}, {'data': '18/04/2024', 'descricao': 'LIQ CAMBIO', 'valor': '357,52'}, {'data': '18/04/2024', 'descricao': 'LIQ CAMBIO', 'valor': '3833,06'}, {'data': '18/04/2024', 'descricao': 'LIQ CAMBIO', 'valor': '15513,47'}, {'data': '18/04/2024', 'descricao': 'LIQ CAMBIO', 'valor': '568,24'}, {'data': '18/04/2024', 'descricao': 'LIQ CAMBIO', 'valor': '44390,24'}, {'data': '18/04/2024', 'descricao': 'LIQ CAMBIO', 'valor': '789,93'}, {'data': '18/04/2024', 'descricao': 'LIQ CAMBIO', 'valor': '35123,93'}, {'data': '18/04/2024', 'descricao': 'LIQ CAMBIO', 'valor': '1039,51'}, {'data': '18/04/2024', 'descricao': 'LIQ CAMBIO', 'valor': '186170,88'}, {'data': '18/04/2024', 'descricao': 'LIQ CAMBIO', 'valor': '4790,03'}, {'data': '18/04/2024', 'descricao': 'LIQ CAMBIO', 'valor': '517,01'}, {'data': '18/04/2024', 'descricao': 'LIQ CAMBIO', 'valor': '117558,23'}, {'data': '18/04/2024', 'descricao': 'LIQ CAMBIO', 'valor': '4,96'}, {'data': '18/04/2024', 'descricao': 'LIQ CAMBIO', 'valor': '1240,88'}, {'data': '18/04/2024', 'descricao': 'LIQ CAMBIO', 'valor': '10472,54'}, {'data': '18/04/2024', 'descricao': 'LIQ CAMBIO', 'valor': '6981,69'}, {'data': '18/04/2024', 'descricao': 'LIQ CAMBIO', 'valor': '19484,88'}, {'data': '18/04/2024', 'descricao': 'LIQ CAMBIO', 'valor': '59116,89'}, {'data': '18/04/2024', 'descricao': 'LIQ CAMBIO', 'valor': '48739,88'}, {'data': '18/04/2024', 'descricao': 'LIQ CAMBIO', 'valor': '1751,34'}, {'data': '18/04/2024', 'descricao': 'LIQ CAMBIO', 'valor': '31211,4'}, {'data': '18/04/2024', 'descricao': 'LIQ CAMBIO', 'valor': '115,5'}, {'data': '18/04/2024', 'descricao': 'LIQ CAMBIO', 'valor': '186,31'}, {'data': '18/04/2024', 'descricao': 'LIQ CAMBIO', 'valor': '46209,7'}, {'data': '18/04/2024', 'descricao': 'LIQ CAMBIO', 'valor': '72,98'}, {'data': '18/04/2024', 'descricao': 'IOF S/CAMBIO', 'valor': '210,27'}, {'data': '18/04/2024', 'descricao': 'LIQ CAMBIO', 'valor': '9166,55'}, {'data': '18/04/2024', 'descricao': 'LIQ CAMBIO', 'valor': '23892,04'}, {'data': '18/04/2024', 'descricao': 'LIQ CAMBIO', 'valor': '833,5'}, {'data': '18/04/2024', 'descricao': 'LIQ CAMBIO', 'valor': '30787,91'}, {'data': '18/04/2024', 'descricao': 'LIQ CAMBIO', 'valor': '173968,76'}, {'data': '18/04/2024', 'descricao': 'LIQ CAMBIO', 'valor': '3880,69'}, {'data': '18/04/2024', 'descricao': 'LIQ CAMBIO', 'valor': '7600,73'}, {'data': '18/04/2024', 'descricao': 'LIQ CAMBIO', 'valor': '13767,46'}, {'data': '18/04/2024', 'descricao': 'LIQ CAMBIO', 'valor': '41382,97'}, {'data': '18/04/2024', 'descricao': 'LIQ CAMBIO', 'valor': '1019,55'}, {'data': '18/04/2024', 'descricao': 'LIQ CAMBIO', 'valor': '13196,11'}, {'data': '18/04/2024', 'descricao': 'LIQ CAMBIO', 'valor': '1092,43'}, {'data': '18/04/2024', 'descricao': 'LIQ CAMBIO', 'valor': '39553,53'}, {'data': '18/04/2024', 'descricao': 'LIQ CAMBIO', 'valor': '7600,73'}, {'data': '18/04/2024', 'descricao': 'LIQ CAMBIO', 'valor': '58,99'}, {'data': '18/04/2024', 'descricao': 'LIQ CAMBIO', 'valor': '6683,05'}, {'data': '18/04/2024', 'descricao': 'LIQ CAMBIO', 'valor': '39457,78'}, {'data': '18/04/2024', 'descricao': 'LIQ CAMBIO', 'valor': '12098,3'}, {'data': '18/04/2024', 'descricao': 'LIQ CAMBIO', 'valor': '31,69'}, {'data': '18/04/2024', 'descricao': 'LIQ CAMBIO', 'valor': '28122,49'}, {'data': '18/04/2024', 'descricao': 'LIQ CAMBIO', 'valor': '16266,59'}, {'data': '18/04/2024', 'descricao': 'LIQ CAMBIO', 'valor': '29753,15'}, {'data': '18/04/2024', 'descricao': 'LIQ CAMBIO', 'valor': '28122,49'}, {'data': '18/04/2024', 'descricao': 'LIQ CAMBIO', 'valor': '261,25'}, {'data': '18/04/2024', 'descricao': 'LIQ CAMBIO', 'valor': '9584,33'}, {'data': '18/04/2024', 'descricao': 'LIQ CAMBIO', 'valor': '149,19'}, {'data': '18/04/2024', 'descricao': 'LIQ CAMBIO', 'valor': '55335,43'}, {'data': '18/04/2024', 'descricao': 'LIQ CAMBIO', 'valor': '9447,08'}, {'data': '18/04/2024', 'descricao': 'LIQ CAMBIO', 'valor': '1012,84'}, {'data': '18/04/2024', 'descricao': 'IOF S/CAMBIO', 'valor': '143,18'}, {'data': '18/04/2024', 'descricao': 'IOF S/CAMBIO', 'valor': '158,45'}, {'data': '18/04/2024', 'descricao': 'LIQ CAMBIO', 'valor': '37679,25'}, {'data': '18/04/2024', 'descricao': 'LIQ CAMBIO', 'valor': '41698,14'}, {'data': '18/04/2024', 'descricao': 'IOF S/CAMBIO', 'valor': '171,72'}, {'data': '18/04/2024', 'descricao': 'IOF S/CAMBIO', 'valor': '21,06'}, {'data': '18/04/2024', 'descricao': 'LIQ CAMBIO', 'valor': '45189,68'}, {'data': '18/04/2024', 'descricao': 'LIQ CAMBIO', 'valor': '5542,73'}, {'data': '18/04/2024', 'descricao': 'IOF S/CAMBIO', 'valor': '136,81'}, {'data': '18/04/2024', 'descricao': 'IOF S/CAMBIO', 'valor': '36,00'}, {'data': '18/04/2024', 'descricao': 'IOF S/CAMBIO', 'valor': '55,81'}, {'data': '18/04/2024', 'descricao': 'LIQ CAMBIO', 'valor': '36003,85'}, {'data': '18/04/2024', 'descricao': 'LIQ CAMBIO', 'valor': '14685,77'}, {'data': '18/04/2024', 'descricao': 'LIQ CAMBIO', 'valor': '9474,69'}, {'data': '18/04/2024', 'descricao': 'IOF S/CAMBIO', 'valor': '204,21'}, {'data': '18/04/2024', 'descricao': 'LIQ CAMBIO', 'valor': '53740,67'}, {'data': '18/04/2024', 'descricao': 'IOF S/CAMBIO', 'valor': '100,81'}, {'data': '18/04/2024', 'descricao': 'IOF S/CAMBIO', 'valor': '47,34'}, {'data': '18/04/2024', 'descricao': 'IOF S/CAMBIO', 'valor': '6,02'}, {'data': '18/04/2024', 'descricao': 'LIQ CAMBIO', 'valor': '26529,16'}, {'data': '18/04/2024', 'descricao': 'LIQ CAMBIO', 'valor': '12456,88'}, {'data': '18/04/2024', 'descricao': 'LIQ CAMBIO', 'valor': '1584,62'}, {'data': '18/04/2024', 'descricao': 'IOF S/CAMBIO', 'valor': '99,94'}, {'data': '18/04/2024', 'descricao': 'LIQ CAMBIO', 'valor': '26300,22'}, {'data': '18/04/2024', 'descricao': 'IOF S/CAMBIO', 'valor': '87,38'}, {'data': '18/04/2024', 'descricao': 'IOF S/CAMBIO', 'valor': '67,18'}, {'data': '18/04/2024', 'descricao': 'LIQ CAMBIO', 'valor': '22993,47'}, {'data': '18/04/2024', 'descricao': 'LIQ CAMBIO', 'valor': '17678,36'}, {'data': '18/04/2024', 'descricao': 'IOF S/CAMBIO', 'valor': '126,41'}, {'data': '18/04/2024', 'descricao': 'IOF S/CAMBIO', 'valor': '122,98'}, {'data': '18/04/2024', 'descricao': 'LIQ CAMBIO', 'valor': '33265,39'}, {'data': '18/04/2024', 'descricao': 'LIQ CAMBIO', 'valor': '32364,13'}, {'data': '18/04/2024', 'descricao': 'PAG DARF 0473 - OCEANICA ENGENHARIA E CONSULTORIA', 'valor': '78222,56'}, {'data': '18/04/2024', 'descricao': 'PAG DARF 5434 - OCEANICA ENGENHARIA E CONSULTORIA', 'valor': '8923,79'}, {'data': '18/04/2024', 'descricao': 'PAG DARF 8741 - OCEANICA ENGENHARIA E CONSULTORIA', 'valor': '52148,38'}, {'data': '18/04/2024', 'descricao': 'PAG DARF 5442 - OCEANICA ENGENHARIA E CONSULTORIA', 'valor': '41103,5'}, {'data': '19/04/2024', 'descricao': 'IOF S/CAMBIO', 'valor': '202,46'}, {'data': '19/04/2024', 'descricao': 'IOF S/CAMBIO', 'valor': '137,04'}, {'data': '19/04/2024', 'descricao': 'IOF S/CAMBIO', 'valor': '551,07'}, {'data': '19/04/2024', 'descricao': 'LIQ CAMBIO', 'valor': '53277,75'}, {'data': '19/04/2024', 'descricao': 'LIQ CAMBIO', 'valor': '36064,06'}, {'data': '19/04/2024', 'descricao': 'LIQ CAMBIO', 'valor': '145018,77'}, {'data': '19/04/2024', 'descricao': 'IOF S/CAMBIO', 'valor': '202,46'}, {'data': '19/04/2024', 'descricao': 'LIQ CAMBIO', 'valor': '53277,75'}, {'data': '19/04/2024', 'descricao': 'PAG DARF 0473 - OCEANICA ENGENHARIA E CONSULTORIA', 'valor': '53932,19'}, {'data': '19/04/2024', 'descricao': 'PAG DARF 5442 - OCEANICA ENGENHARIA E CONSULTORIA', 'valor': '28339,67'}, {'data': '19/04/2024', 'descricao': 'PAG DARF 5434 - OCEANICA ENGENHARIA E CONSULTORIA', 'valor': '6152,69'}, {'data': '19/04/2024', 'descricao': 'PAG DARF 8741 - OCEANICA ENGENHARIA E CONSULTORIA', 'valor': '35954,79'}, {'data': '25/04/2024', 'descricao': 'LIQ CAMBIO', 'valor': '441482,69'}, {'data': '25/04/2024', 'descricao': 'LIQ CAMBIO', 'valor': '91772,54'}, {'data': '25/04/2024', 'descricao': 'LIQ CAMBIO', 'valor': '87364,75'}, {'data': '25/04/2024', 'descricao': 'LIQ CAMBIO', 'valor': '90846,23'}, {'data': '25/04/2024', 'descricao': 'LIQ CAMBIO', 'valor': '2721,69'}, {'data': '25/04/2024', 'descricao': 'LIQ CAMBIO', 'valor': '59354,22'}, {'data': '25/04/2024', 'descricao': 'LIQ CAMBIO', 'valor': '61329,14'}, {'data': '25/04/2024', 'descricao': 'LIQ CAMBIO', 'valor': '5166,27'}, {'data': '25/04/2024', 'descricao': 'LIQ CAMBIO', 'valor': '6771,86'}, {'data': '25/04/2024', 'descricao': 'LIQ CAMBIO', 'valor': '4083,89'}, {'data': '25/04/2024', 'descricao': 'LIQ CAMBIO', 'valor': '96274,00'}, {'data': '25/04/2024', 'descricao': 'LIQ CAMBIO', 'valor': '80427,56'}, {'data': '25/04/2024', 'descricao': 'LIQ CAMBIO', 'valor': '60564,15'}, {'data': '25/04/2024', 'descricao': 'LIQ CAMBIO', 'valor': '233997,86'}, {'data': '25/04/2024', 'descricao': 'LIQ CAMBIO', 'valor': '20868,51'}, {'data': '25/04/2024', 'descricao': 'LIQ CAMBIO', 'valor': '7829,42'}, {'data': '25/04/2024', 'descricao': 'LIQ CAMBIO', 'valor': '13580,36'}, {'data': '25/04/2024', 'descricao': 'LIQ CAMBIO', 'valor': '6422,15'}, {'data': '25/04/2024', 'descricao': 'LIQ CAMBIO', 'valor': '1731,27'}, {'data': '25/04/2024', 'descricao': 'LIQ CAMBIO', 'valor': '239448,17'}, {'data': '25/04/2024', 'descricao': 'LIQ CAMBIO', 'valor': '3250,21'}, {'data': '29/04/2024', 'descricao': 'IOF S/CAMBIO', 'valor': '19551,00'}, {'data': '29/04/2024', 'descricao': 'LIQ CAMBIO', 'valor': '5145000,00'}, {'data': '29/04/2024', 'descricao': 'DÉBITO EM C/C VIA CIP - OCEANICA ENGENHARIA E CONSULTORIA SA', 'valor': '1000000,00'}, {'data': '30/04/2024', 'descricao': 'TRANSFERÊNCIA A CRÉDITO VIA PIX - OCEANICA ENGENHARIA E CONSULTORIA S.A.', 'valor': '10000000,00'}, {'data': '30/04/2024', 'descricao': 'Saldo Final + Rendimento Provisionado de Saldo Remunerado', 'valor': ',00'}, {'data': 'Total de Créditos', 'descricao': 'nan', 'valor': '24500000,00'}, {'data': 'Total de Débitos', 'descricao': 'nan', 'valor': '14351285,52'}]
2024-05-21 13:00:24.571Z;functions.excel.2331:  imposto_list [{'data': '03/04/2024', 'descricao': 'IOF S/CAMBIO', 'valor': '151,94', 'imposto': 'IOF'}, {'data': '03/04/2024', 'descricao': 'IOF S/CAMBIO', 'valor': '77,12', 'imposto': 'IOF'}, {'data': '03/04/2024', 'descricao': 'IOF S/CAMBIO', 'valor': '1036,87', 'imposto': 'IOF'}, {'data': '03/04/2024', 'descricao': 'IOF S/CAMBIO', 'valor': '103,38', 'imposto': 'IOF'}, {'data': '05/04/2024', 'descricao': 'IOF S/CAMBIO', 'valor': '193,16', 'imposto': 'IOF'}, {'data': '05/04/2024', 'descricao': 'PAG DARF 0473 - OCEANICA ENGENHARIA E CONSULTORIA', 'valor': '9531,00', 'cod_impo': '0473', 'imposto': 'IR'}, {'data': '05/04/2024', 'descricao': 'PAG DARF 8741 - OCEANICA ENGENHARIA E CONSULTORIA', 'valor': '6354,00', 'cod_impo': '8741', 'imposto': 'CIDE'}, {'data': '05/04/2024', 'descricao': 'PAG DARF 5442 - OCEANICA ENGENHARIA E CONSULTORIA', 'valor': '5008,24', 'cod_impo': '5442', 'imposto': 'COFINS'}, {'data': '05/04/2024', 'descricao': 'PAG DARF 5434 - OCEANICA ENGENHARIA E CONSULTORIA', 'valor': '1087,32', 'cod_impo': '5434', 'imposto': 'PIS'}, {'data': '18/04/2024', 'descricao': 'IOF S/CAMBIO', 'valor': '210,27', 'imposto': 'IOF'}, {'data': '18/04/2024', 'descricao': 'IOF S/CAMBIO', 'valor': '143,18', 'imposto': 'IOF'}, {'data': '18/04/2024', 'descricao': 'IOF S/CAMBIO', 'valor': '158,45', 'imposto': 'IOF'}, {'data': '18/04/2024', 'descricao': 'IOF S/CAMBIO', 'valor': '171,72', 'imposto': 'IOF'}, {'data': '18/04/2024', 'descricao': 'IOF S/CAMBIO', 'valor': '21,06', 'imposto': 'IOF'}, {'data': '18/04/2024', 'descricao': 'IOF S/CAMBIO', 'valor': '136,81', 'imposto': 'IOF'}, {'data': '18/04/2024', 'descricao': 'IOF S/CAMBIO', 'valor': '36,00', 'imposto': 'IOF'}, {'data': '18/04/2024', 'descricao': 'IOF S/CAMBIO', 'valor': '55,81', 'imposto': 'IOF'}, {'data': '18/04/2024', 'descricao': 'IOF S/CAMBIO', 'valor': '204,21', 'imposto': 'IOF'}, {'data': '18/04/2024', 'descricao': 'IOF S/CAMBIO', 'valor': '100,81', 'imposto': 'IOF'}, {'data': '18/04/2024', 'descricao': 'IOF S/CAMBIO', 'valor': '47,34', 'imposto': 'IOF'}, {'data': '18/04/2024', 'descricao': 'IOF S/CAMBIO', 'valor': '6,02', 'imposto': 'IOF'}, {'data': '18/04/2024', 'descricao': 'IOF S/CAMBIO', 'valor': '99,94', 'imposto': 'IOF'}, {'data': '18/04/2024', 'descricao': 'IOF S/CAMBIO', 'valor': '87,38', 'imposto': 'IOF'}, {'data': '18/04/2024', 'descricao': 'IOF S/CAMBIO', 'valor': '67,18', 'imposto': 'IOF'}, {'data': '18/04/2024', 'descricao': 'IOF S/CAMBIO', 'valor': '126,41', 'imposto': 'IOF'}, {'data': '18/04/2024', 'descricao': 'IOF S/CAMBIO', 'valor': '122,98', 'imposto': 'IOF'}, {'data': '18/04/2024', 'descricao': 'PAG DARF 0473 - OCEANICA ENGENHARIA E CONSULTORIA', 'valor': '78222,56', 'cod_impo': '0473', 'imposto': 'IR'}, {'data': '18/04/2024', 'descricao': 'PAG DARF 5434 - OCEANICA ENGENHARIA E CONSULTORIA', 'valor': '8923,79', 'cod_impo': '5434', 'imposto': 'PIS'}, {'data': '18/04/2024', 'descricao': 'PAG DARF 8741 - OCEANICA ENGENHARIA E CONSULTORIA', 'valor': '52148,38', 'cod_impo': '8741', 'imposto': 'CIDE'}, {'data': '18/04/2024', 'descricao': 'PAG DARF 5442 - OCEANICA ENGENHARIA E CONSULTORIA', 'valor': '41103,5', 'cod_impo': '5442', 'imposto': 'COFINS'}, {'data': '19/04/2024', 'descricao': 'IOF S/CAMBIO', 'valor': '202,46', 'imposto': 'IOF'}, {'data': '19/04/2024', 'descricao': 'IOF S/CAMBIO', 'valor': '137,04', 'imposto': 'IOF'}, {'data': '19/04/2024', 'descricao': 'IOF S/CAMBIO', 'valor': '551,07', 'imposto': 'IOF'}, {'data': '19/04/2024', 'descricao': 'IOF S/CAMBIO', 'valor': '202,46', 'imposto': 'IOF'}, {'data': '19/04/2024', 'descricao': 'PAG DARF 0473 - OCEANICA ENGENHARIA E CONSULTORIA', 'valor': '53932,19', 'cod_impo': '0473', 'imposto': 'IR'}, {'data': '19/04/2024', 'descricao': 'PAG DARF 5442 - OCEANICA ENGENHARIA E CONSULTORIA', 'valor': '28339,67', 'cod_impo': '5442', 'imposto': 'COFINS'}, {'data': '19/04/2024', 'descricao': 'PAG DARF 5434 - OCEANICA ENGENHARIA E CONSULTORIA', 'valor': '6152,69', 'cod_impo': '5434', 'imposto': 'PIS'}, {'data': '19/04/2024', 'descricao': 'PAG DARF 8741 - OCEANICA ENGENHARIA E CONSULTORIA', 'valor': '35954,79', 'cod_impo': '8741', 'imposto': 'CIDE'}, {'data': '29/04/2024', 'descricao': 'IOF S/CAMBIO', 'valor': '19551,00', 'imposto': 'IOF'}]
2024-05-21 13:00:24.574Z;functions.excel.2332:  liq_cambio_list [{'data': '03/04/2024', 'descricao': 'LIQ CAMBIO', 'valor': '39985,49'}, {'data': '03/04/2024', 'descricao': 'LIQ CAMBIO', 'valor': '20294,84'}, {'data': '03/04/2024', 'descricao': 'LIQ CAMBIO', 'valor': '272861,32'}, {'data': '03/04/2024', 'descricao': 'LIQ CAMBIO', 'valor': '27205,99'}, {'data': '05/04/2024', 'descricao': 'LIQ CAMBIO', 'valor': '15121,63'}, {'data': '05/04/2024', 'descricao': 'LIQ CAMBIO', 'valor': '18384,92'}, {'data': '05/04/2024', 'descricao': 'LIQ CAMBIO', 'valor': '25161,34'}, {'data': '05/04/2024', 'descricao': 'LIQ CAMBIO', 'valor': '50831,00'}, {'data': '15/04/2024', 'descricao': 'LIQ CAMBIO', 'valor': '37632,1'}, {'data': '15/04/2024', 'descricao': 'LIQ CAMBIO', 'valor': '6899,61'}, {'data': '15/04/2024', 'descricao': 'LIQ CAMBIO', 'valor': '31834,55'}, {'data': '15/04/2024', 'descricao': 'LIQ CAMBIO', 'valor': '184838,75'}, {'data': '15/04/2024', 'descricao': 'LIQ CAMBIO', 'valor': '72291,99'}, {'data': '15/04/2024', 'descricao': 'LIQ CAMBIO', 'valor': '1967,79'}, {'data': '15/04/2024', 'descricao': 'LIQ CAMBIO', 'valor': '786114,52'}, {'data': '15/04/2024', 'descricao': 'LIQ CAMBIO', 'valor': '6285,02'}, {'data': '15/04/2024', 'descricao': 'LIQ CAMBIO', 'valor': '2164,33'}, {'data': '15/04/2024', 'descricao': 'LIQ CAMBIO', 'valor': '14039,63'}, {'data': '15/04/2024', 'descricao': 'LIQ CAMBIO', 'valor': '28679,11'}, {'data': '15/04/2024', 'descricao': 'LIQ CAMBIO', 'valor': '13915,43'}, {'data': '15/04/2024', 'descricao': 'LIQ CAMBIO', 'valor': '139641,68'}, {'data': '15/04/2024', 'descricao': 'LIQ CAMBIO', 'valor': '1664704,98'}, {'data': '15/04/2024', 'descricao': 'LIQ CAMBIO', 'valor': '12977,65'}, {'data': '15/04/2024', 'descricao': 'LIQ CAMBIO', 'valor': '7172,28'}, {'data': '15/04/2024', 'descricao': 'LIQ CAMBIO', 'valor': '18717,3'}, {'data': '15/04/2024', 'descricao': 'LIQ CAMBIO', 'valor': '31570,56'}, {'data': '15/04/2024', 'descricao': 'LIQ CAMBIO', 'valor': '60682,5'}, {'data': '15/04/2024', 'descricao': 'LIQ CAMBIO', 'valor': '4526,26'}, {'data': '15/04/2024', 'descricao': 'LIQ CAMBIO', 'valor': '7503,59'}, {'data': '15/04/2024', 'descricao': 'LIQ CAMBIO', 'valor': '5375,19'}, {'data': '15/04/2024', 'descricao': 'LIQ CAMBIO', 'valor': '15785,28'}, {'data': '15/04/2024', 'descricao': 'LIQ CAMBIO', 'valor': '85760,74'}, {'data': '15/04/2024', 'descricao': 'LIQ CAMBIO', 'valor': '15785,28'}, {'data': '18/04/2024', 'descricao': 'LIQ CAMBIO', 'valor': '173672,16'}, {'data': '18/04/2024', 'descricao': 'LIQ CAMBIO', 'valor': '4695,33'}, {'data': '18/04/2024', 'descricao': 'LIQ CAMBIO', 'valor': '98607,12'}, {'data': '18/04/2024', 'descricao': 'LIQ CAMBIO', 'valor': '2755,08'}, {'data': '18/04/2024', 'descricao': 'LIQ CAMBIO', 'valor': '15712,76'}, {'data': '18/04/2024', 'descricao': 'LIQ CAMBIO', 'valor': '8460,9'}, {'data': '18/04/2024', 'descricao': 'LIQ CAMBIO', 'valor': '17523,57'}, {'data': '18/04/2024', 'descricao': 'LIQ CAMBIO', 'valor': '13062,5'}, {'data': '18/04/2024', 'descricao': 'LIQ CAMBIO', 'valor': '7529,86'}, {'data': '18/04/2024', 'descricao': 'LIQ CAMBIO', 'valor': '3156,56'}, {'data': '18/04/2024', 'descricao': 'LIQ CAMBIO', 'valor': '3639,67'}, {'data': '18/04/2024', 'descricao': 'LIQ CAMBIO', 'valor': '184916,27'}, {'data': '18/04/2024', 'descricao': 'LIQ CAMBIO', 'valor': '357,52'}, {'data': '18/04/2024', 'descricao': 'LIQ CAMBIO', 'valor': '3833,06'}, {'data': '18/04/2024', 'descricao': 'LIQ CAMBIO', 'valor': '15513,47'}, {'data': '18/04/2024', 'descricao': 'LIQ CAMBIO', 'valor': '568,24'}, {'data': '18/04/2024', 'descricao': 'LIQ CAMBIO', 'valor': '44390,24'}, {'data': '18/04/2024', 'descricao': 'LIQ CAMBIO', 'valor': '789,93'}, {'data': '18/04/2024', 'descricao': 'LIQ CAMBIO', 'valor': '35123,93'}, {'data': '18/04/2024', 'descricao': 'LIQ CAMBIO', 'valor': '1039,51'}, {'data': '18/04/2024', 'descricao': 'LIQ CAMBIO', 'valor': '186170,88'}, {'data': '18/04/2024', 'descricao': 'LIQ CAMBIO', 'valor': '4790,03'}, {'data': '18/04/2024', 'descricao': 'LIQ CAMBIO', 'valor': '517,01'}, {'data': '18/04/2024', 'descricao': 'LIQ CAMBIO', 'valor': '117558,23'}, {'data': '18/04/2024', 'descricao': 'LIQ CAMBIO', 'valor': '4,96'}, {'data': '18/04/2024', 'descricao': 'LIQ CAMBIO', 'valor': '1240,88'}, {'data': '18/04/2024', 'descricao': 'LIQ CAMBIO', 'valor': '10472,54'}, {'data': '18/04/2024', 'descricao': 'LIQ CAMBIO', 'valor': '6981,69'}, {'data': '18/04/2024', 'descricao': 'LIQ CAMBIO', 'valor': '19484,88'}, {'data': '18/04/2024', 'descricao': 'LIQ CAMBIO', 'valor': '59116,89'}, {'data': '18/04/2024', 'descricao': 'LIQ CAMBIO', 'valor': '48739,88'}, {'data': '18/04/2024', 'descricao': 'LIQ CAMBIO', 'valor': '1751,34'}, {'data': '18/04/2024', 'descricao': 'LIQ CAMBIO', 'valor': '31211,4'}, {'data': '18/04/2024', 'descricao': 'LIQ CAMBIO', 'valor': '115,5'}, {'data': '18/04/2024', 'descricao': 'LIQ CAMBIO', 'valor': '186,31'}, {'data': '18/04/2024', 'descricao': 'LIQ CAMBIO', 'valor': '46209,7'}, {'data': '18/04/2024', 'descricao': 'LIQ CAMBIO', 'valor': '72,98'}, {'data': '18/04/2024', 'descricao': 'LIQ CAMBIO', 'valor': '9166,55'}, {'data': '18/04/2024', 'descricao': 'LIQ CAMBIO', 'valor': '23892,04'}, {'data': '18/04/2024', 'descricao': 'LIQ CAMBIO', 'valor': '833,5'}, {'data': '18/04/2024', 'descricao': 'LIQ CAMBIO', 'valor': '30787,91'}, {'data': '18/04/2024', 'descricao': 'LIQ CAMBIO', 'valor': '173968,76'}, {'data': '18/04/2024', 'descricao': 'LIQ CAMBIO', 'valor': '3880,69'}, {'data': '18/04/2024', 'descricao': 'LIQ CAMBIO', 'valor': '7600,73'}, {'data': '18/04/2024', 'descricao': 'LIQ CAMBIO', 'valor': '13767,46'}, {'data': '18/04/2024', 'descricao': 'LIQ CAMBIO', 'valor': '41382,97'}, {'data': '18/04/2024', 'descricao': 'LIQ CAMBIO', 'valor': '1019,55'}, {'data': '18/04/2024', 'descricao': 'LIQ CAMBIO', 'valor': '13196,11'}, {'data': '18/04/2024', 'descricao': 'LIQ CAMBIO', 'valor': '1092,43'}, {'data': '18/04/2024', 'descricao': 'LIQ CAMBIO', 'valor': '39553,53'}, {'data': '18/04/2024', 'descricao': 'LIQ CAMBIO', 'valor': '7600,73'}, {'data': '18/04/2024', 'descricao': 'LIQ CAMBIO', 'valor': '58,99'}, {'data': '18/04/2024', 'descricao': 'LIQ CAMBIO', 'valor': '6683,05'}, {'data': '18/04/2024', 'descricao': 'LIQ CAMBIO', 'valor': '39457,78'}, {'data': '18/04/2024', 'descricao': 'LIQ CAMBIO', 'valor': '12098,3'}, {'data': '18/04/2024', 'descricao': 'LIQ CAMBIO', 'valor': '31,69'}, {'data': '18/04/2024', 'descricao': 'LIQ CAMBIO', 'valor': '28122,49'}, {'data': '18/04/2024', 'descricao': 'LIQ CAMBIO', 'valor': '16266,59'}, {'data': '18/04/2024', 'descricao': 'LIQ CAMBIO', 'valor': '29753,15'}, {'data': '18/04/2024', 'descricao': 'LIQ CAMBIO', 'valor': '28122,49'}, {'data': '18/04/2024', 'descricao': 'LIQ CAMBIO', 'valor': '261,25'}, {'data': '18/04/2024', 'descricao': 'LIQ CAMBIO', 'valor': '9584,33'}, {'data': '18/04/2024', 'descricao': 'LIQ CAMBIO', 'valor': '149,19'}, {'data': '18/04/2024', 'descricao': 'LIQ CAMBIO', 'valor': '55335,43'}, {'data': '18/04/2024', 'descricao': 'LIQ CAMBIO', 'valor': '9447,08'}, {'data': '18/04/2024', 'descricao': 'LIQ CAMBIO', 'valor': '1012,84'}, {'data': '18/04/2024', 'descricao': 'LIQ CAMBIO', 'valor': '37679,25'}, {'data': '18/04/2024', 'descricao': 'LIQ CAMBIO', 'valor': '41698,14'}, {'data': '18/04/2024', 'descricao': 'LIQ CAMBIO', 'valor': '45189,68'}, {'data': '18/04/2024', 'descricao': 'LIQ CAMBIO', 'valor': '5542,73'}, {'data': '18/04/2024', 'descricao': 'LIQ CAMBIO', 'valor': '36003,85'}, {'data': '18/04/2024', 'descricao': 'LIQ CAMBIO', 'valor': '14685,77'}, {'data': '18/04/2024', 'descricao': 'LIQ CAMBIO', 'valor': '9474,69'}, {'data': '18/04/2024', 'descricao': 'LIQ CAMBIO', 'valor': '53740,67'}, {'data': '18/04/2024', 'descricao': 'LIQ CAMBIO', 'valor': '26529,16'}, {'data': '18/04/2024', 'descricao': 'LIQ CAMBIO', 'valor': '12456,88'}, {'data': '18/04/2024', 'descricao': 'LIQ CAMBIO', 'valor': '1584,62'}, {'data': '18/04/2024', 'descricao': 'LIQ CAMBIO', 'valor': '26300,22'}, {'data': '18/04/2024', 'descricao': 'LIQ CAMBIO', 'valor': '22993,47'}, {'data': '18/04/2024', 'descricao': 'LIQ CAMBIO', 'valor': '17678,36'}, {'data': '18/04/2024', 'descricao': 'LIQ CAMBIO', 'valor': '33265,39'}, {'data': '18/04/2024', 'descricao': 'LIQ CAMBIO', 'valor': '32364,13'}, {'data': '19/04/2024', 'descricao': 'LIQ CAMBIO', 'valor': '53277,75'}, {'data': '19/04/2024', 'descricao': 'LIQ CAMBIO', 'valor': '36064,06'}, {'data': '19/04/2024', 'descricao': 'LIQ CAMBIO', 'valor': '145018,77'}, {'data': '19/04/2024', 'descricao': 'LIQ CAMBIO', 'valor': '53277,75'}, {'data': '25/04/2024', 'descricao': 'LIQ CAMBIO', 'valor': '441482,69'}, {'data': '25/04/2024', 'descricao': 'LIQ CAMBIO', 'valor': '91772,54'}, {'data': '25/04/2024', 'descricao': 'LIQ CAMBIO', 'valor': '87364,75'}, {'data': '25/04/2024', 'descricao': 'LIQ CAMBIO', 'valor': '90846,23'}, {'data': '25/04/2024', 'descricao': 'LIQ CAMBIO', 'valor': '2721,69'}, {'data': '25/04/2024', 'descricao': 'LIQ CAMBIO', 'valor': '59354,22'}, {'data': '25/04/2024', 'descricao': 'LIQ CAMBIO', 'valor': '61329,14'}, {'data': '25/04/2024', 'descricao': 'LIQ CAMBIO', 'valor': '5166,27'}, {'data': '25/04/2024', 'descricao': 'LIQ CAMBIO', 'valor': '6771,86'}, {'data': '25/04/2024', 'descricao': 'LIQ CAMBIO', 'valor': '4083,89'}, {'data': '25/04/2024', 'descricao': 'LIQ CAMBIO', 'valor': '96274,00'}, {'data': '25/04/2024', 'descricao': 'LIQ CAMBIO', 'valor': '80427,56'}, {'data': '25/04/2024', 'descricao': 'LIQ CAMBIO', 'valor': '60564,15'}, {'data': '25/04/2024', 'descricao': 'LIQ CAMBIO', 'valor': '233997,86'}, {'data': '25/04/2024', 'descricao': 'LIQ CAMBIO', 'valor': '20868,51'}, {'data': '25/04/2024', 'descricao': 'LIQ CAMBIO', 'valor': '7829,42'}, {'data': '25/04/2024', 'descricao': 'LIQ CAMBIO', 'valor': '13580,36'}, {'data': '25/04/2024', 'descricao': 'LIQ CAMBIO', 'valor': '6422,15'}, {'data': '25/04/2024', 'descricao': 'LIQ CAMBIO', 'valor': '1731,27'}, {'data': '25/04/2024', 'descricao': 'LIQ CAMBIO', 'valor': '239448,17'}, {'data': '25/04/2024', 'descricao': 'LIQ CAMBIO', 'valor': '3250,21'}, {'data': '29/04/2024', 'descricao': 'LIQ CAMBIO', 'valor': '5145000,00'}]
2024-05-21 13:00:24.579Z;functions.extrair_contrato.1955:  SERÃO TRATADOS 5 ARQUIVOS.
2024-05-21 13:00:24.580Z;functions.extrair_contrato.1957:  arquivos: ['C:\\\\Projetos\\\\Retornos\\\\Retorno_Baixa_Remessa_Moeda_Estrangeira\\\\PDF\\ARGUS_CONTRATO_ USD 1.374,00_R$ 7.172,28.pdf', 'C:\\\\Projetos\\\\Retornos\\\\Retorno_Baixa_Remessa_Moeda_Estrangeira\\\\PDF\\ARGUS_CONTRATO_ USD 3.024,00_R$ 15.785,28.pdf', 'C:\\\\Projetos\\\\Retornos\\\\Retorno_Baixa_Remessa_Moeda_Estrangeira\\\\PDF\\AXA_CONTRATO_USD 3.972,37_R$ 20.294,84.pdf', 'C:\\\\Projetos\\\\Retornos\\\\Retorno_Baixa_Remessa_Moeda_Estrangeira\\\\PDF\\AXA_CONTRATO_USD 5.325,11_R$ 27.205,99.pdf', 'C:\\\\Projetos\\\\Retornos\\\\Retorno_Baixa_Remessa_Moeda_Estrangeira\\\\PDF\\FORUM_CONTRATO_GBP 26.410,00_R$173.672,16.pdf']
2024-05-21 13:00:24.580Z;functions.extrair_contrato.1960:  Contrato: C:\\Projetos\\Retornos\\Retorno_Baixa_Remessa_Moeda_Estrangeira\\PDF\ARGUS_CONTRATO_ USD 1.374,00_R$ 7.172,28.pdf
2024-05-21 13:00:24.580Z;functions.extrair_contrato.1962:  nome ARGUS_CONTRATO_ USD 1.374,00_R$ 7.172,28.pdf
2024-05-21 13:00:31.654Z;functions.extrair_contrato.1981:  PDF COM IMAGEM
2024-05-21 13:00:31.654Z;functions.tranf_pdf_pdf.2723:  PDF copiado
2024-05-21 13:00:31.654Z;functions.tranf_pdf_pdf.2726:  nome ARGUS_CONTRATO_ USD 1.374,00_R$ 7.172,28
2024-05-21 13:00:33.041Z;functions.tranf_pdf_pdf.2751:  Imagens extraidas
2024-05-21 13:06:13.097Z;functions.tranf_pdf_pdf.2784:  Novo PDF com imagens salvo
